2026-01-30 09:44:18 INFO  FormUIValidationTest:40 - Config file loaded successfully
2026-01-30 09:44:18 INFO  FormUIValidationTest:53 - Test Suite Started
2026-01-30 09:44:18 INFO  ExtentReportUtility:54 - Extent Report initialized: Test-Report-2026.01.30.09.44.18.html
2026-01-30 09:44:22 INFO  ExtentReportUtility:16 - testHeadingAppearanceTest Started
2026-01-30 09:44:22 WARN  ExtentReportUtility:31 - Test Skipped: Test Skipped: testHeadingAppearance
2026-01-30 09:44:22 INFO  ExtentReportUtility:16 - testInputFieldsPresenceTest Started
2026-01-30 09:44:22 WARN  ExtentReportUtility:31 - Test Skipped: Test Skipped: testInputFieldsPresence
2026-01-30 09:44:22 INFO  ExtentReportUtility:16 - testFormSubmissionResultTest Started
2026-01-30 09:44:22 WARN  ExtentReportUtility:31 - Test Skipped: Test Skipped: testFormSubmissionResult
2026-01-30 09:44:24 INFO  ExtentReportUtility:16 - testInputFieldsWithValidDataTest Started
2026-01-30 09:44:24 WARN  ExtentReportUtility:31 - Test Skipped: Test Skipped: testInputFieldsWithValidData
2026-01-30 09:44:24 INFO  ExtentReportUtility:16 - testInputFieldsWithValidDataTest Started
2026-01-30 09:44:24 WARN  ExtentReportUtility:31 - Test Skipped: Test Skipped: testInputFieldsWithValidData
2026-01-30 09:44:24 INFO  ExtentReportUtility:16 - testInputFieldsWithValidDataTest Started
2026-01-30 09:44:24 WARN  ExtentReportUtility:31 - Test Skipped: Test Skipped: testInputFieldsWithValidData
2026-01-30 09:44:24 INFO  ExtentReportUtility:16 - testInputFieldsWithValidDataTest Started
2026-01-30 09:44:24 WARN  ExtentReportUtility:31 - Test Skipped: Test Skipped: testInputFieldsWithValidData
2026-01-30 09:44:24 INFO  ExtentReportUtility:16 - testInputFieldsWithValidDataTest Started
2026-01-30 09:44:24 WARN  ExtentReportUtility:31 - Test Skipped: Test Skipped: testInputFieldsWithValidData
2026-01-30 09:44:24 INFO  ExtentReportUtility:16 - testInputFieldsWithValidDataTest Started
2026-01-30 09:44:24 WARN  ExtentReportUtility:31 - Test Skipped: Test Skipped: testInputFieldsWithValidData
2026-01-30 09:44:24 INFO  ExtentReportUtility:16 - testInputFieldsWithValidDataTest Started
2026-01-30 09:44:24 WARN  ExtentReportUtility:31 - Test Skipped: Test Skipped: testInputFieldsWithValidData
2026-01-30 09:44:24 INFO  ExtentReportUtility:16 - testInputFieldsWithValidDataTest Started
2026-01-30 09:44:24 WARN  ExtentReportUtility:31 - Test Skipped: Test Skipped: testInputFieldsWithValidData
2026-01-30 09:44:24 INFO  ExtentReportUtility:16 - testInputFieldsWithValidDataTest Started
2026-01-30 09:44:24 WARN  ExtentReportUtility:31 - Test Skipped: Test Skipped: testInputFieldsWithValidData
2026-01-30 09:44:24 INFO  ExtentReportUtility:16 - testInputFieldsWithValidDataTest Started
2026-01-30 09:44:24 WARN  ExtentReportUtility:31 - Test Skipped: Test Skipped: testInputFieldsWithValidData
2026-01-30 09:44:24 INFO  ExtentReportUtility:16 - testInputFieldsWithValidDataTest Started
2026-01-30 09:44:24 WARN  ExtentReportUtility:31 - Test Skipped: Test Skipped: testInputFieldsWithValidData
2026-01-30 09:44:24 INFO  ExtentReportUtility:16 - testInputFieldsWithValidDataTest Started
2026-01-30 09:44:24 WARN  ExtentReportUtility:31 - Test Skipped: Test Skipped: testInputFieldsWithValidData
2026-01-30 09:44:24 INFO  ExtentReportUtility:16 - testInputFieldsWithValidDataTest Started
2026-01-30 09:44:24 WARN  ExtentReportUtility:31 - Test Skipped: Test Skipped: testInputFieldsWithValidData
2026-01-30 09:44:24 INFO  ExtentReportUtility:16 - testInputFieldsWithValidDataTest Started
2026-01-30 09:44:24 WARN  ExtentReportUtility:31 - Test Skipped: Test Skipped: testInputFieldsWithValidData
2026-01-30 09:44:24 INFO  ExtentReportUtility:16 - testInputFieldsWithValidDataTest Started
2026-01-30 09:44:24 WARN  ExtentReportUtility:31 - Test Skipped: Test Skipped: testInputFieldsWithValidData
2026-01-30 09:44:24 INFO  ExtentReportUtility:16 - testInputFieldsWithValidDataTest Started
2026-01-30 09:44:24 WARN  ExtentReportUtility:31 - Test Skipped: Test Skipped: testInputFieldsWithValidData
2026-01-30 09:44:24 INFO  ExtentReportUtility:16 - testInputFieldsWithValidDataTest Started
2026-01-30 09:44:24 WARN  ExtentReportUtility:31 - Test Skipped: Test Skipped: testInputFieldsWithValidData
2026-01-30 09:44:24 INFO  ExtentReportUtility:16 - testInputFieldsWithValidDataTest Started
2026-01-30 09:44:24 WARN  ExtentReportUtility:31 - Test Skipped: Test Skipped: testInputFieldsWithValidData
2026-01-30 09:44:24 INFO  ExtentReportUtility:16 - testInputFieldsWithValidDataTest Started
2026-01-30 09:44:24 WARN  ExtentReportUtility:31 - Test Skipped: Test Skipped: testInputFieldsWithValidData
2026-01-30 09:44:24 INFO  ExtentReportUtility:16 - testInputFieldsWithValidDataTest Started
2026-01-30 09:44:24 WARN  ExtentReportUtility:31 - Test Skipped: Test Skipped: testInputFieldsWithValidData
2026-01-30 09:44:24 INFO  ExtentReportUtility:16 - testInputFieldsWithValidDataTest Started
2026-01-30 09:44:24 WARN  ExtentReportUtility:31 - Test Skipped: Test Skipped: testInputFieldsWithValidData
2026-01-30 09:44:24 INFO  ExtentReportUtility:16 - testInputFieldsWithValidDataTest Started
2026-01-30 09:44:24 WARN  ExtentReportUtility:31 - Test Skipped: Test Skipped: testInputFieldsWithValidData
2026-01-30 09:44:24 INFO  ExtentReportUtility:16 - testInputFieldsWithValidDataTest Started
2026-01-30 09:44:24 WARN  ExtentReportUtility:31 - Test Skipped: Test Skipped: testInputFieldsWithValidData
2026-01-30 09:44:25 INFO  ExtentReportUtility:16 - testInputFieldsWithInvalidDataTest Started
2026-01-30 09:44:25 WARN  ExtentReportUtility:31 - Test Skipped: Test Skipped: testInputFieldsWithInvalidData
2026-01-30 09:44:25 INFO  ExtentReportUtility:16 - testInputFieldsWithInvalidDataTest Started
2026-01-30 09:44:25 WARN  ExtentReportUtility:31 - Test Skipped: Test Skipped: testInputFieldsWithInvalidData
2026-01-30 09:44:25 INFO  ExtentReportUtility:16 - testInputFieldsWithInvalidDataTest Started
2026-01-30 09:44:25 WARN  ExtentReportUtility:31 - Test Skipped: Test Skipped: testInputFieldsWithInvalidData
2026-01-30 09:44:25 INFO  ExtentReportUtility:16 - testInputFieldsWithInvalidDataTest Started
2026-01-30 09:44:25 WARN  ExtentReportUtility:31 - Test Skipped: Test Skipped: testInputFieldsWithInvalidData
2026-01-30 09:44:25 INFO  ExtentReportUtility:16 - testInputFieldsWithInvalidDataTest Started
2026-01-30 09:44:25 WARN  ExtentReportUtility:31 - Test Skipped: Test Skipped: testInputFieldsWithInvalidData
2026-01-30 09:44:25 INFO  ExtentReportUtility:16 - testInputFieldsWithInvalidDataTest Started
2026-01-30 09:44:25 WARN  ExtentReportUtility:31 - Test Skipped: Test Skipped: testInputFieldsWithInvalidData
2026-01-30 09:44:25 INFO  ExtentReportUtility:16 - testInputFieldsWithInvalidDataTest Started
2026-01-30 09:44:25 WARN  ExtentReportUtility:31 - Test Skipped: Test Skipped: testInputFieldsWithInvalidData
2026-01-30 09:44:25 INFO  ExtentReportUtility:16 - testInputFieldsWithInvalidDataTest Started
2026-01-30 09:44:25 WARN  ExtentReportUtility:31 - Test Skipped: Test Skipped: testInputFieldsWithInvalidData
2026-01-30 09:44:25 INFO  ExtentReportUtility:16 - testInputFieldsWithInvalidDataTest Started
2026-01-30 09:44:25 WARN  ExtentReportUtility:31 - Test Skipped: Test Skipped: testInputFieldsWithInvalidData
2026-01-30 09:44:25 INFO  ExtentReportUtility:16 - testInputFieldsWithInvalidDataTest Started
2026-01-30 09:44:25 WARN  ExtentReportUtility:31 - Test Skipped: Test Skipped: testInputFieldsWithInvalidData
2026-01-30 09:44:25 INFO  ExtentReportUtility:16 - testInputFieldsWithInvalidDataTest Started
2026-01-30 09:44:25 WARN  ExtentReportUtility:31 - Test Skipped: Test Skipped: testInputFieldsWithInvalidData
2026-01-30 09:44:25 INFO  ExtentReportUtility:16 - testInputFieldsWithInvalidDataTest Started
2026-01-30 09:44:25 WARN  ExtentReportUtility:31 - Test Skipped: Test Skipped: testInputFieldsWithInvalidData
2026-01-30 09:44:25 INFO  ExtentReportUtility:16 - testInputFieldsWithInvalidDataTest Started
2026-01-30 09:44:25 WARN  ExtentReportUtility:31 - Test Skipped: Test Skipped: testInputFieldsWithInvalidData
2026-01-30 09:44:25 INFO  ExtentReportUtility:16 - testInputFieldsWithInvalidDataTest Started
2026-01-30 09:44:25 WARN  ExtentReportUtility:31 - Test Skipped: Test Skipped: testInputFieldsWithInvalidData
2026-01-30 09:44:25 INFO  ExtentReportUtility:16 - testInputFieldsWithInvalidDataTest Started
2026-01-30 09:44:25 WARN  ExtentReportUtility:31 - Test Skipped: Test Skipped: testInputFieldsWithInvalidData
2026-01-30 09:44:25 INFO  ExtentReportUtility:16 - testInputFieldsWithInvalidDataTest Started
2026-01-30 09:44:25 WARN  ExtentReportUtility:31 - Test Skipped: Test Skipped: testInputFieldsWithInvalidData
2026-01-30 09:44:25 INFO  ExtentReportUtility:16 - testInputFieldsWithInvalidDataTest Started
2026-01-30 09:44:25 WARN  ExtentReportUtility:31 - Test Skipped: Test Skipped: testInputFieldsWithInvalidData
2026-01-30 09:44:25 INFO  ExtentReportUtility:16 - testInputFieldsWithInvalidDataTest Started
2026-01-30 09:44:25 WARN  ExtentReportUtility:31 - Test Skipped: Test Skipped: testInputFieldsWithInvalidData
2026-01-30 09:44:25 INFO  ExtentReportUtility:16 - testInputFieldsWithInvalidDataTest Started
2026-01-30 09:44:25 WARN  ExtentReportUtility:31 - Test Skipped: Test Skipped: testInputFieldsWithInvalidData
2026-01-30 09:44:25 INFO  ExtentReportUtility:16 - testInputFieldsWithInvalidDataTest Started
2026-01-30 09:44:25 WARN  ExtentReportUtility:31 - Test Skipped: Test Skipped: testInputFieldsWithInvalidData
2026-01-30 09:44:25 INFO  ExtentReportUtility:16 - testInputFieldsWithInvalidDataTest Started
2026-01-30 09:44:25 WARN  ExtentReportUtility:31 - Test Skipped: Test Skipped: testInputFieldsWithInvalidData
2026-01-30 09:44:25 INFO  ExtentReportUtility:16 - testInputFieldsWithInvalidDataTest Started
2026-01-30 09:44:25 WARN  ExtentReportUtility:31 - Test Skipped: Test Skipped: testInputFieldsWithInvalidData
2026-01-30 09:44:25 INFO  ExtentReportUtility:16 - testInputFieldsWithInvalidDataTest Started
2026-01-30 09:44:25 WARN  ExtentReportUtility:31 - Test Skipped: Test Skipped: testInputFieldsWithInvalidData
2026-01-30 09:44:25 INFO  ExtentReportUtility:16 - testInputFieldsWithInvalidDataTest Started
2026-01-30 09:44:25 WARN  ExtentReportUtility:31 - Test Skipped: Test Skipped: testInputFieldsWithInvalidData
2026-01-30 09:44:25 INFO  ExtentReportUtility:16 - testInputFieldsWithInvalidDataTest Started
2026-01-30 09:44:25 WARN  ExtentReportUtility:31 - Test Skipped: Test Skipped: testInputFieldsWithInvalidData
2026-01-30 09:44:25 INFO  ExtentReportUtility:16 - testInputFieldsWithInvalidDataTest Started
2026-01-30 09:44:25 WARN  ExtentReportUtility:31 - Test Skipped: Test Skipped: testInputFieldsWithInvalidData
2026-01-30 09:44:25 INFO  ExtentReportUtility:16 - testInputFieldsWithInvalidDataTest Started
2026-01-30 09:44:25 WARN  ExtentReportUtility:31 - Test Skipped: Test Skipped: testInputFieldsWithInvalidData
2026-01-30 09:44:26 INFO  ExtentReportUtility:16 - resultCardUiValidationTest Started
2026-01-30 09:44:26 WARN  ExtentReportUtility:31 - Test Skipped: Test Skipped: resultCardUiValidation
2026-01-30 09:44:26 INFO  ExtentReportUtility:16 - summaryCardUIValidationTest Started
2026-01-30 09:44:26 WARN  ExtentReportUtility:31 - Test Skipped: Test Skipped: summaryCardUIValidation
2026-01-30 09:44:26 INFO  ExtentReportUtility:16 - ScoreValidationTest Started
2026-01-30 09:44:26 WARN  ExtentReportUtility:31 - Test Skipped: Test Skipped: ScoreValidation
2026-01-30 09:44:26 INFO  ExtentReportUtility:16 - ScoreValidationTest Started
2026-01-30 09:44:26 WARN  ExtentReportUtility:31 - Test Skipped: Test Skipped: ScoreValidation
2026-01-30 09:44:26 INFO  ExtentReportUtility:16 - ScoreValidationTest Started
2026-01-30 09:44:26 WARN  ExtentReportUtility:31 - Test Skipped: Test Skipped: ScoreValidation
2026-01-30 09:44:26 INFO  ExtentReportUtility:16 - ScoreValidationTest Started
2026-01-30 09:44:26 WARN  ExtentReportUtility:31 - Test Skipped: Test Skipped: ScoreValidation
2026-01-30 09:44:26 INFO  ExtentReportUtility:16 - ScoreValidationTest Started
2026-01-30 09:44:26 WARN  ExtentReportUtility:31 - Test Skipped: Test Skipped: ScoreValidation
2026-01-30 09:44:26 INFO  ExtentReportUtility:16 - ScoreValidationTest Started
2026-01-30 09:44:26 WARN  ExtentReportUtility:31 - Test Skipped: Test Skipped: ScoreValidation
2026-01-30 09:44:26 INFO  ExtentReportUtility:16 - ScoreValidationTest Started
2026-01-30 09:44:26 WARN  ExtentReportUtility:31 - Test Skipped: Test Skipped: ScoreValidation
2026-01-30 09:44:26 INFO  ExtentReportUtility:16 - ScoreValidationTest Started
2026-01-30 09:44:26 WARN  ExtentReportUtility:31 - Test Skipped: Test Skipped: ScoreValidation
2026-01-30 09:44:26 INFO  ExtentReportUtility:16 - ScoreValidationTest Started
2026-01-30 09:44:26 WARN  ExtentReportUtility:31 - Test Skipped: Test Skipped: ScoreValidation
2026-01-30 09:44:26 INFO  ExtentReportUtility:16 - ScoreValidationTest Started
2026-01-30 09:44:26 WARN  ExtentReportUtility:31 - Test Skipped: Test Skipped: ScoreValidation
2026-01-30 09:44:26 INFO  ExtentReportUtility:16 - ScoreValidationTest Started
2026-01-30 09:44:26 WARN  ExtentReportUtility:31 - Test Skipped: Test Skipped: ScoreValidation
2026-01-30 09:44:26 INFO  ExtentReportUtility:16 - ScoreValidationTest Started
2026-01-30 09:44:26 WARN  ExtentReportUtility:31 - Test Skipped: Test Skipped: ScoreValidation
2026-01-30 09:44:26 INFO  ExtentReportUtility:16 - ScoreValidationTest Started
2026-01-30 09:44:26 WARN  ExtentReportUtility:31 - Test Skipped: Test Skipped: ScoreValidation
2026-01-30 09:44:26 INFO  ExtentReportUtility:16 - ScoreValidationTest Started
2026-01-30 09:44:26 WARN  ExtentReportUtility:31 - Test Skipped: Test Skipped: ScoreValidation
2026-01-30 09:44:27 INFO  ExtentReportUtility:16 - ScoreValidationTest Started
2026-01-30 09:44:27 WARN  ExtentReportUtility:31 - Test Skipped: Test Skipped: ScoreValidation
2026-01-30 09:44:27 INFO  ExtentReportUtility:16 - ScoreValidationTest Started
2026-01-30 09:44:27 WARN  ExtentReportUtility:31 - Test Skipped: Test Skipped: ScoreValidation
2026-01-30 09:44:27 INFO  ExtentReportUtility:16 - ScoreValidationTest Started
2026-01-30 09:44:27 WARN  ExtentReportUtility:31 - Test Skipped: Test Skipped: ScoreValidation
2026-01-30 09:44:27 INFO  ExtentReportUtility:16 - ScoreValidationTest Started
2026-01-30 09:44:27 WARN  ExtentReportUtility:31 - Test Skipped: Test Skipped: ScoreValidation
2026-01-30 09:44:27 INFO  ExtentReportUtility:16 - ScoreValidationTest Started
2026-01-30 09:44:27 WARN  ExtentReportUtility:31 - Test Skipped: Test Skipped: ScoreValidation
2026-01-30 09:44:27 INFO  ExtentReportUtility:16 - ScoreValidationTest Started
2026-01-30 09:44:27 WARN  ExtentReportUtility:31 - Test Skipped: Test Skipped: ScoreValidation
2026-01-30 09:44:27 INFO  ExtentReportUtility:16 - ScoreValidationTest Started
2026-01-30 09:44:27 WARN  ExtentReportUtility:31 - Test Skipped: Test Skipped: ScoreValidation
2026-01-30 09:44:27 INFO  ExtentReportUtility:16 - OverallHealthScoreValidationTest Started
2026-01-30 09:44:27 WARN  ExtentReportUtility:31 - Test Skipped: Test Skipped: OverallHealthScoreValidation
2026-01-30 09:44:27 INFO  ExtentReportUtility:16 - OverallHealthScoreValidationTest Started
2026-01-30 09:44:27 WARN  ExtentReportUtility:31 - Test Skipped: Test Skipped: OverallHealthScoreValidation
2026-01-30 09:44:27 INFO  ExtentReportUtility:16 - OverallHealthScoreValidationTest Started
2026-01-30 09:44:27 WARN  ExtentReportUtility:31 - Test Skipped: Test Skipped: OverallHealthScoreValidation
2026-01-30 09:44:27 INFO  ExtentReportUtility:16 - OverallHealthScoreValidationTest Started
2026-01-30 09:44:27 WARN  ExtentReportUtility:31 - Test Skipped: Test Skipped: OverallHealthScoreValidation
2026-01-30 09:44:27 INFO  ExtentReportUtility:16 - OverallHealthScoreValidationTest Started
2026-01-30 09:44:27 WARN  ExtentReportUtility:31 - Test Skipped: Test Skipped: OverallHealthScoreValidation
2026-01-30 09:44:27 INFO  ExtentReportUtility:173 - Extent Report flushed.
2026-01-30 09:47:28 INFO  FormUIValidationTest:40 - Config file loaded successfully
2026-01-30 09:47:28 INFO  FormUIValidationTest:53 - Test Suite Started
2026-01-30 09:47:28 INFO  ExtentReportUtility:54 - Extent Report initialized: Test-Report-2026.01.30.09.47.28.html
2026-01-30 09:48:05 INFO  FormUIValidationTest:40 - Config file loaded successfully
2026-01-30 09:48:05 INFO  FormUIValidationTest:53 - Test Suite Started
2026-01-30 09:48:05 INFO  ExtentReportUtility:54 - Extent Report initialized: Test-Report-2026.01.30.09.48.05.html
2026-01-30 09:48:07 INFO  ExtentReportUtility:16 - testHeadingAppearanceTest Started
2026-01-30 09:48:07 WARN  ExtentReportUtility:31 - Test Skipped: Test Skipped: testHeadingAppearance
2026-01-30 09:48:07 INFO  ExtentReportUtility:16 - testInputFieldsPresenceTest Started
2026-01-30 09:48:07 WARN  ExtentReportUtility:31 - Test Skipped: Test Skipped: testInputFieldsPresence
2026-01-30 09:48:07 INFO  ExtentReportUtility:16 - testFormSubmissionResultTest Started
2026-01-30 09:48:07 WARN  ExtentReportUtility:31 - Test Skipped: Test Skipped: testFormSubmissionResult
2026-01-30 09:48:09 INFO  ExtentReportUtility:16 - testInputFieldsWithValidDataTest Started
2026-01-30 09:48:09 WARN  ExtentReportUtility:31 - Test Skipped: Test Skipped: testInputFieldsWithValidData
2026-01-30 09:48:09 INFO  ExtentReportUtility:16 - testInputFieldsWithValidDataTest Started
2026-01-30 09:48:09 WARN  ExtentReportUtility:31 - Test Skipped: Test Skipped: testInputFieldsWithValidData
2026-01-30 09:48:09 INFO  ExtentReportUtility:16 - testInputFieldsWithValidDataTest Started
2026-01-30 09:48:09 WARN  ExtentReportUtility:31 - Test Skipped: Test Skipped: testInputFieldsWithValidData
2026-01-30 09:48:09 INFO  ExtentReportUtility:16 - testInputFieldsWithValidDataTest Started
2026-01-30 09:48:09 WARN  ExtentReportUtility:31 - Test Skipped: Test Skipped: testInputFieldsWithValidData
2026-01-30 09:48:09 INFO  ExtentReportUtility:16 - testInputFieldsWithValidDataTest Started
2026-01-30 09:48:09 WARN  ExtentReportUtility:31 - Test Skipped: Test Skipped: testInputFieldsWithValidData
2026-01-30 09:48:09 INFO  ExtentReportUtility:16 - testInputFieldsWithValidDataTest Started
2026-01-30 09:48:09 WARN  ExtentReportUtility:31 - Test Skipped: Test Skipped: testInputFieldsWithValidData
2026-01-30 09:48:09 INFO  ExtentReportUtility:16 - testInputFieldsWithValidDataTest Started
2026-01-30 09:48:09 WARN  ExtentReportUtility:31 - Test Skipped: Test Skipped: testInputFieldsWithValidData
2026-01-30 09:48:09 INFO  ExtentReportUtility:16 - testInputFieldsWithValidDataTest Started
2026-01-30 09:48:09 WARN  ExtentReportUtility:31 - Test Skipped: Test Skipped: testInputFieldsWithValidData
2026-01-30 09:48:09 INFO  ExtentReportUtility:16 - testInputFieldsWithValidDataTest Started
2026-01-30 09:48:09 WARN  ExtentReportUtility:31 - Test Skipped: Test Skipped: testInputFieldsWithValidData
2026-01-30 09:48:09 INFO  ExtentReportUtility:16 - testInputFieldsWithValidDataTest Started
2026-01-30 09:48:09 WARN  ExtentReportUtility:31 - Test Skipped: Test Skipped: testInputFieldsWithValidData
2026-01-30 09:48:09 INFO  ExtentReportUtility:16 - testInputFieldsWithValidDataTest Started
2026-01-30 09:48:09 WARN  ExtentReportUtility:31 - Test Skipped: Test Skipped: testInputFieldsWithValidData
2026-01-30 09:48:09 INFO  ExtentReportUtility:16 - testInputFieldsWithValidDataTest Started
2026-01-30 09:48:09 WARN  ExtentReportUtility:31 - Test Skipped: Test Skipped: testInputFieldsWithValidData
2026-01-30 09:48:09 INFO  ExtentReportUtility:16 - testInputFieldsWithValidDataTest Started
2026-01-30 09:48:09 WARN  ExtentReportUtility:31 - Test Skipped: Test Skipped: testInputFieldsWithValidData
2026-01-30 09:48:09 INFO  ExtentReportUtility:16 - testInputFieldsWithValidDataTest Started
2026-01-30 09:48:09 WARN  ExtentReportUtility:31 - Test Skipped: Test Skipped: testInputFieldsWithValidData
2026-01-30 09:48:09 INFO  ExtentReportUtility:16 - testInputFieldsWithValidDataTest Started
2026-01-30 09:48:09 WARN  ExtentReportUtility:31 - Test Skipped: Test Skipped: testInputFieldsWithValidData
2026-01-30 09:48:09 INFO  ExtentReportUtility:16 - testInputFieldsWithValidDataTest Started
2026-01-30 09:48:09 WARN  ExtentReportUtility:31 - Test Skipped: Test Skipped: testInputFieldsWithValidData
2026-01-30 09:48:09 INFO  ExtentReportUtility:16 - testInputFieldsWithValidDataTest Started
2026-01-30 09:48:09 WARN  ExtentReportUtility:31 - Test Skipped: Test Skipped: testInputFieldsWithValidData
2026-01-30 09:48:09 INFO  ExtentReportUtility:16 - testInputFieldsWithValidDataTest Started
2026-01-30 09:48:09 WARN  ExtentReportUtility:31 - Test Skipped: Test Skipped: testInputFieldsWithValidData
2026-01-30 09:48:09 INFO  ExtentReportUtility:16 - testInputFieldsWithValidDataTest Started
2026-01-30 09:48:09 WARN  ExtentReportUtility:31 - Test Skipped: Test Skipped: testInputFieldsWithValidData
2026-01-30 09:48:09 INFO  ExtentReportUtility:16 - testInputFieldsWithValidDataTest Started
2026-01-30 09:48:09 WARN  ExtentReportUtility:31 - Test Skipped: Test Skipped: testInputFieldsWithValidData
2026-01-30 09:48:09 INFO  ExtentReportUtility:16 - testInputFieldsWithValidDataTest Started
2026-01-30 09:48:09 WARN  ExtentReportUtility:31 - Test Skipped: Test Skipped: testInputFieldsWithValidData
2026-01-30 09:48:09 INFO  ExtentReportUtility:16 - testInputFieldsWithValidDataTest Started
2026-01-30 09:48:09 WARN  ExtentReportUtility:31 - Test Skipped: Test Skipped: testInputFieldsWithValidData
2026-01-30 09:48:09 INFO  ExtentReportUtility:16 - testInputFieldsWithValidDataTest Started
2026-01-30 09:48:09 WARN  ExtentReportUtility:31 - Test Skipped: Test Skipped: testInputFieldsWithValidData
2026-01-30 09:48:10 INFO  ExtentReportUtility:16 - testInputFieldsWithInvalidDataTest Started
2026-01-30 09:48:10 WARN  ExtentReportUtility:31 - Test Skipped: Test Skipped: testInputFieldsWithInvalidData
2026-01-30 09:48:10 INFO  ExtentReportUtility:16 - testInputFieldsWithInvalidDataTest Started
2026-01-30 09:48:10 WARN  ExtentReportUtility:31 - Test Skipped: Test Skipped: testInputFieldsWithInvalidData
2026-01-30 09:48:10 INFO  ExtentReportUtility:16 - testInputFieldsWithInvalidDataTest Started
2026-01-30 09:48:10 WARN  ExtentReportUtility:31 - Test Skipped: Test Skipped: testInputFieldsWithInvalidData
2026-01-30 09:48:10 INFO  ExtentReportUtility:16 - testInputFieldsWithInvalidDataTest Started
2026-01-30 09:48:10 WARN  ExtentReportUtility:31 - Test Skipped: Test Skipped: testInputFieldsWithInvalidData
2026-01-30 09:48:10 INFO  ExtentReportUtility:16 - testInputFieldsWithInvalidDataTest Started
2026-01-30 09:48:10 WARN  ExtentReportUtility:31 - Test Skipped: Test Skipped: testInputFieldsWithInvalidData
2026-01-30 09:48:10 INFO  ExtentReportUtility:16 - testInputFieldsWithInvalidDataTest Started
2026-01-30 09:48:10 WARN  ExtentReportUtility:31 - Test Skipped: Test Skipped: testInputFieldsWithInvalidData
2026-01-30 09:48:10 INFO  ExtentReportUtility:16 - testInputFieldsWithInvalidDataTest Started
2026-01-30 09:48:10 WARN  ExtentReportUtility:31 - Test Skipped: Test Skipped: testInputFieldsWithInvalidData
2026-01-30 09:48:10 INFO  ExtentReportUtility:16 - testInputFieldsWithInvalidDataTest Started
2026-01-30 09:48:10 WARN  ExtentReportUtility:31 - Test Skipped: Test Skipped: testInputFieldsWithInvalidData
2026-01-30 09:48:10 INFO  ExtentReportUtility:16 - testInputFieldsWithInvalidDataTest Started
2026-01-30 09:48:10 WARN  ExtentReportUtility:31 - Test Skipped: Test Skipped: testInputFieldsWithInvalidData
2026-01-30 09:48:10 INFO  ExtentReportUtility:16 - testInputFieldsWithInvalidDataTest Started
2026-01-30 09:48:10 WARN  ExtentReportUtility:31 - Test Skipped: Test Skipped: testInputFieldsWithInvalidData
2026-01-30 09:48:10 INFO  ExtentReportUtility:16 - testInputFieldsWithInvalidDataTest Started
2026-01-30 09:48:10 WARN  ExtentReportUtility:31 - Test Skipped: Test Skipped: testInputFieldsWithInvalidData
2026-01-30 09:48:10 INFO  ExtentReportUtility:16 - testInputFieldsWithInvalidDataTest Started
2026-01-30 09:48:10 WARN  ExtentReportUtility:31 - Test Skipped: Test Skipped: testInputFieldsWithInvalidData
2026-01-30 09:48:10 INFO  ExtentReportUtility:16 - testInputFieldsWithInvalidDataTest Started
2026-01-30 09:48:10 WARN  ExtentReportUtility:31 - Test Skipped: Test Skipped: testInputFieldsWithInvalidData
2026-01-30 09:48:10 INFO  ExtentReportUtility:16 - testInputFieldsWithInvalidDataTest Started
2026-01-30 09:48:10 WARN  ExtentReportUtility:31 - Test Skipped: Test Skipped: testInputFieldsWithInvalidData
2026-01-30 09:48:10 INFO  ExtentReportUtility:16 - testInputFieldsWithInvalidDataTest Started
2026-01-30 09:48:10 WARN  ExtentReportUtility:31 - Test Skipped: Test Skipped: testInputFieldsWithInvalidData
2026-01-30 09:48:10 INFO  ExtentReportUtility:16 - testInputFieldsWithInvalidDataTest Started
2026-01-30 09:48:10 WARN  ExtentReportUtility:31 - Test Skipped: Test Skipped: testInputFieldsWithInvalidData
2026-01-30 09:48:10 INFO  ExtentReportUtility:16 - testInputFieldsWithInvalidDataTest Started
2026-01-30 09:48:10 WARN  ExtentReportUtility:31 - Test Skipped: Test Skipped: testInputFieldsWithInvalidData
2026-01-30 09:48:10 INFO  ExtentReportUtility:16 - testInputFieldsWithInvalidDataTest Started
2026-01-30 09:48:10 WARN  ExtentReportUtility:31 - Test Skipped: Test Skipped: testInputFieldsWithInvalidData
2026-01-30 09:48:10 INFO  ExtentReportUtility:16 - testInputFieldsWithInvalidDataTest Started
2026-01-30 09:48:10 WARN  ExtentReportUtility:31 - Test Skipped: Test Skipped: testInputFieldsWithInvalidData
2026-01-30 09:48:10 INFO  ExtentReportUtility:16 - testInputFieldsWithInvalidDataTest Started
2026-01-30 09:48:10 WARN  ExtentReportUtility:31 - Test Skipped: Test Skipped: testInputFieldsWithInvalidData
2026-01-30 09:48:10 INFO  ExtentReportUtility:16 - testInputFieldsWithInvalidDataTest Started
2026-01-30 09:48:10 WARN  ExtentReportUtility:31 - Test Skipped: Test Skipped: testInputFieldsWithInvalidData
2026-01-30 09:48:10 INFO  ExtentReportUtility:16 - testInputFieldsWithInvalidDataTest Started
2026-01-30 09:48:10 WARN  ExtentReportUtility:31 - Test Skipped: Test Skipped: testInputFieldsWithInvalidData
2026-01-30 09:48:10 INFO  ExtentReportUtility:16 - testInputFieldsWithInvalidDataTest Started
2026-01-30 09:48:10 WARN  ExtentReportUtility:31 - Test Skipped: Test Skipped: testInputFieldsWithInvalidData
2026-01-30 09:48:10 INFO  ExtentReportUtility:16 - testInputFieldsWithInvalidDataTest Started
2026-01-30 09:48:10 WARN  ExtentReportUtility:31 - Test Skipped: Test Skipped: testInputFieldsWithInvalidData
2026-01-30 09:48:10 INFO  ExtentReportUtility:16 - testInputFieldsWithInvalidDataTest Started
2026-01-30 09:48:10 WARN  ExtentReportUtility:31 - Test Skipped: Test Skipped: testInputFieldsWithInvalidData
2026-01-30 09:48:10 INFO  ExtentReportUtility:16 - testInputFieldsWithInvalidDataTest Started
2026-01-30 09:48:10 WARN  ExtentReportUtility:31 - Test Skipped: Test Skipped: testInputFieldsWithInvalidData
2026-01-30 09:48:10 INFO  ExtentReportUtility:16 - testInputFieldsWithInvalidDataTest Started
2026-01-30 09:48:10 WARN  ExtentReportUtility:31 - Test Skipped: Test Skipped: testInputFieldsWithInvalidData
2026-01-30 09:48:10 INFO  ExtentReportUtility:16 - resultCardUiValidationTest Started
2026-01-30 09:48:10 WARN  ExtentReportUtility:31 - Test Skipped: Test Skipped: resultCardUiValidation
2026-01-30 09:48:11 INFO  ExtentReportUtility:16 - summaryCardUIValidationTest Started
2026-01-30 09:48:11 WARN  ExtentReportUtility:31 - Test Skipped: Test Skipped: summaryCardUIValidation
2026-01-30 09:48:11 INFO  ExtentReportUtility:16 - ScoreValidationTest Started
2026-01-30 09:48:11 WARN  ExtentReportUtility:31 - Test Skipped: Test Skipped: ScoreValidation
2026-01-30 09:48:11 INFO  ExtentReportUtility:16 - ScoreValidationTest Started
2026-01-30 09:48:11 WARN  ExtentReportUtility:31 - Test Skipped: Test Skipped: ScoreValidation
2026-01-30 09:48:11 INFO  ExtentReportUtility:16 - ScoreValidationTest Started
2026-01-30 09:48:11 WARN  ExtentReportUtility:31 - Test Skipped: Test Skipped: ScoreValidation
2026-01-30 09:48:11 INFO  ExtentReportUtility:16 - ScoreValidationTest Started
2026-01-30 09:48:11 WARN  ExtentReportUtility:31 - Test Skipped: Test Skipped: ScoreValidation
2026-01-30 09:48:11 INFO  ExtentReportUtility:16 - ScoreValidationTest Started
2026-01-30 09:48:11 WARN  ExtentReportUtility:31 - Test Skipped: Test Skipped: ScoreValidation
2026-01-30 09:48:11 INFO  ExtentReportUtility:16 - ScoreValidationTest Started
2026-01-30 09:48:11 WARN  ExtentReportUtility:31 - Test Skipped: Test Skipped: ScoreValidation
2026-01-30 09:48:11 INFO  ExtentReportUtility:16 - ScoreValidationTest Started
2026-01-30 09:48:11 WARN  ExtentReportUtility:31 - Test Skipped: Test Skipped: ScoreValidation
2026-01-30 09:48:11 INFO  ExtentReportUtility:16 - ScoreValidationTest Started
2026-01-30 09:48:11 WARN  ExtentReportUtility:31 - Test Skipped: Test Skipped: ScoreValidation
2026-01-30 09:48:11 INFO  ExtentReportUtility:16 - ScoreValidationTest Started
2026-01-30 09:48:11 WARN  ExtentReportUtility:31 - Test Skipped: Test Skipped: ScoreValidation
2026-01-30 09:48:11 INFO  ExtentReportUtility:16 - ScoreValidationTest Started
2026-01-30 09:48:11 WARN  ExtentReportUtility:31 - Test Skipped: Test Skipped: ScoreValidation
2026-01-30 09:48:11 INFO  ExtentReportUtility:16 - ScoreValidationTest Started
2026-01-30 09:48:11 WARN  ExtentReportUtility:31 - Test Skipped: Test Skipped: ScoreValidation
2026-01-30 09:48:11 INFO  ExtentReportUtility:16 - ScoreValidationTest Started
2026-01-30 09:48:11 WARN  ExtentReportUtility:31 - Test Skipped: Test Skipped: ScoreValidation
2026-01-30 09:48:11 INFO  ExtentReportUtility:16 - ScoreValidationTest Started
2026-01-30 09:48:11 WARN  ExtentReportUtility:31 - Test Skipped: Test Skipped: ScoreValidation
2026-01-30 09:48:11 INFO  ExtentReportUtility:16 - ScoreValidationTest Started
2026-01-30 09:48:11 WARN  ExtentReportUtility:31 - Test Skipped: Test Skipped: ScoreValidation
2026-01-30 09:48:11 INFO  ExtentReportUtility:16 - ScoreValidationTest Started
2026-01-30 09:48:11 WARN  ExtentReportUtility:31 - Test Skipped: Test Skipped: ScoreValidation
2026-01-30 09:48:11 INFO  ExtentReportUtility:16 - ScoreValidationTest Started
2026-01-30 09:48:11 WARN  ExtentReportUtility:31 - Test Skipped: Test Skipped: ScoreValidation
2026-01-30 09:48:11 INFO  ExtentReportUtility:16 - ScoreValidationTest Started
2026-01-30 09:48:11 WARN  ExtentReportUtility:31 - Test Skipped: Test Skipped: ScoreValidation
2026-01-30 09:48:11 INFO  ExtentReportUtility:16 - ScoreValidationTest Started
2026-01-30 09:48:11 WARN  ExtentReportUtility:31 - Test Skipped: Test Skipped: ScoreValidation
2026-01-30 09:48:11 INFO  ExtentReportUtility:16 - ScoreValidationTest Started
2026-01-30 09:48:11 WARN  ExtentReportUtility:31 - Test Skipped: Test Skipped: ScoreValidation
2026-01-30 09:48:11 INFO  ExtentReportUtility:16 - ScoreValidationTest Started
2026-01-30 09:48:11 WARN  ExtentReportUtility:31 - Test Skipped: Test Skipped: ScoreValidation
2026-01-30 09:48:11 INFO  ExtentReportUtility:16 - ScoreValidationTest Started
2026-01-30 09:48:11 WARN  ExtentReportUtility:31 - Test Skipped: Test Skipped: ScoreValidation
2026-01-30 09:48:11 INFO  ExtentReportUtility:16 - OverallHealthScoreValidationTest Started
2026-01-30 09:48:11 WARN  ExtentReportUtility:31 - Test Skipped: Test Skipped: OverallHealthScoreValidation
2026-01-30 09:48:11 INFO  ExtentReportUtility:16 - OverallHealthScoreValidationTest Started
2026-01-30 09:48:11 WARN  ExtentReportUtility:31 - Test Skipped: Test Skipped: OverallHealthScoreValidation
2026-01-30 09:48:11 INFO  ExtentReportUtility:16 - OverallHealthScoreValidationTest Started
2026-01-30 09:48:11 WARN  ExtentReportUtility:31 - Test Skipped: Test Skipped: OverallHealthScoreValidation
2026-01-30 09:48:11 INFO  ExtentReportUtility:16 - OverallHealthScoreValidationTest Started
2026-01-30 09:48:11 WARN  ExtentReportUtility:31 - Test Skipped: Test Skipped: OverallHealthScoreValidation
2026-01-30 09:48:11 INFO  ExtentReportUtility:16 - OverallHealthScoreValidationTest Started
2026-01-30 09:48:11 WARN  ExtentReportUtility:31 - Test Skipped: Test Skipped: OverallHealthScoreValidation
2026-01-30 09:48:12 INFO  ExtentReportUtility:173 - Extent Report flushed.
2026-01-30 15:24:55 INFO  Utils:112 - [TestNG] Running:
  C:\Users\2457812\Downloads\Health_Index_Calculator_Automation_Framework-main\Health_Index_Calculator_Automation_Framework-main\testng_wow.xml

2026-01-30 15:24:55 INFO  FormUIValidationTest:40 - Config file loaded successfully
2026-01-30 15:24:55 INFO  FormUIValidationTest:53 - Test Suite Started
2026-01-30 15:24:56 INFO  ExtentReportUtility:54 - Extent Report initialized: Test-Report-2026.01.30.15.24.55.html
2026-01-30 15:25:03 INFO  FormUIValidationTest:86 - edgebrowser launched
2026-01-30 15:25:04 INFO  FormUIValidationTest:92 - Navigated to: https://yalanuwu.github.io/Health-Index-Calculator
2026-01-30 15:25:04 INFO  ExtentReportUtility:16 - testHeadingAppearanceTest Started
2026-01-30 15:25:05 INFO  ExtentReportUtility:21 - Test Passed: testHeadingAppearance passed
2026-01-30 15:25:05 INFO  ExtentReportUtility:16 - testInputFieldsPresenceTest Started
2026-01-30 15:25:08 INFO  ExtentReportUtility:21 - Test Passed: testInputFieldsPresence passed
2026-01-30 15:25:08 INFO  ExtentReportUtility:16 - testFormSubmissionResultTest Started
2026-01-30 15:25:10 INFO  ExtentReportUtility:21 - Test Passed: testFormSubmissionResult passed
2026-01-30 15:25:18 INFO  FormUIValidationTest:16 - Browser closed
2026-01-30 15:25:22 INFO  FormFieldValidationTest_2:86 - edgebrowser launched
2026-01-30 15:25:23 INFO  FormFieldValidationTest_2:92 - Navigated to: https://yalanuwu.github.io/Health-Index-Calculator
2026-01-30 15:25:27 INFO  ExtentReportUtility:16 - testInputFieldsWithValidDataTest Started
2026-01-30 15:25:30 INFO  FormFieldValidationTest_2:16 - Input Form Submitted with valid data
2026-01-30 15:25:30 INFO  FormFieldValidationTest_2:16 - Reset Button Clicked
2026-01-30 15:25:30 INFO  ExtentReportUtility:21 - Test Passed: testInputFieldsWithValidData passed
2026-01-30 15:25:30 INFO  ExtentReportUtility:16 - testInputFieldsWithValidDataTest Started
2026-01-30 15:25:32 INFO  FormFieldValidationTest_2:16 - Input Form Submitted with valid data
2026-01-30 15:25:33 INFO  FormFieldValidationTest_2:16 - Reset Button Clicked
2026-01-30 15:25:33 INFO  ExtentReportUtility:21 - Test Passed: testInputFieldsWithValidData passed
2026-01-30 15:25:33 INFO  ExtentReportUtility:16 - testInputFieldsWithValidDataTest Started
2026-01-30 15:25:34 ERROR ExtentReportUtility:26 - Test Failed: Test Failed: testInputFieldsWithValidData - org.openqa.selenium.NoSuchWindowException: no such window: target window already closed
from unknown error: web view not found
  (Session info: MicrosoftEdge=144.0.3719.92)
Build info: version: '4.38.0', revision: '6b412e825c*'
System info: os.name: 'Windows 11', os.arch: 'amd64', os.version: '10.0', java.version: '21'
Driver info: org.openqa.selenium.edge.EdgeDriver
Command: [c8ba36ea2904f2e7f1a854c75056fd14, findElement {using=id, value=bp-systolic}]
Capabilities {acceptInsecureCerts: false, browserName: MicrosoftEdge, browserVersion: 144.0.3719.92, fedcm:accounts: true, goog:processID: 19684, ms:edgeOptions: {debuggerAddress: localhost:58199}, msedge: {msedgedriverVersion: 144.0.3719.92 (8380d6794b22..., userDataDir: C:\Users\2457812\AppData\Lo...}, networkConnectionEnabled: false, pageLoadStrategy: normal, platformName: windows, proxy: Proxy(), se:cdp: ws://localhost:58199/devtoo..., se:cdpVersion: 144.0.3719.92, setWindowRect: true, strictFileInteractability: false, timeouts: {implicit: 0, pageLoad: 300000, script: 30000}, unhandledPromptBehavior: dismiss and notify, webauthn:extension:credBlob: true, webauthn:extension:largeBlob: true, webauthn:extension:minPinLength: true, webauthn:extension:prf: true, webauthn:virtualAuthenticators: true}
Session ID: c8ba36ea2904f2e7f1a854c75056fd14
2026-01-30 15:25:34 ERROR ExtentReportUtility:26 - Test Failed: Test Failed: testInputFieldsWithValidData - org.openqa.selenium.NoSuchWindowException: no such window: target window already closed
from unknown error: web view not found
  (Session info: MicrosoftEdge=144.0.3719.92)
Build info: version: '4.38.0', revision: '6b412e825c*'
System info: os.name: 'Windows 11', os.arch: 'amd64', os.version: '10.0', java.version: '21'
Driver info: org.openqa.selenium.edge.EdgeDriver
Command: [c8ba36ea2904f2e7f1a854c75056fd14, screenshot {}]
Capabilities {acceptInsecureCerts: false, browserName: MicrosoftEdge, browserVersion: 144.0.3719.92, fedcm:accounts: true, goog:processID: 19684, ms:edgeOptions: {debuggerAddress: localhost:58199}, msedge: {msedgedriverVersion: 144.0.3719.92 (8380d6794b22..., userDataDir: C:\Users\2457812\AppData\Lo...}, networkConnectionEnabled: false, pageLoadStrategy: normal, platformName: windows, proxy: Proxy(), se:cdp: ws://localhost:58199/devtoo..., se:cdpVersion: 144.0.3719.92, setWindowRect: true, strictFileInteractability: false, timeouts: {implicit: 0, pageLoad: 300000, script: 30000}, unhandledPromptBehavior: dismiss and notify, webauthn:extension:credBlob: true, webauthn:extension:largeBlob: true, webauthn:extension:minPinLength: true, webauthn:extension:prf: true, webauthn:virtualAuthenticators: true}
Session ID: c8ba36ea2904f2e7f1a854c75056fd14
2026-01-30 15:25:35 INFO  ExtentReportUtility:173 - Extent Report flushed.
2026-01-30 15:25:57 INFO  Utils:112 - [TestNG] Running:
  C:\Users\2457812\Downloads\Health_Index_Calculator_Automation_Framework-main\Health_Index_Calculator_Automation_Framework-main\testng_wow.xml

2026-01-30 15:25:57 INFO  FormUIValidationTest:40 - Config file loaded successfully
2026-01-30 15:25:57 INFO  FormUIValidationTest:53 - Test Suite Started
2026-01-30 15:25:58 INFO  ExtentReportUtility:54 - Extent Report initialized: Test-Report-2026.01.30.15.25.58.html
2026-01-30 15:25:58 INFO  ExtentReportUtility:54 - Extent Report initialized: Test-Report-2026.01.30.15.25.58.html
2026-01-30 15:26:04 INFO  FormUIValidationTest:86 - edgebrowser launched
2026-01-30 15:26:04 INFO  FormUIValidationTest:92 - Navigated to: https://yalanuwu.github.io/Health-Index-Calculator
2026-01-30 15:26:05 INFO  ExtentReportUtility:16 - testHeadingAppearanceTest Started
2026-01-30 15:26:05 INFO  ExtentReportUtility:21 - Test Passed: testHeadingAppearance passed
2026-01-30 15:26:11 INFO  FormUIValidationTest:86 - chromebrowser launched
2026-01-30 15:26:14 INFO  FormFieldValidationTest_2:86 - edgebrowser launched
2026-01-30 15:26:14 INFO  FormUIValidationTest:92 - Navigated to: https://yalanuwu.github.io/Health-Index-Calculator
2026-01-30 15:26:14 INFO  ExtentReportUtility:16 - testHeadingAppearanceTest Started
2026-01-30 15:26:15 INFO  FormFieldValidationTest_2:92 - Navigated to: https://yalanuwu.github.io/Health-Index-Calculator
2026-01-30 15:26:15 INFO  ExtentReportUtility:21 - Test Passed: testHeadingAppearance passed
2026-01-30 15:26:20 INFO  ExtentReportUtility:16 - testInputFieldsWithValidDataTest Started
2026-01-30 15:26:23 INFO  FormFieldValidationTest_2:86 - chromebrowser launched
2026-01-30 15:26:25 INFO  FormFieldValidationTest_2:16 - Input Form Submitted with valid data
2026-01-30 15:26:25 INFO  FormFieldValidationTest_2:92 - Navigated to: https://yalanuwu.github.io/Health-Index-Calculator
2026-01-30 15:26:26 INFO  ExtentReportUtility:16 - testInputFieldsWithValidDataTest Started
2026-01-30 15:26:26 INFO  FormFieldValidationTest_2:16 - Reset Button Clicked
2026-01-30 15:26:26 INFO  ExtentReportUtility:21 - Test Passed: testInputFieldsWithValidData passed
2026-01-30 15:26:26 INFO  ExtentReportUtility:16 - testInputFieldsWithValidDataTest Started
2026-01-30 15:26:29 INFO  FormFieldValidationTest_2:16 - Input Form Submitted with valid data
2026-01-30 15:26:29 INFO  FormFieldValidationTest_2:16 - Input Form Submitted with valid data
2026-01-30 15:26:29 INFO  FormFieldValidationTest_2:16 - Reset Button Clicked
2026-01-30 15:26:29 INFO  ExtentReportUtility:21 - Test Passed: testInputFieldsWithValidData passed
2026-01-30 15:26:29 INFO  ExtentReportUtility:16 - testInputFieldsWithValidDataTest Started
2026-01-30 15:26:30 INFO  FormFieldValidationTest_2:16 - Reset Button Clicked
2026-01-30 15:26:30 INFO  ExtentReportUtility:21 - Test Passed: testInputFieldsWithValidData passed
2026-01-30 15:26:30 INFO  ExtentReportUtility:16 - testInputFieldsWithValidDataTest Started
2026-01-30 15:26:32 INFO  FormFieldValidationTest_2:16 - Input Form Submitted with valid data
2026-01-30 15:26:33 INFO  FormFieldValidationTest_2:16 - Input Form Submitted with valid data
2026-01-30 15:26:33 INFO  FormFieldValidationTest_2:16 - Reset Button Clicked
2026-01-30 15:26:33 INFO  ExtentReportUtility:21 - Test Passed: testInputFieldsWithValidData passed
2026-01-30 15:26:33 INFO  ExtentReportUtility:16 - testInputFieldsWithValidDataTest Started
2026-01-30 15:26:33 INFO  FormFieldValidationTest_2:16 - Reset Button Clicked
2026-01-30 15:26:33 INFO  ExtentReportUtility:21 - Test Passed: testInputFieldsWithValidData passed
2026-01-30 15:26:33 INFO  ExtentReportUtility:16 - testInputFieldsWithValidDataTest Started
2026-01-30 15:26:35 INFO  FormFieldValidationTest_2:16 - Input Form Submitted with valid data
2026-01-30 15:26:35 INFO  FormFieldValidationTest_2:16 - Input Form Submitted with valid data
2026-01-30 15:26:36 INFO  FormFieldValidationTest_2:16 - Reset Button Clicked
2026-01-30 15:26:36 INFO  ExtentReportUtility:21 - Test Passed: testInputFieldsWithValidData passed
2026-01-30 15:26:36 INFO  ExtentReportUtility:16 - testInputFieldsWithValidDataTest Started
2026-01-30 15:26:36 INFO  FormFieldValidationTest_2:16 - Reset Button Clicked
2026-01-30 15:26:36 INFO  ExtentReportUtility:21 - Test Passed: testInputFieldsWithValidData passed
2026-01-30 15:26:36 INFO  ExtentReportUtility:16 - testInputFieldsWithValidDataTest Started
2026-01-30 15:26:37 INFO  FormFieldValidationTest_2:16 - Input Form Submitted with valid data
2026-01-30 15:26:37 INFO  FormFieldValidationTest_2:16 - Input Form Submitted with valid data
2026-01-30 15:26:38 INFO  FormFieldValidationTest_2:16 - Reset Button Clicked
2026-01-30 15:26:38 INFO  ExtentReportUtility:21 - Test Passed: testInputFieldsWithValidData passed
2026-01-30 15:26:38 INFO  ExtentReportUtility:16 - testInputFieldsWithValidDataTest Started
2026-01-30 15:26:38 INFO  FormFieldValidationTest_2:16 - Reset Button Clicked
2026-01-30 15:26:38 INFO  ExtentReportUtility:21 - Test Passed: testInputFieldsWithValidData passed
2026-01-30 15:26:38 INFO  ExtentReportUtility:16 - testInputFieldsWithValidDataTest Started
2026-01-30 15:26:40 INFO  FormFieldValidationTest_2:16 - Input Form Submitted with valid data
2026-01-30 15:26:40 INFO  FormFieldValidationTest_2:16 - Input Form Submitted with valid data
2026-01-30 15:26:40 INFO  FormFieldValidationTest_2:16 - Reset Button Clicked
2026-01-30 15:26:40 INFO  ExtentReportUtility:21 - Test Passed: testInputFieldsWithValidData passed
2026-01-30 15:26:40 INFO  ExtentReportUtility:16 - testInputFieldsWithValidDataTest Started
2026-01-30 15:26:40 INFO  FormFieldValidationTest_2:16 - Reset Button Clicked
2026-01-30 15:26:40 INFO  ExtentReportUtility:21 - Test Passed: testInputFieldsWithValidData passed
2026-01-30 15:26:40 INFO  ExtentReportUtility:16 - testInputFieldsWithValidDataTest Started
2026-01-30 15:26:43 INFO  FormFieldValidationTest_2:16 - Input Form Submitted with valid data
2026-01-30 15:26:43 INFO  FormFieldValidationTest_2:16 - Input Form Submitted with valid data
2026-01-30 15:26:43 INFO  FormFieldValidationTest_2:16 - Reset Button Clicked
2026-01-30 15:26:43 INFO  ExtentReportUtility:21 - Test Passed: testInputFieldsWithValidData passed
2026-01-30 15:26:43 INFO  ExtentReportUtility:16 - testInputFieldsWithValidDataTest Started
2026-01-30 15:26:43 INFO  FormFieldValidationTest_2:16 - Reset Button Clicked
2026-01-30 15:26:43 INFO  ExtentReportUtility:21 - Test Passed: testInputFieldsWithValidData passed
2026-01-30 15:26:44 INFO  ExtentReportUtility:16 - testInputFieldsWithValidDataTest Started
2026-01-30 15:26:46 INFO  FormFieldValidationTest_2:16 - Input Form Submitted with valid data
2026-01-30 15:26:46 INFO  FormFieldValidationTest_2:16 - Reset Button Clicked
2026-01-30 15:26:46 INFO  ExtentReportUtility:21 - Test Passed: testInputFieldsWithValidData passed
2026-01-30 15:26:46 INFO  ExtentReportUtility:16 - testInputFieldsWithValidDataTest Started
2026-01-30 15:26:46 INFO  FormFieldValidationTest_2:16 - Input Form Submitted with valid data
2026-01-30 15:26:47 INFO  FormFieldValidationTest_2:16 - Reset Button Clicked
2026-01-30 15:26:47 INFO  ExtentReportUtility:21 - Test Passed: testInputFieldsWithValidData passed
2026-01-30 15:26:47 INFO  ExtentReportUtility:16 - testInputFieldsWithValidDataTest Started
2026-01-30 15:26:49 INFO  FormFieldValidationTest_2:16 - Input Form Submitted with valid data
2026-01-30 15:26:49 INFO  FormFieldValidationTest_2:16 - Reset Button Clicked
2026-01-30 15:26:49 INFO  ExtentReportUtility:21 - Test Passed: testInputFieldsWithValidData passed
2026-01-30 15:26:49 INFO  ExtentReportUtility:16 - testInputFieldsWithValidDataTest Started
2026-01-30 15:26:50 INFO  FormFieldValidationTest_2:16 - Input Form Submitted with valid data
2026-01-30 15:26:51 INFO  FormFieldValidationTest_2:16 - Reset Button Clicked
2026-01-30 15:26:51 INFO  ExtentReportUtility:21 - Test Passed: testInputFieldsWithValidData passed
2026-01-30 15:26:51 INFO  ExtentReportUtility:16 - testInputFieldsWithValidDataTest Started
2026-01-30 15:26:53 INFO  FormFieldValidationTest_2:16 - Input Form Submitted with valid data
2026-01-30 15:26:53 INFO  FormFieldValidationTest_2:16 - Reset Button Clicked
2026-01-30 15:26:53 INFO  ExtentReportUtility:21 - Test Passed: testInputFieldsWithValidData passed
2026-01-30 15:26:53 INFO  ExtentReportUtility:16 - testInputFieldsWithValidDataTest Started
2026-01-30 15:26:53 INFO  FormFieldValidationTest_2:16 - Input Form Submitted with valid data
2026-01-30 15:26:54 INFO  FormFieldValidationTest_2:16 - Reset Button Clicked
2026-01-30 15:26:54 INFO  ExtentReportUtility:21 - Test Passed: testInputFieldsWithValidData passed
2026-01-30 15:26:54 INFO  ExtentReportUtility:16 - testInputFieldsWithValidDataTest Started
2026-01-30 15:26:55 INFO  FormFieldValidationTest_2:16 - Input Form Submitted with valid data
2026-01-30 15:26:55 INFO  FormFieldValidationTest_2:16 - Reset Button Clicked
2026-01-30 15:26:55 INFO  ExtentReportUtility:21 - Test Passed: testInputFieldsWithValidData passed
2026-01-30 15:26:55 INFO  ExtentReportUtility:16 - testInputFieldsWithValidDataTest Started
2026-01-30 15:26:56 INFO  FormFieldValidationTest_2:16 - Input Form Submitted with valid data
2026-01-30 15:26:56 INFO  FormFieldValidationTest_2:16 - Reset Button Clicked
2026-01-30 15:26:56 INFO  ExtentReportUtility:21 - Test Passed: testInputFieldsWithValidData passed
2026-01-30 15:26:56 INFO  ExtentReportUtility:16 - testInputFieldsWithValidDataTest Started
2026-01-30 15:26:57 INFO  FormFieldValidationTest_2:16 - Input Form Submitted with valid data
2026-01-30 15:26:58 INFO  FormFieldValidationTest_2:16 - Reset Button Clicked
2026-01-30 15:26:58 INFO  ExtentReportUtility:21 - Test Passed: testInputFieldsWithValidData passed
2026-01-30 15:26:58 INFO  ExtentReportUtility:16 - testInputFieldsWithValidDataTest Started
2026-01-30 15:26:58 INFO  FormFieldValidationTest_2:16 - Input Form Submitted with valid data
2026-01-30 15:26:58 INFO  FormFieldValidationTest_2:16 - Reset Button Clicked
2026-01-30 15:26:58 INFO  ExtentReportUtility:21 - Test Passed: testInputFieldsWithValidData passed
2026-01-30 15:26:58 INFO  ExtentReportUtility:16 - testInputFieldsWithValidDataTest Started
2026-01-30 15:26:59 INFO  FormFieldValidationTest_2:16 - Input Form Submitted with valid data
2026-01-30 15:27:00 INFO  FormFieldValidationTest_2:16 - Reset Button Clicked
2026-01-30 15:27:00 INFO  ExtentReportUtility:21 - Test Passed: testInputFieldsWithValidData passed
2026-01-30 15:27:00 INFO  ExtentReportUtility:16 - testInputFieldsWithValidDataTest Started
2026-01-30 15:27:00 INFO  FormFieldValidationTest_2:16 - Input Form Submitted with valid data
2026-01-30 15:27:00 INFO  FormFieldValidationTest_2:16 - Reset Button Clicked
2026-01-30 15:27:00 INFO  ExtentReportUtility:21 - Test Passed: testInputFieldsWithValidData passed
2026-01-30 15:27:00 INFO  ExtentReportUtility:16 - testInputFieldsWithValidDataTest Started
2026-01-30 15:27:01 INFO  FormFieldValidationTest_2:16 - Input Form Submitted with valid data
2026-01-30 15:27:02 INFO  FormFieldValidationTest_2:16 - Reset Button Clicked
2026-01-30 15:27:02 INFO  ExtentReportUtility:21 - Test Passed: testInputFieldsWithValidData passed
2026-01-30 15:27:02 INFO  ExtentReportUtility:16 - testInputFieldsWithValidDataTest Started
2026-01-30 15:27:02 INFO  FormFieldValidationTest_2:16 - Input Form Submitted with valid data
2026-01-30 15:27:02 INFO  FormFieldValidationTest_2:16 - Reset Button Clicked
2026-01-30 15:27:02 INFO  ExtentReportUtility:21 - Test Passed: testInputFieldsWithValidData passed
2026-01-30 15:27:02 INFO  ExtentReportUtility:16 - testInputFieldsWithValidDataTest Started
2026-01-30 15:27:04 INFO  FormFieldValidationTest_2:16 - Input Form Submitted with valid data
2026-01-30 15:27:04 INFO  FormFieldValidationTest_2:16 - Input Form Submitted with valid data
2026-01-30 15:27:04 INFO  FormFieldValidationTest_2:16 - Reset Button Clicked
2026-01-30 15:27:04 INFO  ExtentReportUtility:21 - Test Passed: testInputFieldsWithValidData passed
2026-01-30 15:27:04 INFO  ExtentReportUtility:16 - testInputFieldsWithValidDataTest Started
2026-01-30 15:27:04 INFO  FormFieldValidationTest_2:16 - Reset Button Clicked
2026-01-30 15:27:04 INFO  ExtentReportUtility:21 - Test Passed: testInputFieldsWithValidData passed
2026-01-30 15:27:04 INFO  ExtentReportUtility:16 - testInputFieldsWithValidDataTest Started
2026-01-30 15:27:06 INFO  FormFieldValidationTest_2:16 - Input Form Submitted with valid data
2026-01-30 15:27:07 INFO  FormFieldValidationTest_2:16 - Input Form Submitted with valid data
2026-01-30 15:27:07 INFO  FormFieldValidationTest_2:16 - Reset Button Clicked
2026-01-30 15:27:07 INFO  ExtentReportUtility:21 - Test Passed: testInputFieldsWithValidData passed
2026-01-30 15:27:07 INFO  ExtentReportUtility:16 - testInputFieldsWithValidDataTest Started
2026-01-30 15:27:07 INFO  FormFieldValidationTest_2:16 - Reset Button Clicked
2026-01-30 15:27:07 INFO  ExtentReportUtility:21 - Test Passed: testInputFieldsWithValidData passed
2026-01-30 15:27:07 INFO  ExtentReportUtility:16 - testInputFieldsWithValidDataTest Started
2026-01-30 15:27:09 INFO  FormFieldValidationTest_2:16 - Input Form Submitted with valid data
2026-01-30 15:27:09 INFO  FormFieldValidationTest_2:16 - Input Form Submitted with valid data
2026-01-30 15:27:09 INFO  FormFieldValidationTest_2:16 - Reset Button Clicked
2026-01-30 15:27:09 INFO  ExtentReportUtility:21 - Test Passed: testInputFieldsWithValidData passed
2026-01-30 15:27:09 INFO  ExtentReportUtility:16 - testInputFieldsWithValidDataTest Started
2026-01-30 15:27:09 INFO  FormFieldValidationTest_2:16 - Reset Button Clicked
2026-01-30 15:27:09 INFO  ExtentReportUtility:21 - Test Passed: testInputFieldsWithValidData passed
2026-01-30 15:27:09 INFO  ExtentReportUtility:16 - testInputFieldsWithValidDataTest Started
2026-01-30 15:27:11 INFO  FormFieldValidationTest_2:16 - Input Form Submitted with valid data
2026-01-30 15:27:11 INFO  FormFieldValidationTest_2:16 - Input Form Submitted with valid data
2026-01-30 15:27:12 INFO  FormFieldValidationTest_2:16 - Reset Button Clicked
2026-01-30 15:27:12 INFO  ExtentReportUtility:21 - Test Passed: testInputFieldsWithValidData passed
2026-01-30 15:27:12 INFO  ExtentReportUtility:16 - testInputFieldsWithValidDataTest Started
2026-01-30 15:27:12 INFO  FormFieldValidationTest_2:16 - Reset Button Clicked
2026-01-30 15:27:12 INFO  ExtentReportUtility:21 - Test Passed: testInputFieldsWithValidData passed
2026-01-30 15:27:12 INFO  ExtentReportUtility:16 - testInputFieldsWithValidDataTest Started
2026-01-30 15:27:14 INFO  FormFieldValidationTest_2:16 - Input Form Submitted with valid data
2026-01-30 15:27:14 INFO  FormFieldValidationTest_2:16 - Input Form Submitted with valid data
2026-01-30 15:27:14 INFO  FormFieldValidationTest_2:16 - Reset Button Clicked
2026-01-30 15:27:14 INFO  ExtentReportUtility:21 - Test Passed: testInputFieldsWithValidData passed
2026-01-30 15:27:14 INFO  ExtentReportUtility:16 - testInputFieldsWithValidDataTest Started
2026-01-30 15:27:14 INFO  FormFieldValidationTest_2:16 - Reset Button Clicked
2026-01-30 15:27:14 INFO  ExtentReportUtility:21 - Test Passed: testInputFieldsWithValidData passed
2026-01-30 15:27:14 INFO  ExtentReportUtility:16 - testInputFieldsWithValidDataTest Started
2026-01-30 15:27:16 INFO  FormFieldValidationTest_2:16 - Input Form Submitted with valid data
2026-01-30 15:27:16 INFO  FormFieldValidationTest_2:16 - Input Form Submitted with valid data
2026-01-30 15:27:16 INFO  FormFieldValidationTest_2:16 - Reset Button Clicked
2026-01-30 15:27:16 INFO  ExtentReportUtility:21 - Test Passed: testInputFieldsWithValidData passed
2026-01-30 15:27:16 INFO  ExtentReportUtility:16 - testInputFieldsWithValidDataTest Started
2026-01-30 15:27:16 INFO  FormFieldValidationTest_2:16 - Reset Button Clicked
2026-01-30 15:27:16 INFO  ExtentReportUtility:21 - Test Passed: testInputFieldsWithValidData passed
2026-01-30 15:27:16 INFO  ExtentReportUtility:16 - testInputFieldsWithValidDataTest Started
2026-01-30 15:27:18 INFO  FormFieldValidationTest_2:16 - Input Form Submitted with valid data
2026-01-30 15:27:18 INFO  FormFieldValidationTest_2:16 - Input Form Submitted with valid data
2026-01-30 15:27:19 INFO  FormFieldValidationTest_2:16 - Reset Button Clicked
2026-01-30 15:27:19 INFO  ExtentReportUtility:21 - Test Passed: testInputFieldsWithValidData passed
2026-01-30 15:27:19 INFO  ExtentReportUtility:16 - testInputFieldsWithValidDataTest Started
2026-01-30 15:27:19 INFO  FormFieldValidationTest_2:16 - Reset Button Clicked
2026-01-30 15:27:19 INFO  ExtentReportUtility:21 - Test Passed: testInputFieldsWithValidData passed
2026-01-30 15:27:19 INFO  ExtentReportUtility:16 - testInputFieldsWithValidDataTest Started
2026-01-30 15:27:21 INFO  FormFieldValidationTest_2:16 - Input Form Submitted with valid data
2026-01-30 15:27:21 INFO  FormFieldValidationTest_2:16 - Input Form Submitted with valid data
2026-01-30 15:27:21 INFO  FormFieldValidationTest_2:16 - Reset Button Clicked
2026-01-30 15:27:21 INFO  ExtentReportUtility:21 - Test Passed: testInputFieldsWithValidData passed
2026-01-30 15:27:21 INFO  ExtentReportUtility:16 - testInputFieldsWithValidDataTest Started
2026-01-30 15:27:21 INFO  FormFieldValidationTest_2:16 - Reset Button Clicked
2026-01-30 15:27:21 INFO  ExtentReportUtility:21 - Test Passed: testInputFieldsWithValidData passed
2026-01-30 15:27:21 INFO  ExtentReportUtility:16 - testInputFieldsWithValidDataTest Started
2026-01-30 15:27:23 INFO  FormFieldValidationTest_2:16 - Input Form Submitted with valid data
2026-01-30 15:27:24 INFO  FormFieldValidationTest_2:16 - Input Form Submitted with valid data
2026-01-30 15:27:24 INFO  FormFieldValidationTest_2:16 - Reset Button Clicked
2026-01-30 15:27:24 INFO  ExtentReportUtility:21 - Test Passed: testInputFieldsWithValidData passed
2026-01-30 15:27:24 INFO  ExtentReportUtility:16 - testInputFieldsWithValidDataTest Started
2026-01-30 15:27:24 INFO  FormFieldValidationTest_2:16 - Reset Button Clicked
2026-01-30 15:27:24 INFO  ExtentReportUtility:21 - Test Passed: testInputFieldsWithValidData passed
2026-01-30 15:27:26 INFO  FormFieldValidationTest_2:16 - Input Form Submitted with valid data
2026-01-30 15:27:26 INFO  FormFieldValidationTest_2:16 - Reset Button Clicked
2026-01-30 15:27:26 INFO  ExtentReportUtility:21 - Test Passed: testInputFieldsWithValidData passed
2026-01-30 15:27:29 INFO  ResultUIValidationTest:86 - edgebrowser launched
2026-01-30 15:27:29 INFO  ResultUIValidationTest:92 - Navigated to: https://yalanuwu.github.io/Health-Index-Calculator
2026-01-30 15:27:29 INFO  ExtentReportUtility:16 - resultCardUiValidationTest Started
2026-01-30 15:27:35 INFO  ExtentReportUtility:21 - Test Passed: resultCardUiValidation passed
2026-01-30 15:27:36 INFO  ResultUIValidationTest:86 - chromebrowser launched
2026-01-30 15:27:42 INFO  ScoreValidationTest_2:86 - edgebrowser launched
2026-01-30 15:27:43 INFO  ScoreValidationTest_2:92 - Navigated to: https://yalanuwu.github.io/Health-Index-Calculator
2026-01-30 15:27:44 INFO  ExtentReportUtility:16 - ScoreValidationTest Started
2026-01-30 15:27:49 INFO  ScoreValidationTest_2:16 - Input form submitted
2026-01-30 15:27:49 INFO  ScoreValidationTest_2:16 - Reset Button Clicked
2026-01-30 15:27:49 INFO  ExtentReportUtility:21 - Test Passed: ScoreValidation passed
2026-01-30 15:27:49 INFO  ExtentReportUtility:16 - ScoreValidationTest Started
2026-01-30 15:27:51 INFO  ScoreValidationTest_2:16 - Input form submitted
2026-01-30 15:27:52 INFO  ScoreValidationTest_2:16 - Reset Button Clicked
2026-01-30 15:27:52 INFO  ExtentReportUtility:21 - Test Passed: ScoreValidation passed
2026-01-30 15:27:52 INFO  ExtentReportUtility:16 - ScoreValidationTest Started
2026-01-30 15:27:55 INFO  ScoreValidationTest_2:16 - Input form submitted
2026-01-30 15:27:55 INFO  ScoreValidationTest_2:16 - Reset Button Clicked
2026-01-30 15:27:55 INFO  ExtentReportUtility:21 - Test Passed: ScoreValidation passed
2026-01-30 15:27:55 INFO  ExtentReportUtility:16 - ScoreValidationTest Started
2026-01-30 15:27:57 INFO  ScoreValidationTest_2:16 - Input form submitted
2026-01-30 15:27:58 INFO  ScoreValidationTest_2:16 - Reset Button Clicked
2026-01-30 15:27:58 INFO  ExtentReportUtility:21 - Test Passed: ScoreValidation passed
2026-01-30 15:27:58 INFO  ExtentReportUtility:16 - ScoreValidationTest Started
2026-01-30 15:28:01 INFO  ScoreValidationTest_2:16 - Input form submitted
2026-01-30 15:28:01 INFO  ScoreValidationTest_2:16 - Reset Button Clicked
2026-01-30 15:28:01 INFO  ExtentReportUtility:21 - Test Passed: ScoreValidation passed
2026-01-30 15:28:01 INFO  ExtentReportUtility:16 - ScoreValidationTest Started
2026-01-30 15:28:02 INFO  ScoreValidationTest_2:16 - Input form submitted
2026-01-30 15:28:02 INFO  ScoreValidationTest_2:16 - Reset Button Clicked
2026-01-30 15:28:02 INFO  ExtentReportUtility:21 - Test Passed: ScoreValidation passed
2026-01-30 15:28:02 INFO  ExtentReportUtility:16 - ScoreValidationTest Started
2026-01-30 15:28:03 INFO  ResultUIValidationTest:92 - Navigated to: https://yalanuwu.github.io/Health-Index-Calculator
2026-01-30 15:28:03 INFO  ExtentReportUtility:16 - resultCardUiValidationTest Started
2026-01-30 15:28:04 INFO  ScoreValidationTest_2:16 - Input form submitted
2026-01-30 15:28:05 INFO  ScoreValidationTest_2:16 - Reset Button Clicked
2026-01-30 15:28:05 INFO  ExtentReportUtility:21 - Test Passed: ScoreValidation passed
2026-01-30 15:28:05 INFO  ExtentReportUtility:16 - ScoreValidationTest Started
2026-01-30 15:28:07 INFO  ScoreValidationTest_2:16 - Input form submitted
2026-01-30 15:28:08 INFO  ExtentReportUtility:21 - Test Passed: resultCardUiValidation passed
2026-01-30 15:28:08 INFO  ScoreValidationTest_2:16 - Reset Button Clicked
2026-01-30 15:28:08 INFO  ExtentReportUtility:21 - Test Passed: ScoreValidation passed
2026-01-30 15:28:08 INFO  ExtentReportUtility:16 - ScoreValidationTest Started
2026-01-30 15:28:11 INFO  ScoreValidationTest_2:16 - Input form submitted
2026-01-30 15:28:11 INFO  ScoreValidationTest_2:16 - Reset Button Clicked
2026-01-30 15:28:11 INFO  ExtentReportUtility:21 - Test Passed: ScoreValidation passed
2026-01-30 15:28:11 INFO  ExtentReportUtility:16 - ScoreValidationTest Started
2026-01-30 15:28:15 INFO  ScoreValidationTest_2:16 - Input form submitted
2026-01-30 15:28:16 INFO  ScoreValidationTest_2:16 - Reset Button Clicked
2026-01-30 15:28:16 INFO  ExtentReportUtility:21 - Test Passed: ScoreValidation passed
2026-01-30 15:28:16 INFO  ExtentReportUtility:16 - ScoreValidationTest Started
2026-01-30 15:28:18 INFO  ScoreValidationTest_2:86 - chromebrowser launched
2026-01-30 15:28:20 INFO  ScoreValidationTest_2:16 - Input form submitted
2026-01-30 15:28:20 INFO  ScoreValidationTest_2:92 - Navigated to: https://yalanuwu.github.io/Health-Index-Calculator
2026-01-30 15:28:20 INFO  ExtentReportUtility:16 - ScoreValidationTest Started
2026-01-30 15:28:20 INFO  ScoreValidationTest_2:16 - Reset Button Clicked
2026-01-30 15:28:20 INFO  ExtentReportUtility:21 - Test Passed: ScoreValidation passed
2026-01-30 15:28:20 INFO  ExtentReportUtility:16 - ScoreValidationTest Started
2026-01-30 15:28:22 INFO  ScoreValidationTest_2:16 - Input form submitted
2026-01-30 15:28:23 INFO  ScoreValidationTest_2:16 - Input form submitted
2026-01-30 15:28:23 INFO  ScoreValidationTest_2:16 - Reset Button Clicked
2026-01-30 15:28:23 INFO  ExtentReportUtility:21 - Test Passed: ScoreValidation passed
2026-01-30 15:28:23 INFO  ExtentReportUtility:16 - ScoreValidationTest Started
2026-01-30 15:28:23 INFO  ScoreValidationTest_2:16 - Reset Button Clicked
2026-01-30 15:28:23 INFO  ExtentReportUtility:21 - Test Passed: ScoreValidation passed
2026-01-30 15:28:23 INFO  ExtentReportUtility:16 - ScoreValidationTest Started
2026-01-30 15:28:25 INFO  ScoreValidationTest_2:16 - Input form submitted
2026-01-30 15:28:25 INFO  ScoreValidationTest_2:16 - Input form submitted
2026-01-30 15:28:25 INFO  ScoreValidationTest_2:16 - Reset Button Clicked
2026-01-30 15:28:25 INFO  ExtentReportUtility:21 - Test Passed: ScoreValidation passed
2026-01-30 15:28:25 INFO  ExtentReportUtility:16 - ScoreValidationTest Started
2026-01-30 15:28:25 INFO  ScoreValidationTest_2:16 - Reset Button Clicked
2026-01-30 15:28:25 INFO  ExtentReportUtility:21 - Test Passed: ScoreValidation passed
2026-01-30 15:28:25 INFO  ExtentReportUtility:16 - ScoreValidationTest Started
2026-01-30 15:28:27 INFO  ScoreValidationTest_2:16 - Input form submitted
2026-01-30 15:28:27 INFO  ExtentReportUtility:21 - Test Passed: ScoreValidation passed
2026-01-30 15:28:27 INFO  ExtentReportUtility:16 - ScoreValidationTest Started
2026-01-30 15:28:28 INFO  ScoreValidationTest_2:16 - Input form submitted
2026-01-30 15:28:28 INFO  ScoreValidationTest_2:16 - Reset Button Clicked
2026-01-30 15:28:28 INFO  ExtentReportUtility:21 - Test Passed: ScoreValidation passed
2026-01-30 15:28:28 INFO  ExtentReportUtility:16 - ScoreValidationTest Started
2026-01-30 15:28:31 INFO  ScoreValidationTest_2:16 - Input form submitted
2026-01-30 15:28:32 INFO  ScoreValidationTest_2:16 - Reset Button Clicked
2026-01-30 15:28:32 INFO  ExtentReportUtility:21 - Test Passed: ScoreValidation passed
2026-01-30 15:28:32 INFO  ExtentReportUtility:16 - ScoreValidationTest Started
2026-01-30 15:28:33 INFO  ScoreValidationTest_2:16 - Input form submitted
2026-01-30 15:28:33 INFO  ScoreValidationTest_2:16 - Reset Button Clicked
2026-01-30 15:28:33 INFO  ExtentReportUtility:21 - Test Passed: ScoreValidation passed
2026-01-30 15:28:33 INFO  ExtentReportUtility:16 - ScoreValidationTest Started
2026-01-30 15:28:35 INFO  ScoreValidationTest_2:16 - Input form submitted
2026-01-30 15:28:36 INFO  ScoreValidationTest_2:16 - Reset Button Clicked
2026-01-30 15:28:36 INFO  ExtentReportUtility:21 - Test Passed: ScoreValidation passed
2026-01-30 15:28:36 INFO  ExtentReportUtility:16 - ScoreValidationTest Started
2026-01-30 15:28:37 INFO  ScoreValidationTest_2:16 - Input form submitted
2026-01-30 15:28:37 INFO  ScoreValidationTest_2:16 - Reset Button Clicked
2026-01-30 15:28:37 INFO  ExtentReportUtility:21 - Test Passed: ScoreValidation passed
2026-01-30 15:28:37 INFO  ExtentReportUtility:16 - ScoreValidationTest Started
2026-01-30 15:28:39 INFO  ScoreValidationTest_2:16 - Input form submitted
2026-01-30 15:28:39 INFO  ScoreValidationTest_2:16 - Reset Button Clicked
2026-01-30 15:28:39 INFO  ExtentReportUtility:21 - Test Passed: ScoreValidation passed
2026-01-30 15:28:39 INFO  ExtentReportUtility:16 - ScoreValidationTest Started
2026-01-30 15:28:40 INFO  ScoreValidationTest_2:16 - Input form submitted
2026-01-30 15:28:40 INFO  ScoreValidationTest_2:16 - Reset Button Clicked
2026-01-30 15:28:40 INFO  ExtentReportUtility:21 - Test Passed: ScoreValidation passed
2026-01-30 15:28:40 INFO  ExtentReportUtility:16 - ScoreValidationTest Started
2026-01-30 15:28:41 INFO  ScoreValidationTest_2:16 - Input form submitted
2026-01-30 15:28:42 INFO  ScoreValidationTest_2:16 - Reset Button Clicked
2026-01-30 15:28:42 INFO  ExtentReportUtility:21 - Test Passed: ScoreValidation passed
2026-01-30 15:28:42 INFO  ExtentReportUtility:16 - ScoreValidationTest Started
2026-01-30 15:28:43 INFO  ScoreValidationTest_2:16 - Input form submitted
2026-01-30 15:28:43 INFO  ScoreValidationTest_2:16 - Reset Button Clicked
2026-01-30 15:28:43 INFO  ExtentReportUtility:21 - Test Passed: ScoreValidation passed
2026-01-30 15:28:43 INFO  ExtentReportUtility:16 - ScoreValidationTest Started
2026-01-30 15:28:44 INFO  ScoreValidationTest_2:16 - Input form submitted
2026-01-30 15:28:44 INFO  ScoreValidationTest_2:16 - Reset Button Clicked
2026-01-30 15:28:44 INFO  ExtentReportUtility:21 - Test Passed: ScoreValidation passed
2026-01-30 15:28:44 INFO  ExtentReportUtility:16 - ScoreValidationTest Started
2026-01-30 15:28:45 INFO  ScoreValidationTest_2:16 - Input form submitted
2026-01-30 15:28:45 INFO  ScoreValidationTest_2:16 - Reset Button Clicked
2026-01-30 15:28:45 INFO  ExtentReportUtility:21 - Test Passed: ScoreValidation passed
2026-01-30 15:28:45 INFO  ExtentReportUtility:16 - ScoreValidationTest Started
2026-01-30 15:28:46 INFO  ScoreValidationTest_2:16 - Input form submitted
2026-01-30 15:28:46 INFO  ScoreValidationTest_2:16 - Reset Button Clicked
2026-01-30 15:28:46 INFO  ExtentReportUtility:21 - Test Passed: ScoreValidation passed
2026-01-30 15:28:46 INFO  ExtentReportUtility:16 - ScoreValidationTest Started
2026-01-30 15:28:47 INFO  ScoreValidationTest_2:16 - Input form submitted
2026-01-30 15:28:48 INFO  ScoreValidationTest_2:16 - Reset Button Clicked
2026-01-30 15:28:48 INFO  ExtentReportUtility:21 - Test Passed: ScoreValidation passed
2026-01-30 15:28:48 INFO  ExtentReportUtility:16 - ScoreValidationTest Started
2026-01-30 15:28:49 INFO  ScoreValidationTest_2:16 - Input form submitted
2026-01-30 15:28:49 INFO  ScoreValidationTest_2:16 - Reset Button Clicked
2026-01-30 15:28:49 INFO  ExtentReportUtility:21 - Test Passed: ScoreValidation passed
2026-01-30 15:28:49 INFO  ExtentReportUtility:16 - testInputFieldsPresenceTest Started
2026-01-30 15:28:50 INFO  ScoreValidationTest_2:16 - Input form submitted
2026-01-30 15:28:50 INFO  ScoreValidationTest_2:16 - Reset Button Clicked
2026-01-30 15:28:50 INFO  ExtentReportUtility:21 - Test Passed: ScoreValidation passed
2026-01-30 15:28:50 INFO  ExtentReportUtility:16 - ScoreValidationTest Started
2026-01-30 15:28:51 INFO  ExtentReportUtility:21 - Test Passed: testInputFieldsPresence passed
2026-01-30 15:28:51 INFO  ExtentReportUtility:16 - testInputFieldsWithInvalidDataTest Started
2026-01-30 15:28:52 INFO  ScoreValidationTest_2:16 - Input form submitted
2026-01-30 15:28:53 INFO  ScoreValidationTest_2:16 - Reset Button Clicked
2026-01-30 15:28:53 INFO  ExtentReportUtility:21 - Test Passed: ScoreValidation passed
2026-01-30 15:28:53 INFO  ExtentReportUtility:16 - ScoreValidationTest Started
2026-01-30 15:28:53 INFO  FormFieldValidationTest_2:16 - Input Form submitted with invalid data
2026-01-30 15:28:53 INFO  FormFieldValidationTest_2:16 - Name Field validation passed.
2026-01-30 15:28:53 INFO  ExtentReportUtility:21 - Test Passed: testInputFieldsWithInvalidData passed
2026-01-30 15:28:53 INFO  ExtentReportUtility:16 - testInputFieldsWithInvalidDataTest Started
2026-01-30 15:28:55 INFO  ScoreValidationTest_2:16 - Input form submitted
2026-01-30 15:28:56 INFO  ScoreValidationTest_2:16 - Reset Button Clicked
2026-01-30 15:28:56 INFO  ExtentReportUtility:21 - Test Passed: ScoreValidation passed
2026-01-30 15:28:56 INFO  ExtentReportUtility:16 - ScoreValidationTest Started
2026-01-30 15:28:56 INFO  FormFieldValidationTest_2:16 - Input Form submitted with invalid data
2026-01-30 15:28:57 INFO  FormFieldValidationTest_2:16 - Name Field validation passed.
2026-01-30 15:28:57 INFO  ExtentReportUtility:21 - Test Passed: testInputFieldsWithInvalidData passed
2026-01-30 15:28:57 INFO  ExtentReportUtility:16 - testInputFieldsWithInvalidDataTest Started
2026-01-30 15:28:58 INFO  ScoreValidationTest_2:16 - Input form submitted
2026-01-30 15:28:59 INFO  ScoreValidationTest_2:16 - Reset Button Clicked
2026-01-30 15:28:59 INFO  ExtentReportUtility:21 - Test Passed: ScoreValidation passed
2026-01-30 15:28:59 INFO  ExtentReportUtility:16 - ScoreValidationTest Started
2026-01-30 15:28:59 INFO  FormFieldValidationTest_2:16 - Input Form submitted with invalid data
2026-01-30 15:28:59 INFO  FormFieldValidationTest_2:16 - Name Field validation passed.
2026-01-30 15:28:59 INFO  ExtentReportUtility:21 - Test Passed: testInputFieldsWithInvalidData passed
2026-01-30 15:28:59 INFO  ExtentReportUtility:16 - testInputFieldsWithInvalidDataTest Started
2026-01-30 15:29:01 INFO  ScoreValidationTest_2:16 - Input form submitted
2026-01-30 15:29:01 INFO  ExtentReportUtility:21 - Test Passed: ScoreValidation passed
2026-01-30 15:29:01 INFO  ExtentReportUtility:16 - ScoreValidationTest Started
2026-01-30 15:29:01 INFO  FormFieldValidationTest_2:16 - Input Form submitted with invalid data
2026-01-30 15:29:02 INFO  FormFieldValidationTest_2:16 - Reset Button Clicked
2026-01-30 15:29:02 ERROR ExtentReportUtility:26 - Test Failed: Test Failed: testInputFieldsWithInvalidData - java.lang.AssertionError: Unexpected result card displayed for InvalidName Field
2026-01-30 15:29:02 INFO  ExtentReportUtility:192 - Screenshot captured for test: testInputFieldsWithInvalidData
2026-01-30 15:29:02 INFO  ExtentReportUtility:85 - Screenshot attached for failed test: screenshots/testInputFieldsWithInvalidData_20260130_152902.png
2026-01-30 15:29:02 INFO  ExtentReportUtility:114 - Performing AI analysis for failed test: testInputFieldsWithInvalidData
2026-01-30 15:29:04 INFO  ScoreValidationTest_2:16 - Input form submitted
2026-01-30 15:29:04 INFO  ScoreValidationTest_2:16 - Reset Button Clicked
2026-01-30 15:29:04 INFO  ExtentReportUtility:21 - Test Passed: ScoreValidation passed
2026-01-30 15:29:04 INFO  ExtentReportUtility:16 - ScoreValidationTest Started
2026-01-30 15:29:07 INFO  ScoreValidationTest_2:16 - Input form submitted
2026-01-30 15:29:07 INFO  ScoreValidationTest_2:16 - Reset Button Clicked
2026-01-30 15:29:07 INFO  ExtentReportUtility:21 - Test Passed: ScoreValidation passed
2026-01-30 15:29:07 INFO  ExtentReportUtility:16 - ScoreValidationTest Started
2026-01-30 15:29:10 INFO  ExtentReportUtility:124 - AI analysis added to Extent Report
2026-01-30 15:29:10 INFO  ExtentReportUtility:131 - AI analysis added to Allure Report
2026-01-30 15:29:10 INFO  ExtentReportUtility:16 - testInputFieldsWithInvalidDataTest Started
2026-01-30 15:29:10 INFO  ScoreValidationTest_2:16 - Input form submitted
2026-01-30 15:29:11 INFO  ScoreValidationTest_2:16 - Reset Button Clicked
2026-01-30 15:29:11 INFO  ExtentReportUtility:21 - Test Passed: ScoreValidation passed
2026-01-30 15:29:11 INFO  ExtentReportUtility:16 - ScoreValidationTest Started
2026-01-30 15:29:15 INFO  FormFieldValidationTest_2:16 - Input Form submitted with invalid data
2026-01-30 15:29:15 INFO  ScoreValidationTest_2:16 - Input form submitted
2026-01-30 15:29:15 INFO  FormFieldValidationTest_2:16 - Name Field validation passed.
2026-01-30 15:29:15 INFO  ExtentReportUtility:21 - Test Passed: testInputFieldsWithInvalidData passed
2026-01-30 15:29:15 INFO  ExtentReportUtility:16 - testInputFieldsWithInvalidDataTest Started
2026-01-30 15:29:16 INFO  ScoreValidationTest_2:16 - Reset Button Clicked
2026-01-30 15:29:16 INFO  ExtentReportUtility:21 - Test Passed: ScoreValidation passed
2026-01-30 15:29:16 INFO  ExtentReportUtility:16 - ScoreValidationTest Started
2026-01-30 15:29:20 INFO  ScoreValidationTest_2:16 - Input form submitted
2026-01-30 15:29:21 INFO  ScoreValidationTest_2:16 - Reset Button Clicked
2026-01-30 15:29:21 INFO  ExtentReportUtility:21 - Test Passed: ScoreValidation passed
2026-01-30 15:29:21 INFO  ExtentReportUtility:16 - ScoreValidationTest Started
2026-01-30 15:29:21 INFO  FormFieldValidationTest_2:16 - Input Form submitted with invalid data
2026-01-30 15:29:21 INFO  FormFieldValidationTest_2:16 - Name Field validation passed.
2026-01-30 15:29:21 INFO  ExtentReportUtility:21 - Test Passed: testInputFieldsWithInvalidData passed
2026-01-30 15:29:21 INFO  ExtentReportUtility:16 - testInputFieldsWithInvalidDataTest Started
2026-01-30 15:29:24 INFO  ScoreValidationTest_2:16 - Input form submitted
2026-01-30 15:29:24 INFO  ScoreValidationTest_2:16 - Reset Button Clicked
2026-01-30 15:29:24 INFO  ExtentReportUtility:21 - Test Passed: ScoreValidation passed
2026-01-30 15:29:24 INFO  ExtentReportUtility:16 - ScoreValidationTest Started
2026-01-30 15:29:24 INFO  FormFieldValidationTest_2:16 - Input Form submitted with invalid data
2026-01-30 15:29:24 INFO  FormFieldValidationTest_2:16 - Name Field validation passed.
2026-01-30 15:29:24 INFO  ExtentReportUtility:21 - Test Passed: testInputFieldsWithInvalidData passed
2026-01-30 15:29:24 INFO  ExtentReportUtility:16 - testInputFieldsWithInvalidDataTest Started
2026-01-30 15:29:27 INFO  ScoreValidationTest_2:16 - Input form submitted
2026-01-30 15:29:28 INFO  ScoreValidationTest_2:16 - Reset Button Clicked
2026-01-30 15:29:28 INFO  ExtentReportUtility:21 - Test Passed: ScoreValidation passed
2026-01-30 15:29:28 INFO  ExtentReportUtility:16 - testInputFieldsPresenceTest Started
2026-01-30 15:29:28 INFO  FormFieldValidationTest_2:16 - Input Form submitted with invalid data
2026-01-30 15:29:29 INFO  FormFieldValidationTest_2:16 - Age Field validation passed.
2026-01-30 15:29:29 INFO  ExtentReportUtility:21 - Test Passed: testInputFieldsWithInvalidData passed
2026-01-30 15:29:29 INFO  ExtentReportUtility:16 - testInputFieldsWithInvalidDataTest Started
2026-01-30 15:29:31 INFO  ExtentReportUtility:21 - Test Passed: testInputFieldsPresence passed
2026-01-30 15:29:31 INFO  ExtentReportUtility:16 - testInputFieldsWithInvalidDataTest Started
2026-01-30 15:29:33 INFO  FormFieldValidationTest_2:16 - Input Form submitted with invalid data
2026-01-30 15:29:33 INFO  FormFieldValidationTest_2:16 - Age Field validation passed.
2026-01-30 15:29:33 INFO  ExtentReportUtility:21 - Test Passed: testInputFieldsWithInvalidData passed
2026-01-30 15:29:33 INFO  ExtentReportUtility:16 - testInputFieldsWithInvalidDataTest Started
2026-01-30 15:29:36 INFO  FormFieldValidationTest_2:16 - Input Form submitted with invalid data
2026-01-30 15:29:37 ERROR FormFieldValidationTest_2:26 - Test Failed: Name Field validation failed. Expected: [Please match the requested format.] | Actual: [Please match the format requested.]
2026-01-30 15:29:37 ERROR ExtentReportUtility:26 - Test Failed: Test Failed: testInputFieldsWithInvalidData - java.lang.AssertionError: Validation failed for Name Field expected [Please match the requested format.] but found [Please match the format requested.]
2026-01-30 15:29:37 INFO  ExtentReportUtility:192 - Screenshot captured for test: testInputFieldsWithInvalidData
2026-01-30 15:29:37 INFO  ExtentReportUtility:85 - Screenshot attached for failed test: screenshots/testInputFieldsWithInvalidData_20260130_152937.png
2026-01-30 15:29:37 INFO  ExtentReportUtility:114 - Performing AI analysis for failed test: testInputFieldsWithInvalidData
2026-01-30 15:29:38 INFO  FormFieldValidationTest_2:16 - Input Form submitted with invalid data
2026-01-30 15:29:38 INFO  FormFieldValidationTest_2:16 - Age Field validation passed.
2026-01-30 15:29:38 INFO  ExtentReportUtility:21 - Test Passed: testInputFieldsWithInvalidData passed
2026-01-30 15:29:38 INFO  ExtentReportUtility:16 - testInputFieldsWithInvalidDataTest Started
2026-01-30 15:29:42 INFO  FormFieldValidationTest_2:16 - Input Form submitted with invalid data
2026-01-30 15:29:43 INFO  FormFieldValidationTest_2:16 - Age Field validation passed.
2026-01-30 15:29:43 INFO  ExtentReportUtility:21 - Test Passed: testInputFieldsWithInvalidData passed
2026-01-30 15:29:43 INFO  ExtentReportUtility:16 - testInputFieldsWithInvalidDataTest Started
2026-01-30 15:29:45 INFO  ExtentReportUtility:124 - AI analysis added to Extent Report
2026-01-30 15:29:45 INFO  ExtentReportUtility:131 - AI analysis added to Allure Report
2026-01-30 15:29:45 INFO  ExtentReportUtility:16 - testInputFieldsWithInvalidDataTest Started
2026-01-30 15:29:46 INFO  FormFieldValidationTest_2:16 - Input Form submitted with invalid data
2026-01-30 15:29:46 ERROR FormFieldValidationTest_2:26 - Test Failed: Age Field validation failed. Expected: [Please fill out this field.] | Actual: [Please fill in this field.]
2026-01-30 15:29:46 ERROR ExtentReportUtility:26 - Test Failed: Test Failed: testInputFieldsWithInvalidData - java.lang.AssertionError: Validation failed for Age Field expected [Please fill out this field.] but found [Please fill in this field.]
2026-01-30 15:29:47 INFO  ExtentReportUtility:192 - Screenshot captured for test: testInputFieldsWithInvalidData
2026-01-30 15:29:47 INFO  ExtentReportUtility:85 - Screenshot attached for failed test: screenshots/testInputFieldsWithInvalidData_20260130_152947.png
2026-01-30 15:29:47 INFO  ExtentReportUtility:114 - Performing AI analysis for failed test: testInputFieldsWithInvalidData
2026-01-30 15:29:50 INFO  FormFieldValidationTest_2:16 - Input Form submitted with invalid data
2026-01-30 15:29:50 ERROR FormFieldValidationTest_2:26 - Test Failed: Name Field validation failed. Expected: [Please match the requested format.] | Actual: [Please match the format requested.]
2026-01-30 15:29:50 ERROR ExtentReportUtility:26 - Test Failed: Test Failed: testInputFieldsWithInvalidData - java.lang.AssertionError: Validation failed for Name Field expected [Please match the requested format.] but found [Please match the format requested.]
2026-01-30 15:29:51 INFO  ExtentReportUtility:192 - Screenshot captured for test: testInputFieldsWithInvalidData
2026-01-30 15:29:51 INFO  ExtentReportUtility:85 - Screenshot attached for failed test: screenshots/testInputFieldsWithInvalidData_20260130_152951.png
2026-01-30 15:29:51 INFO  ExtentReportUtility:114 - Performing AI analysis for failed test: testInputFieldsWithInvalidData
2026-01-30 15:29:55 INFO  ExtentReportUtility:124 - AI analysis added to Extent Report
2026-01-30 15:29:55 INFO  ExtentReportUtility:131 - AI analysis added to Allure Report
2026-01-30 15:29:56 INFO  ExtentReportUtility:16 - testInputFieldsWithInvalidDataTest Started
2026-01-30 15:29:58 INFO  ExtentReportUtility:124 - AI analysis added to Extent Report
2026-01-30 15:29:58 INFO  ExtentReportUtility:131 - AI analysis added to Allure Report
2026-01-30 15:29:58 INFO  ExtentReportUtility:16 - testInputFieldsWithInvalidDataTest Started
2026-01-30 15:30:00 INFO  FormFieldValidationTest_2:16 - Input Form submitted with invalid data
2026-01-30 15:30:01 INFO  FormFieldValidationTest_2:16 - Reset Button Clicked
2026-01-30 15:30:01 ERROR ExtentReportUtility:26 - Test Failed: Test Failed: testInputFieldsWithInvalidData - java.lang.AssertionError: Unexpected result card displayed for InvalidAge Field
2026-01-30 15:30:01 INFO  ExtentReportUtility:192 - Screenshot captured for test: testInputFieldsWithInvalidData
2026-01-30 15:30:01 INFO  ExtentReportUtility:85 - Screenshot attached for failed test: screenshots/testInputFieldsWithInvalidData_20260130_153001.png
2026-01-30 15:30:01 INFO  ExtentReportUtility:114 - Performing AI analysis for failed test: testInputFieldsWithInvalidData
2026-01-30 15:30:02 INFO  FormFieldValidationTest_2:16 - Input Form submitted with invalid data
2026-01-30 15:30:02 ERROR FormFieldValidationTest_2:26 - Test Failed: Name Field validation failed. Expected: [Please match the requested format.] | Actual: [Please match the format requested.]
2026-01-30 15:30:02 ERROR ExtentReportUtility:26 - Test Failed: Test Failed: testInputFieldsWithInvalidData - java.lang.AssertionError: Validation failed for Name Field expected [Please match the requested format.] but found [Please match the format requested.]
2026-01-30 15:30:02 INFO  ExtentReportUtility:192 - Screenshot captured for test: testInputFieldsWithInvalidData
2026-01-30 15:30:02 INFO  ExtentReportUtility:85 - Screenshot attached for failed test: screenshots/testInputFieldsWithInvalidData_20260130_153002.png
2026-01-30 15:30:02 INFO  ExtentReportUtility:114 - Performing AI analysis for failed test: testInputFieldsWithInvalidData
2026-01-30 15:30:05 INFO  ExtentReportUtility:124 - AI analysis added to Extent Report
2026-01-30 15:30:05 INFO  ExtentReportUtility:131 - AI analysis added to Allure Report
2026-01-30 15:30:06 INFO  ExtentReportUtility:16 - testInputFieldsWithInvalidDataTest Started
2026-01-30 15:30:08 INFO  ExtentReportUtility:124 - AI analysis added to Extent Report
2026-01-30 15:30:08 INFO  ExtentReportUtility:131 - AI analysis added to Allure Report
2026-01-30 15:30:08 INFO  ExtentReportUtility:16 - testInputFieldsWithInvalidDataTest Started
2026-01-30 15:30:14 INFO  FormFieldValidationTest_2:16 - Input Form submitted with invalid data
2026-01-30 15:30:15 INFO  FormFieldValidationTest_2:16 - Reset Button Clicked
2026-01-30 15:30:15 ERROR ExtentReportUtility:26 - Test Failed: Test Failed: testInputFieldsWithInvalidData - java.lang.AssertionError: Unexpected result card displayed for InvalidName Field
2026-01-30 15:30:15 INFO  ExtentReportUtility:192 - Screenshot captured for test: testInputFieldsWithInvalidData
2026-01-30 15:30:15 INFO  ExtentReportUtility:85 - Screenshot attached for failed test: screenshots/testInputFieldsWithInvalidData_20260130_153015.png
2026-01-30 15:30:15 INFO  ExtentReportUtility:114 - Performing AI analysis for failed test: testInputFieldsWithInvalidData
2026-01-30 15:30:20 INFO  ExtentReportUtility:124 - AI analysis added to Extent Report
2026-01-30 15:30:20 INFO  ExtentReportUtility:131 - AI analysis added to Allure Report
2026-01-30 15:30:20 INFO  ExtentReportUtility:16 - testInputFieldsWithInvalidDataTest Started
2026-01-30 15:30:20 INFO  FormFieldValidationTest_2:16 - Input Form submitted with invalid data
2026-01-30 15:30:21 INFO  FormFieldValidationTest_2:16 - Pulse Field validation passed.
2026-01-30 15:30:21 INFO  ExtentReportUtility:21 - Test Passed: testInputFieldsWithInvalidData passed
2026-01-30 15:30:21 INFO  ExtentReportUtility:16 - testInputFieldsWithInvalidDataTest Started
2026-01-30 15:30:23 INFO  FormFieldValidationTest_2:16 - Input Form submitted with invalid data
2026-01-30 15:30:23 ERROR FormFieldValidationTest_2:26 - Test Failed: Name Field validation failed. Expected: [Please match the requested format.] | Actual: [Please match the format requested.]
2026-01-30 15:30:23 ERROR ExtentReportUtility:26 - Test Failed: Test Failed: testInputFieldsWithInvalidData - java.lang.AssertionError: Validation failed for Name Field expected [Please match the requested format.] but found [Please match the format requested.]
2026-01-30 15:30:23 INFO  ExtentReportUtility:192 - Screenshot captured for test: testInputFieldsWithInvalidData
2026-01-30 15:30:23 INFO  ExtentReportUtility:85 - Screenshot attached for failed test: screenshots/testInputFieldsWithInvalidData_20260130_153023.png
2026-01-30 15:30:23 INFO  ExtentReportUtility:114 - Performing AI analysis for failed test: testInputFieldsWithInvalidData
2026-01-30 15:30:24 INFO  FormFieldValidationTest_2:16 - Input Form submitted with invalid data
2026-01-30 15:30:24 INFO  FormFieldValidationTest_2:16 - Pulse Field validation passed.
2026-01-30 15:30:24 INFO  ExtentReportUtility:21 - Test Passed: testInputFieldsWithInvalidData passed
2026-01-30 15:30:24 INFO  ExtentReportUtility:16 - testInputFieldsWithInvalidDataTest Started
2026-01-30 15:30:27 INFO  FormFieldValidationTest_2:16 - Input Form submitted with invalid data
2026-01-30 15:30:28 INFO  FormFieldValidationTest_2:16 - Systolic BP Field validation passed.
2026-01-30 15:30:28 INFO  ExtentReportUtility:21 - Test Passed: testInputFieldsWithInvalidData passed
2026-01-30 15:30:28 INFO  ExtentReportUtility:16 - testInputFieldsWithInvalidDataTest Started
2026-01-30 15:30:30 INFO  ExtentReportUtility:124 - AI analysis added to Extent Report
2026-01-30 15:30:30 INFO  ExtentReportUtility:131 - AI analysis added to Allure Report
2026-01-30 15:30:30 INFO  ExtentReportUtility:16 - testInputFieldsWithInvalidDataTest Started
2026-01-30 15:30:31 INFO  FormFieldValidationTest_2:16 - Input Form submitted with invalid data
2026-01-30 15:30:31 INFO  FormFieldValidationTest_2:16 - Systolic BP Field validation passed.
2026-01-30 15:30:31 INFO  ExtentReportUtility:21 - Test Passed: testInputFieldsWithInvalidData passed
2026-01-30 15:30:31 INFO  ExtentReportUtility:16 - testInputFieldsWithInvalidDataTest Started
2026-01-30 15:30:31 INFO  FormFieldValidationTest_2:16 - Input Form submitted with invalid data
2026-01-30 15:30:31 ERROR FormFieldValidationTest_2:26 - Test Failed: Name Field validation failed. Expected: [Please match the requested format.] | Actual: [Please match the format requested.]
2026-01-30 15:30:31 ERROR ExtentReportUtility:26 - Test Failed: Test Failed: testInputFieldsWithInvalidData - java.lang.AssertionError: Validation failed for Name Field expected [Please match the requested format.] but found [Please match the format requested.]
2026-01-30 15:30:31 INFO  ExtentReportUtility:192 - Screenshot captured for test: testInputFieldsWithInvalidData
2026-01-30 15:30:31 INFO  ExtentReportUtility:85 - Screenshot attached for failed test: screenshots/testInputFieldsWithInvalidData_20260130_153031.png
2026-01-30 15:30:31 INFO  ExtentReportUtility:114 - Performing AI analysis for failed test: testInputFieldsWithInvalidData
2026-01-30 15:30:31 INFO  FormFieldValidationTest_2:16 - Input Form submitted with invalid data
2026-01-30 15:30:31 INFO  FormFieldValidationTest_2:16 - Systolic BP Field validation passed.
2026-01-30 15:30:31 INFO  ExtentReportUtility:21 - Test Passed: testInputFieldsWithInvalidData passed
2026-01-30 15:30:31 INFO  ExtentReportUtility:16 - testInputFieldsWithInvalidDataTest Started
2026-01-30 15:30:32 INFO  FormFieldValidationTest_2:16 - Input Form submitted with invalid data
2026-01-30 15:30:32 INFO  FormFieldValidationTest_2:16 - Systolic BP Field validation passed.
2026-01-30 15:30:32 INFO  ExtentReportUtility:21 - Test Passed: testInputFieldsWithInvalidData passed
2026-01-30 15:30:32 INFO  ExtentReportUtility:16 - testInputFieldsWithInvalidDataTest Started
2026-01-30 15:30:33 INFO  FormFieldValidationTest_2:16 - Input Form submitted with invalid data
2026-01-30 15:30:33 INFO  FormFieldValidationTest_2:16 - Systolic BP Field validation passed.
2026-01-30 15:30:33 INFO  ExtentReportUtility:21 - Test Passed: testInputFieldsWithInvalidData passed
2026-01-30 15:30:33 INFO  ExtentReportUtility:16 - testInputFieldsWithInvalidDataTest Started
2026-01-30 15:30:35 INFO  FormFieldValidationTest_2:16 - Input Form submitted with invalid data
2026-01-30 15:30:36 ERROR FormFieldValidationTest_2:26 - Test Failed: Systolic BP Field validation failed. Expected: [Please fill out this field.] | Actual: [Please fill in this field.]
2026-01-30 15:30:36 ERROR ExtentReportUtility:26 - Test Failed: Test Failed: testInputFieldsWithInvalidData - java.lang.AssertionError: Validation failed for Systolic BP Field expected [Please fill out this field.] but found [Please fill in this field.]
2026-01-30 15:30:36 INFO  ExtentReportUtility:124 - AI analysis added to Extent Report
2026-01-30 15:30:36 INFO  ExtentReportUtility:131 - AI analysis added to Allure Report
2026-01-30 15:30:36 INFO  ExtentReportUtility:16 - testInputFieldsWithInvalidDataTest Started
2026-01-30 15:30:36 INFO  ExtentReportUtility:192 - Screenshot captured for test: testInputFieldsWithInvalidData
2026-01-30 15:30:36 INFO  ExtentReportUtility:85 - Screenshot attached for failed test: screenshots/testInputFieldsWithInvalidData_20260130_153036.png
2026-01-30 15:30:36 INFO  ExtentReportUtility:114 - Performing AI analysis for failed test: testInputFieldsWithInvalidData
2026-01-30 15:30:39 INFO  FormFieldValidationTest_2:16 - Input Form submitted with invalid data
2026-01-30 15:30:39 ERROR FormFieldValidationTest_2:26 - Test Failed: Name Field validation failed. Expected: [Please match the requested format.] | Actual: [Please match the format requested.]
2026-01-30 15:30:39 ERROR ExtentReportUtility:26 - Test Failed: Test Failed: testInputFieldsWithInvalidData - java.lang.AssertionError: Validation failed for Name Field expected [Please match the requested format.] but found [Please match the format requested.]
2026-01-30 15:30:40 INFO  ExtentReportUtility:192 - Screenshot captured for test: testInputFieldsWithInvalidData
2026-01-30 15:30:40 INFO  ExtentReportUtility:85 - Screenshot attached for failed test: screenshots/testInputFieldsWithInvalidData_20260130_153040.png
2026-01-30 15:30:40 INFO  ExtentReportUtility:114 - Performing AI analysis for failed test: testInputFieldsWithInvalidData
2026-01-30 15:30:40 INFO  ExtentReportUtility:124 - AI analysis added to Extent Report
2026-01-30 15:30:40 INFO  ExtentReportUtility:131 - AI analysis added to Allure Report
2026-01-30 15:30:40 INFO  ExtentReportUtility:16 - testInputFieldsWithInvalidDataTest Started
2026-01-30 15:30:44 INFO  FormFieldValidationTest_2:16 - Input Form submitted with invalid data
2026-01-30 15:30:45 INFO  FormFieldValidationTest_2:16 - Diastolic BP Field validation passed.
2026-01-30 15:30:45 INFO  ExtentReportUtility:21 - Test Passed: testInputFieldsWithInvalidData passed
2026-01-30 15:30:45 INFO  ExtentReportUtility:16 - testInputFieldsWithInvalidDataTest Started
2026-01-30 15:30:46 INFO  ExtentReportUtility:124 - AI analysis added to Extent Report
2026-01-30 15:30:46 INFO  ExtentReportUtility:131 - AI analysis added to Allure Report
2026-01-30 15:30:46 INFO  ExtentReportUtility:16 - testInputFieldsWithInvalidDataTest Started
2026-01-30 15:30:49 INFO  FormFieldValidationTest_2:16 - Input Form submitted with invalid data
2026-01-30 15:30:49 INFO  FormFieldValidationTest_2:16 - Diastolic BP Field validation passed.
2026-01-30 15:30:49 INFO  ExtentReportUtility:21 - Test Passed: testInputFieldsWithInvalidData passed
2026-01-30 15:30:49 INFO  ExtentReportUtility:16 - testInputFieldsWithInvalidDataTest Started
2026-01-30 15:30:50 INFO  FormFieldValidationTest_2:16 - Input Form submitted with invalid data
2026-01-30 15:30:50 INFO  FormFieldValidationTest_2:16 - Age Field validation passed.
2026-01-30 15:30:50 INFO  ExtentReportUtility:21 - Test Passed: testInputFieldsWithInvalidData passed
2026-01-30 15:30:50 INFO  ExtentReportUtility:16 - testInputFieldsWithInvalidDataTest Started
2026-01-30 15:30:52 INFO  FormFieldValidationTest_2:16 - Input Form submitted with invalid data
2026-01-30 15:30:52 INFO  FormFieldValidationTest_2:16 - Diastolic BP Field validation passed.
2026-01-30 15:30:52 INFO  ExtentReportUtility:21 - Test Passed: testInputFieldsWithInvalidData passed
2026-01-30 15:30:52 INFO  ExtentReportUtility:16 - testInputFieldsWithInvalidDataTest Started
2026-01-30 15:30:53 INFO  FormFieldValidationTest_2:16 - Input Form submitted with invalid data
2026-01-30 15:30:53 INFO  FormFieldValidationTest_2:16 - Age Field validation passed.
2026-01-30 15:30:53 INFO  ExtentReportUtility:21 - Test Passed: testInputFieldsWithInvalidData passed
2026-01-30 15:30:53 INFO  ExtentReportUtility:16 - testInputFieldsWithInvalidDataTest Started
2026-01-30 15:30:54 INFO  FormFieldValidationTest_2:16 - Input Form submitted with invalid data
2026-01-30 15:30:54 INFO  FormFieldValidationTest_2:16 - Diastolic BP Field validation passed.
2026-01-30 15:30:54 INFO  ExtentReportUtility:21 - Test Passed: testInputFieldsWithInvalidData passed
2026-01-30 15:30:54 INFO  ExtentReportUtility:16 - testInputFieldsWithInvalidDataTest Started
2026-01-30 15:30:54 INFO  FormFieldValidationTest_2:16 - Input Form submitted with invalid data
2026-01-30 15:30:54 INFO  FormFieldValidationTest_2:16 - Age Field validation passed.
2026-01-30 15:30:54 INFO  ExtentReportUtility:21 - Test Passed: testInputFieldsWithInvalidData passed
2026-01-30 15:30:54 INFO  ExtentReportUtility:16 - testInputFieldsWithInvalidDataTest Started
2026-01-30 15:30:55 INFO  FormFieldValidationTest_2:16 - Input Form submitted with invalid data
2026-01-30 15:30:55 INFO  FormFieldValidationTest_2:16 - Diastolic BP Field validation passed.
2026-01-30 15:30:55 INFO  ExtentReportUtility:21 - Test Passed: testInputFieldsWithInvalidData passed
2026-01-30 15:30:55 INFO  ExtentReportUtility:16 - testInputFieldsWithInvalidDataTest Started
2026-01-30 15:30:56 INFO  FormFieldValidationTest_2:16 - Input Form submitted with invalid data
2026-01-30 15:30:56 INFO  FormFieldValidationTest_2:16 - Age Field validation passed.
2026-01-30 15:30:56 INFO  ExtentReportUtility:21 - Test Passed: testInputFieldsWithInvalidData passed
2026-01-30 15:30:56 INFO  ExtentReportUtility:16 - testInputFieldsWithInvalidDataTest Started
2026-01-30 15:31:00 INFO  FormFieldValidationTest_2:16 - Input Form submitted with invalid data
2026-01-30 15:31:00 ERROR FormFieldValidationTest_2:26 - Test Failed: Diastolic BP Field validation failed. Expected: [Please fill out this field.] | Actual: [Please fill in this field.]
2026-01-30 15:31:00 ERROR ExtentReportUtility:26 - Test Failed: Test Failed: testInputFieldsWithInvalidData - java.lang.AssertionError: Validation failed for Diastolic BP Field expected [Please fill out this field.] but found [Please fill in this field.]
2026-01-30 15:31:00 INFO  ExtentReportUtility:192 - Screenshot captured for test: testInputFieldsWithInvalidData
2026-01-30 15:31:00 INFO  ExtentReportUtility:85 - Screenshot attached for failed test: screenshots/testInputFieldsWithInvalidData_20260130_153100.png
2026-01-30 15:31:00 INFO  ExtentReportUtility:114 - Performing AI analysis for failed test: testInputFieldsWithInvalidData
2026-01-30 15:31:01 INFO  FormFieldValidationTest_2:16 - Input Form submitted with invalid data
2026-01-30 15:31:01 ERROR FormFieldValidationTest_2:26 - Test Failed: Age Field validation failed. Expected: [Please fill out this field.] | Actual: [Please fill in this field.]
2026-01-30 15:31:01 ERROR ExtentReportUtility:26 - Test Failed: Test Failed: testInputFieldsWithInvalidData - java.lang.AssertionError: Validation failed for Age Field expected [Please fill out this field.] but found [Please fill in this field.]
2026-01-30 15:31:02 INFO  ExtentReportUtility:192 - Screenshot captured for test: testInputFieldsWithInvalidData
2026-01-30 15:31:02 INFO  ExtentReportUtility:85 - Screenshot attached for failed test: screenshots/testInputFieldsWithInvalidData_20260130_153102.png
2026-01-30 15:31:02 INFO  ExtentReportUtility:114 - Performing AI analysis for failed test: testInputFieldsWithInvalidData
2026-01-30 15:31:03 INFO  ExtentReportUtility:124 - AI analysis added to Extent Report
2026-01-30 15:31:03 INFO  ExtentReportUtility:131 - AI analysis added to Allure Report
2026-01-30 15:31:08 INFO  ExtentReportUtility:124 - AI analysis added to Extent Report
2026-01-30 15:31:08 INFO  ExtentReportUtility:131 - AI analysis added to Allure Report
2026-01-30 15:31:08 INFO  ExtentReportUtility:16 - testInputFieldsWithInvalidDataTest Started
2026-01-30 15:31:12 INFO  FormFieldValidationTest_2:16 - Input Form submitted with invalid data
2026-01-30 15:31:12 INFO  FormFieldValidationTest_2:16 - Reset Button Clicked
2026-01-30 15:31:12 ERROR ExtentReportUtility:26 - Test Failed: Test Failed: testInputFieldsWithInvalidData - java.lang.AssertionError: Unexpected result card displayed for InvalidAge Field
2026-01-30 15:31:12 INFO  ExtentReportUtility:192 - Screenshot captured for test: testInputFieldsWithInvalidData
2026-01-30 15:31:12 INFO  ExtentReportUtility:85 - Screenshot attached for failed test: screenshots/testInputFieldsWithInvalidData_20260130_153112.png
2026-01-30 15:31:12 INFO  ExtentReportUtility:114 - Performing AI analysis for failed test: testInputFieldsWithInvalidData
2026-01-30 15:31:17 INFO  ExtentReportUtility:124 - AI analysis added to Extent Report
2026-01-30 15:31:17 INFO  ExtentReportUtility:131 - AI analysis added to Allure Report
2026-01-30 15:31:17 INFO  ExtentReportUtility:16 - testInputFieldsWithInvalidDataTest Started
2026-01-30 15:31:19 INFO  FormFieldValidationTest_2:16 - Browser closed
2026-01-30 15:31:19 INFO  ExtentReportUtility:16 - summaryCardUIValidationTest Started
2026-01-30 15:31:19 INFO  ExtentReportUtility:21 - Test Passed: summaryCardUIValidation passed
2026-01-30 15:31:27 INFO  ResultUIValidationTest:16 - Browser closed
2026-01-30 15:31:27 INFO  ExtentReportUtility:16 - OverallHealthScoreValidationTest Started
2026-01-30 15:31:29 INFO  ScoreValidationTest_2:16 - Input form submitted
2026-01-30 15:31:29 INFO  FormFieldValidationTest_2:16 - Input Form submitted with invalid data
2026-01-30 15:31:29 INFO  FormFieldValidationTest_2:16 - Pulse Field validation passed.
2026-01-30 15:31:29 INFO  ExtentReportUtility:21 - Test Passed: testInputFieldsWithInvalidData passed
2026-01-30 15:31:29 INFO  ExtentReportUtility:16 - testInputFieldsWithInvalidDataTest Started
2026-01-30 15:31:31 INFO  FormFieldValidationTest_2:16 - Input Form submitted with invalid data
2026-01-30 15:31:31 INFO  ScoreValidationTest_2:16 - Reset Button Clicked
2026-01-30 15:31:31 INFO  ExtentReportUtility:21 - Test Passed: OverallHealthScoreValidation passed
2026-01-30 15:31:31 INFO  ExtentReportUtility:16 - OverallHealthScoreValidationTest Started
2026-01-30 15:31:32 INFO  FormFieldValidationTest_2:16 - Pulse Field validation passed.
2026-01-30 15:31:32 INFO  ExtentReportUtility:21 - Test Passed: testInputFieldsWithInvalidData passed
2026-01-30 15:31:32 INFO  ExtentReportUtility:16 - testInputFieldsWithInvalidDataTest Started
2026-01-30 15:31:34 INFO  ScoreValidationTest_2:16 - Input form submitted
2026-01-30 15:31:34 INFO  ScoreValidationTest_2:16 - Unexpected Alert found: Values you provided are not ideal. Consult a doctor
2026-01-30 15:31:34 ERROR ExtentReportUtility:26 - Test Failed: Test Failed: OverallHealthScoreValidation - java.lang.AssertionError: Test Failed: Unexpected Alert [Values you provided are not ideal. Consult a doctor] appeared for 2
2026-01-30 15:31:34 INFO  FormFieldValidationTest_2:16 - Input Form submitted with invalid data
2026-01-30 15:31:34 INFO  ExtentReportUtility:192 - Screenshot captured for test: OverallHealthScoreValidation
2026-01-30 15:31:34 INFO  ExtentReportUtility:85 - Screenshot attached for failed test: screenshots/OverallHealthScoreValidation_20260130_153134.png
2026-01-30 15:31:34 INFO  ExtentReportUtility:114 - Performing AI analysis for failed test: OverallHealthScoreValidation
2026-01-30 15:31:34 INFO  FormFieldValidationTest_2:16 - Systolic BP Field validation passed.
2026-01-30 15:31:34 INFO  ExtentReportUtility:21 - Test Passed: testInputFieldsWithInvalidData passed
2026-01-30 15:31:34 INFO  ExtentReportUtility:16 - testInputFieldsWithInvalidDataTest Started
2026-01-30 15:31:37 INFO  FormFieldValidationTest_2:16 - Input Form submitted with invalid data
2026-01-30 15:31:37 INFO  FormFieldValidationTest_2:16 - Systolic BP Field validation passed.
2026-01-30 15:31:37 INFO  ExtentReportUtility:21 - Test Passed: testInputFieldsWithInvalidData passed
2026-01-30 15:31:37 INFO  ExtentReportUtility:16 - testInputFieldsWithInvalidDataTest Started
2026-01-30 15:31:39 INFO  FormFieldValidationTest_2:16 - Input Form submitted with invalid data
2026-01-30 15:31:39 INFO  FormFieldValidationTest_2:16 - Systolic BP Field validation passed.
2026-01-30 15:31:39 INFO  ExtentReportUtility:21 - Test Passed: testInputFieldsWithInvalidData passed
2026-01-30 15:31:39 INFO  ExtentReportUtility:16 - testInputFieldsWithInvalidDataTest Started
2026-01-30 15:31:41 INFO  ExtentReportUtility:124 - AI analysis added to Extent Report
2026-01-30 15:31:41 INFO  ExtentReportUtility:131 - AI analysis added to Allure Report
2026-01-30 15:31:41 INFO  ExtentReportUtility:16 - OverallHealthScoreValidationTest Started
2026-01-30 15:31:42 INFO  FormFieldValidationTest_2:16 - Input Form submitted with invalid data
2026-01-30 15:31:42 INFO  FormFieldValidationTest_2:16 - Systolic BP Field validation passed.
2026-01-30 15:31:42 INFO  ExtentReportUtility:21 - Test Passed: testInputFieldsWithInvalidData passed
2026-01-30 15:31:42 INFO  ExtentReportUtility:16 - testInputFieldsWithInvalidDataTest Started
2026-01-30 15:31:44 INFO  ScoreValidationTest_2:16 - Input form submitted
2026-01-30 15:31:45 INFO  FormFieldValidationTest_2:16 - Input Form submitted with invalid data
2026-01-30 15:31:45 INFO  FormFieldValidationTest_2:16 - Systolic BP Field validation passed.
2026-01-30 15:31:45 INFO  ExtentReportUtility:21 - Test Passed: testInputFieldsWithInvalidData passed
2026-01-30 15:31:45 INFO  ExtentReportUtility:16 - testInputFieldsWithInvalidDataTest Started
2026-01-30 15:31:46 INFO  ScoreValidationTest_2:16 - Reset Button Clicked
2026-01-30 15:31:46 INFO  ExtentReportUtility:21 - Test Passed: OverallHealthScoreValidation passed
2026-01-30 15:31:46 INFO  ExtentReportUtility:16 - OverallHealthScoreValidationTest Started
2026-01-30 15:31:47 INFO  FormFieldValidationTest_2:16 - Input Form submitted with invalid data
2026-01-30 15:31:47 ERROR FormFieldValidationTest_2:26 - Test Failed: Systolic BP Field validation failed. Expected: [Please fill out this field.] | Actual: [Please fill in this field.]
2026-01-30 15:31:47 ERROR ExtentReportUtility:26 - Test Failed: Test Failed: testInputFieldsWithInvalidData - java.lang.AssertionError: Validation failed for Systolic BP Field expected [Please fill out this field.] but found [Please fill in this field.]
2026-01-30 15:31:48 INFO  ExtentReportUtility:192 - Screenshot captured for test: testInputFieldsWithInvalidData
2026-01-30 15:31:48 INFO  ExtentReportUtility:85 - Screenshot attached for failed test: screenshots/testInputFieldsWithInvalidData_20260130_153148.png
2026-01-30 15:31:48 INFO  ExtentReportUtility:114 - Performing AI analysis for failed test: testInputFieldsWithInvalidData
2026-01-30 15:31:49 INFO  ScoreValidationTest_2:16 - Input form submitted
2026-01-30 15:31:51 INFO  ExtentReportUtility:124 - AI analysis added to Extent Report
2026-01-30 15:31:51 INFO  ExtentReportUtility:131 - AI analysis added to Allure Report
2026-01-30 15:31:51 INFO  ExtentReportUtility:16 - testInputFieldsWithInvalidDataTest Started
2026-01-30 15:31:52 INFO  ScoreValidationTest_2:16 - Reset Button Clicked
2026-01-30 15:31:52 INFO  ExtentReportUtility:21 - Test Passed: OverallHealthScoreValidation passed
2026-01-30 15:31:52 INFO  ExtentReportUtility:16 - OverallHealthScoreValidationTest Started
2026-01-30 15:31:54 INFO  FormFieldValidationTest_2:16 - Input Form submitted with invalid data
2026-01-30 15:31:54 INFO  FormFieldValidationTest_2:16 - Diastolic BP Field validation passed.
2026-01-30 15:31:54 INFO  ExtentReportUtility:21 - Test Passed: testInputFieldsWithInvalidData passed
2026-01-30 15:31:54 INFO  ExtentReportUtility:16 - testInputFieldsWithInvalidDataTest Started
2026-01-30 15:31:55 INFO  ScoreValidationTest_2:16 - Input form submitted
2026-01-30 15:31:56 INFO  FormFieldValidationTest_2:16 - Input Form submitted with invalid data
2026-01-30 15:31:57 INFO  FormFieldValidationTest_2:16 - Diastolic BP Field validation passed.
2026-01-30 15:31:57 INFO  ExtentReportUtility:21 - Test Passed: testInputFieldsWithInvalidData passed
2026-01-30 15:31:57 INFO  ExtentReportUtility:16 - testInputFieldsWithInvalidDataTest Started
2026-01-30 15:31:57 INFO  ScoreValidationTest_2:16 - Reset Button Clicked
2026-01-30 15:31:57 INFO  ExtentReportUtility:21 - Test Passed: OverallHealthScoreValidation passed
2026-01-30 15:31:59 INFO  FormFieldValidationTest_2:16 - Input Form submitted with invalid data
2026-01-30 15:31:59 INFO  FormFieldValidationTest_2:16 - Diastolic BP Field validation passed.
2026-01-30 15:31:59 INFO  ExtentReportUtility:21 - Test Passed: testInputFieldsWithInvalidData passed
2026-01-30 15:31:59 INFO  ExtentReportUtility:16 - testInputFieldsWithInvalidDataTest Started
2026-01-30 15:32:02 INFO  FormFieldValidationTest_2:16 - Input Form submitted with invalid data
2026-01-30 15:32:02 INFO  FormFieldValidationTest_2:16 - Diastolic BP Field validation passed.
2026-01-30 15:32:02 INFO  ExtentReportUtility:21 - Test Passed: testInputFieldsWithInvalidData passed
2026-01-30 15:32:02 INFO  ExtentReportUtility:16 - testInputFieldsWithInvalidDataTest Started
2026-01-30 15:32:05 INFO  FormFieldValidationTest_2:16 - Input Form submitted with invalid data
2026-01-30 15:32:06 INFO  FormFieldValidationTest_2:16 - Diastolic BP Field validation passed.
2026-01-30 15:32:06 INFO  ExtentReportUtility:21 - Test Passed: testInputFieldsWithInvalidData passed
2026-01-30 15:32:06 INFO  ExtentReportUtility:16 - testInputFieldsWithInvalidDataTest Started
2026-01-30 15:32:07 INFO  ScoreValidationTest_2:16 - Browser closed
2026-01-30 15:32:07 INFO  ExtentReportUtility:16 - testFormSubmissionResultTest Started
2026-01-30 15:32:09 INFO  FormFieldValidationTest_2:16 - Input Form submitted with invalid data
2026-01-30 15:32:09 ERROR FormFieldValidationTest_2:26 - Test Failed: Diastolic BP Field validation failed. Expected: [Please fill out this field.] | Actual: [Please fill in this field.]
2026-01-30 15:32:09 ERROR ExtentReportUtility:26 - Test Failed: Test Failed: testInputFieldsWithInvalidData - java.lang.AssertionError: Validation failed for Diastolic BP Field expected [Please fill out this field.] but found [Please fill in this field.]
2026-01-30 15:32:09 INFO  ExtentReportUtility:192 - Screenshot captured for test: testInputFieldsWithInvalidData
2026-01-30 15:32:10 INFO  ExtentReportUtility:85 - Screenshot attached for failed test: screenshots/testInputFieldsWithInvalidData_20260130_153209.png
2026-01-30 15:32:10 INFO  ExtentReportUtility:114 - Performing AI analysis for failed test: testInputFieldsWithInvalidData
2026-01-30 15:32:10 INFO  ExtentReportUtility:21 - Test Passed: testFormSubmissionResult passed
2026-01-30 15:32:15 INFO  ExtentReportUtility:124 - AI analysis added to Extent Report
2026-01-30 15:32:15 INFO  ExtentReportUtility:131 - AI analysis added to Allure Report
2026-01-30 15:32:17 INFO  FormUIValidationTest:16 - Browser closed
2026-01-30 15:32:19 INFO  ExtentReportUtility:173 - Extent Report flushed.
2026-01-30 15:32:22 INFO  FormFieldValidationTest_2:16 - Browser closed
2026-01-30 15:32:22 INFO  ExtentReportUtility:16 - summaryCardUIValidationTest Started
2026-01-30 15:32:23 INFO  ExtentReportUtility:21 - Test Passed: summaryCardUIValidation passed
2026-01-30 15:32:28 INFO  ResultUIValidationTest:16 - Browser closed
2026-01-30 15:32:28 INFO  ExtentReportUtility:16 - OverallHealthScoreValidationTest Started
2026-01-30 15:32:31 INFO  ScoreValidationTest_2:16 - Input form submitted
2026-01-30 15:32:33 INFO  ScoreValidationTest_2:16 - Reset Button Clicked
2026-01-30 15:32:33 INFO  ExtentReportUtility:21 - Test Passed: OverallHealthScoreValidation passed
2026-01-30 15:32:33 INFO  ExtentReportUtility:16 - OverallHealthScoreValidationTest Started
2026-01-30 15:32:36 INFO  ScoreValidationTest_2:16 - Input form submitted
2026-01-30 15:32:36 INFO  ScoreValidationTest_2:16 - Unexpected Alert found: Values you provided are not ideal. Consult a doctor
2026-01-30 15:32:36 ERROR ExtentReportUtility:26 - Test Failed: Test Failed: OverallHealthScoreValidation - java.lang.AssertionError: Test Failed: Unexpected Alert [Values you provided are not ideal. Consult a doctor] appeared for 2
2026-01-30 15:32:37 INFO  ExtentReportUtility:192 - Screenshot captured for test: OverallHealthScoreValidation
2026-01-30 15:32:37 INFO  ExtentReportUtility:85 - Screenshot attached for failed test: screenshots/OverallHealthScoreValidation_20260130_153237.png
2026-01-30 15:32:37 INFO  ExtentReportUtility:114 - Performing AI analysis for failed test: OverallHealthScoreValidation
2026-01-30 15:32:43 INFO  ExtentReportUtility:124 - AI analysis added to Extent Report
2026-01-30 15:32:43 INFO  ExtentReportUtility:131 - AI analysis added to Allure Report
2026-01-30 15:32:43 INFO  ExtentReportUtility:16 - OverallHealthScoreValidationTest Started
2026-01-30 15:32:46 INFO  ScoreValidationTest_2:16 - Input form submitted
2026-01-30 15:32:48 INFO  ScoreValidationTest_2:16 - Reset Button Clicked
2026-01-30 15:32:48 INFO  ExtentReportUtility:21 - Test Passed: OverallHealthScoreValidation passed
2026-01-30 15:32:48 INFO  ExtentReportUtility:16 - OverallHealthScoreValidationTest Started
2026-01-30 15:32:51 INFO  ScoreValidationTest_2:16 - Input form submitted
2026-01-30 15:32:54 INFO  ScoreValidationTest_2:16 - Reset Button Clicked
2026-01-30 15:32:54 INFO  ExtentReportUtility:21 - Test Passed: OverallHealthScoreValidation passed
2026-01-30 15:32:54 INFO  ExtentReportUtility:16 - OverallHealthScoreValidationTest Started
2026-01-30 15:32:56 INFO  ScoreValidationTest_2:16 - Input form submitted
2026-01-30 15:32:58 INFO  ScoreValidationTest_2:16 - Reset Button Clicked
2026-01-30 15:32:58 INFO  ExtentReportUtility:21 - Test Passed: OverallHealthScoreValidation passed
2026-01-30 15:33:04 INFO  ScoreValidationTest_2:16 - Browser closed
2026-01-30 15:33:04 INFO  ExtentReportUtility:16 - testFormSubmissionResultTest Started
2026-01-30 15:33:06 INFO  ExtentReportUtility:21 - Test Passed: testFormSubmissionResult passed
2026-01-30 15:33:12 INFO  FormUIValidationTest:16 - Browser closed
2026-01-30 15:33:12 INFO  ExtentReportUtility:173 - Extent Report flushed.
