<?xml version="1.0" encoding="UTF-8"?>
<testng-results ignored="0" total="162" passed="144" failed="18" skipped="0">
  <reporter-output>
  </reporter-output>
  <suite started-at="2026-01-30T15:25:57 IST" name="Health Index Calculator Suite" finished-at="2026-01-30T15:33:12 IST" duration-ms="434296">
    <groups>
      <group name="functional">
        <method signature="FormFieldValidationTest_2.testInputFieldsWithValidData(java.lang.String,java.lang.String,java.lang.String,java.lang.String,java.lang.String,java.lang.String)[pri:1, instance:tests.FormFieldValidationTest_2@1992eaf4]" name="testInputFieldsWithValidData" class="tests.FormFieldValidationTest_2"/>
        <method signature="ScoreValidationTest_2.ScoreValidation(java.lang.String,java.lang.String,java.lang.String,java.lang.String,java.lang.String,java.lang.String,java.lang.String)[pri:1, instance:tests.ScoreValidationTest_2@741b3bc3]" name="ScoreValidation" class="tests.ScoreValidationTest_2"/>
        <method signature="FormFieldValidationTest_2.testInputFieldsWithInvalidData(java.lang.String,java.lang.String,java.lang.String,java.lang.String,java.lang.String,java.lang.String,java.lang.String)[pri:2, instance:tests.FormFieldValidationTest_2@1992eaf4]" name="testInputFieldsWithInvalidData" class="tests.FormFieldValidationTest_2"/>
        <method signature="ScoreValidationTest_2.OverallHealthScoreValidation(java.lang.String,java.lang.String,java.lang.String,java.lang.String,java.lang.String,java.lang.String,java.lang.String,java.lang.String,java.lang.String)[pri:2, instance:tests.ScoreValidationTest_2@741b3bc3]" name="OverallHealthScoreValidation" class="tests.ScoreValidationTest_2"/>
        <method signature="FormUIValidationTest.testFormSubmissionResult()[pri:3, instance:tests.FormUIValidationTest@3383649e]" name="testFormSubmissionResult" class="tests.FormUIValidationTest"/>
        <method signature="FormFieldValidationTest_2.testInputFieldsWithValidData(java.lang.String,java.lang.String,java.lang.String,java.lang.String,java.lang.String,java.lang.String)[pri:1, instance:tests.FormFieldValidationTest_2@5fd62371]" name="testInputFieldsWithValidData" class="tests.FormFieldValidationTest_2"/>
        <method signature="ScoreValidationTest_2.ScoreValidation(java.lang.String,java.lang.String,java.lang.String,java.lang.String,java.lang.String,java.lang.String,java.lang.String)[pri:1, instance:tests.ScoreValidationTest_2@6fff253c]" name="ScoreValidation" class="tests.ScoreValidationTest_2"/>
        <method signature="FormFieldValidationTest_2.testInputFieldsWithInvalidData(java.lang.String,java.lang.String,java.lang.String,java.lang.String,java.lang.String,java.lang.String,java.lang.String)[pri:2, instance:tests.FormFieldValidationTest_2@5fd62371]" name="testInputFieldsWithInvalidData" class="tests.FormFieldValidationTest_2"/>
        <method signature="ScoreValidationTest_2.OverallHealthScoreValidation(java.lang.String,java.lang.String,java.lang.String,java.lang.String,java.lang.String,java.lang.String,java.lang.String,java.lang.String,java.lang.String)[pri:2, instance:tests.ScoreValidationTest_2@6fff253c]" name="OverallHealthScoreValidation" class="tests.ScoreValidationTest_2"/>
        <method signature="FormUIValidationTest.testFormSubmissionResult()[pri:3, instance:tests.FormUIValidationTest@3ebff828]" name="testFormSubmissionResult" class="tests.FormUIValidationTest"/>
      </group> <!-- functional -->
      <group name="ui">
        <method signature="FormUIValidationTest.testHeadingAppearance()[pri:1, instance:tests.FormUIValidationTest@3383649e]" name="testHeadingAppearance" class="tests.FormUIValidationTest"/>
        <method signature="ResultUIValidationTest.resultCardUiValidation()[pri:1, instance:tests.ResultUIValidationTest@6d0b5baf]" name="resultCardUiValidation" class="tests.ResultUIValidationTest"/>
        <method signature="FormUIValidationTest.testInputFieldsPresence()[pri:2, instance:tests.FormUIValidationTest@3383649e]" name="testInputFieldsPresence" class="tests.FormUIValidationTest"/>
        <method signature="ResultUIValidationTest.summaryCardUIValidation()[pri:2, instance:tests.ResultUIValidationTest@6d0b5baf]" name="summaryCardUIValidation" class="tests.ResultUIValidationTest"/>
        <method signature="FormUIValidationTest.testHeadingAppearance()[pri:1, instance:tests.FormUIValidationTest@3ebff828]" name="testHeadingAppearance" class="tests.FormUIValidationTest"/>
        <method signature="ResultUIValidationTest.resultCardUiValidation()[pri:1, instance:tests.ResultUIValidationTest@4ef27d66]" name="resultCardUiValidation" class="tests.ResultUIValidationTest"/>
        <method signature="FormUIValidationTest.testInputFieldsPresence()[pri:2, instance:tests.FormUIValidationTest@3ebff828]" name="testInputFieldsPresence" class="tests.FormUIValidationTest"/>
        <method signature="ResultUIValidationTest.summaryCardUIValidation()[pri:2, instance:tests.ResultUIValidationTest@4ef27d66]" name="summaryCardUIValidation" class="tests.ResultUIValidationTest"/>
      </group> <!-- ui -->
      <group name="regression">
        <method signature="FormFieldValidationTest_2.testInputFieldsWithValidData(java.lang.String,java.lang.String,java.lang.String,java.lang.String,java.lang.String,java.lang.String)[pri:1, instance:tests.FormFieldValidationTest_2@1992eaf4]" name="testInputFieldsWithValidData" class="tests.FormFieldValidationTest_2"/>
        <method signature="FormUIValidationTest.testHeadingAppearance()[pri:1, instance:tests.FormUIValidationTest@3383649e]" name="testHeadingAppearance" class="tests.FormUIValidationTest"/>
        <method signature="ResultUIValidationTest.resultCardUiValidation()[pri:1, instance:tests.ResultUIValidationTest@6d0b5baf]" name="resultCardUiValidation" class="tests.ResultUIValidationTest"/>
        <method signature="ScoreValidationTest_2.ScoreValidation(java.lang.String,java.lang.String,java.lang.String,java.lang.String,java.lang.String,java.lang.String,java.lang.String)[pri:1, instance:tests.ScoreValidationTest_2@741b3bc3]" name="ScoreValidation" class="tests.ScoreValidationTest_2"/>
        <method signature="FormFieldValidationTest_2.testInputFieldsWithInvalidData(java.lang.String,java.lang.String,java.lang.String,java.lang.String,java.lang.String,java.lang.String,java.lang.String)[pri:2, instance:tests.FormFieldValidationTest_2@1992eaf4]" name="testInputFieldsWithInvalidData" class="tests.FormFieldValidationTest_2"/>
        <method signature="FormUIValidationTest.testInputFieldsPresence()[pri:2, instance:tests.FormUIValidationTest@3383649e]" name="testInputFieldsPresence" class="tests.FormUIValidationTest"/>
        <method signature="ResultUIValidationTest.summaryCardUIValidation()[pri:2, instance:tests.ResultUIValidationTest@6d0b5baf]" name="summaryCardUIValidation" class="tests.ResultUIValidationTest"/>
        <method signature="ScoreValidationTest_2.OverallHealthScoreValidation(java.lang.String,java.lang.String,java.lang.String,java.lang.String,java.lang.String,java.lang.String,java.lang.String,java.lang.String,java.lang.String)[pri:2, instance:tests.ScoreValidationTest_2@741b3bc3]" name="OverallHealthScoreValidation" class="tests.ScoreValidationTest_2"/>
        <method signature="FormUIValidationTest.testFormSubmissionResult()[pri:3, instance:tests.FormUIValidationTest@3383649e]" name="testFormSubmissionResult" class="tests.FormUIValidationTest"/>
        <method signature="FormFieldValidationTest_2.testInputFieldsWithValidData(java.lang.String,java.lang.String,java.lang.String,java.lang.String,java.lang.String,java.lang.String)[pri:1, instance:tests.FormFieldValidationTest_2@5fd62371]" name="testInputFieldsWithValidData" class="tests.FormFieldValidationTest_2"/>
        <method signature="FormUIValidationTest.testHeadingAppearance()[pri:1, instance:tests.FormUIValidationTest@3ebff828]" name="testHeadingAppearance" class="tests.FormUIValidationTest"/>
        <method signature="ResultUIValidationTest.resultCardUiValidation()[pri:1, instance:tests.ResultUIValidationTest@4ef27d66]" name="resultCardUiValidation" class="tests.ResultUIValidationTest"/>
        <method signature="ScoreValidationTest_2.ScoreValidation(java.lang.String,java.lang.String,java.lang.String,java.lang.String,java.lang.String,java.lang.String,java.lang.String)[pri:1, instance:tests.ScoreValidationTest_2@6fff253c]" name="ScoreValidation" class="tests.ScoreValidationTest_2"/>
        <method signature="FormFieldValidationTest_2.testInputFieldsWithInvalidData(java.lang.String,java.lang.String,java.lang.String,java.lang.String,java.lang.String,java.lang.String,java.lang.String)[pri:2, instance:tests.FormFieldValidationTest_2@5fd62371]" name="testInputFieldsWithInvalidData" class="tests.FormFieldValidationTest_2"/>
        <method signature="FormUIValidationTest.testInputFieldsPresence()[pri:2, instance:tests.FormUIValidationTest@3ebff828]" name="testInputFieldsPresence" class="tests.FormUIValidationTest"/>
        <method signature="ResultUIValidationTest.summaryCardUIValidation()[pri:2, instance:tests.ResultUIValidationTest@4ef27d66]" name="summaryCardUIValidation" class="tests.ResultUIValidationTest"/>
        <method signature="ScoreValidationTest_2.OverallHealthScoreValidation(java.lang.String,java.lang.String,java.lang.String,java.lang.String,java.lang.String,java.lang.String,java.lang.String,java.lang.String,java.lang.String)[pri:2, instance:tests.ScoreValidationTest_2@6fff253c]" name="OverallHealthScoreValidation" class="tests.ScoreValidationTest_2"/>
        <method signature="FormUIValidationTest.testFormSubmissionResult()[pri:3, instance:tests.FormUIValidationTest@3ebff828]" name="testFormSubmissionResult" class="tests.FormUIValidationTest"/>
      </group> <!-- regression -->
      <group name="smoke">
        <method signature="FormFieldValidationTest_2.testInputFieldsWithValidData(java.lang.String,java.lang.String,java.lang.String,java.lang.String,java.lang.String,java.lang.String)[pri:1, instance:tests.FormFieldValidationTest_2@1992eaf4]" name="testInputFieldsWithValidData" class="tests.FormFieldValidationTest_2"/>
        <method signature="FormUIValidationTest.testHeadingAppearance()[pri:1, instance:tests.FormUIValidationTest@3383649e]" name="testHeadingAppearance" class="tests.FormUIValidationTest"/>
        <method signature="ResultUIValidationTest.resultCardUiValidation()[pri:1, instance:tests.ResultUIValidationTest@6d0b5baf]" name="resultCardUiValidation" class="tests.ResultUIValidationTest"/>
        <method signature="ScoreValidationTest_2.ScoreValidation(java.lang.String,java.lang.String,java.lang.String,java.lang.String,java.lang.String,java.lang.String,java.lang.String)[pri:1, instance:tests.ScoreValidationTest_2@741b3bc3]" name="ScoreValidation" class="tests.ScoreValidationTest_2"/>
        <method signature="FormUIValidationTest.testInputFieldsPresence()[pri:2, instance:tests.FormUIValidationTest@3383649e]" name="testInputFieldsPresence" class="tests.FormUIValidationTest"/>
        <method signature="ScoreValidationTest_2.OverallHealthScoreValidation(java.lang.String,java.lang.String,java.lang.String,java.lang.String,java.lang.String,java.lang.String,java.lang.String,java.lang.String,java.lang.String)[pri:2, instance:tests.ScoreValidationTest_2@741b3bc3]" name="OverallHealthScoreValidation" class="tests.ScoreValidationTest_2"/>
        <method signature="FormUIValidationTest.testFormSubmissionResult()[pri:3, instance:tests.FormUIValidationTest@3383649e]" name="testFormSubmissionResult" class="tests.FormUIValidationTest"/>
        <method signature="FormFieldValidationTest_2.testInputFieldsWithValidData(java.lang.String,java.lang.String,java.lang.String,java.lang.String,java.lang.String,java.lang.String)[pri:1, instance:tests.FormFieldValidationTest_2@5fd62371]" name="testInputFieldsWithValidData" class="tests.FormFieldValidationTest_2"/>
        <method signature="FormUIValidationTest.testHeadingAppearance()[pri:1, instance:tests.FormUIValidationTest@3ebff828]" name="testHeadingAppearance" class="tests.FormUIValidationTest"/>
        <method signature="ResultUIValidationTest.resultCardUiValidation()[pri:1, instance:tests.ResultUIValidationTest@4ef27d66]" name="resultCardUiValidation" class="tests.ResultUIValidationTest"/>
        <method signature="ScoreValidationTest_2.ScoreValidation(java.lang.String,java.lang.String,java.lang.String,java.lang.String,java.lang.String,java.lang.String,java.lang.String)[pri:1, instance:tests.ScoreValidationTest_2@6fff253c]" name="ScoreValidation" class="tests.ScoreValidationTest_2"/>
        <method signature="FormUIValidationTest.testInputFieldsPresence()[pri:2, instance:tests.FormUIValidationTest@3ebff828]" name="testInputFieldsPresence" class="tests.FormUIValidationTest"/>
        <method signature="ScoreValidationTest_2.OverallHealthScoreValidation(java.lang.String,java.lang.String,java.lang.String,java.lang.String,java.lang.String,java.lang.String,java.lang.String,java.lang.String,java.lang.String)[pri:2, instance:tests.ScoreValidationTest_2@6fff253c]" name="OverallHealthScoreValidation" class="tests.ScoreValidationTest_2"/>
        <method signature="FormUIValidationTest.testFormSubmissionResult()[pri:3, instance:tests.FormUIValidationTest@3ebff828]" name="testFormSubmissionResult" class="tests.FormUIValidationTest"/>
      </group> <!-- smoke -->
      <group name="sanity">
        <method signature="FormFieldValidationTest_2.testInputFieldsWithValidData(java.lang.String,java.lang.String,java.lang.String,java.lang.String,java.lang.String,java.lang.String)[pri:1, instance:tests.FormFieldValidationTest_2@1992eaf4]" name="testInputFieldsWithValidData" class="tests.FormFieldValidationTest_2"/>
        <method signature="FormUIValidationTest.testHeadingAppearance()[pri:1, instance:tests.FormUIValidationTest@3383649e]" name="testHeadingAppearance" class="tests.FormUIValidationTest"/>
        <method signature="FormUIValidationTest.testFormSubmissionResult()[pri:3, instance:tests.FormUIValidationTest@3383649e]" name="testFormSubmissionResult" class="tests.FormUIValidationTest"/>
        <method signature="FormFieldValidationTest_2.testInputFieldsWithValidData(java.lang.String,java.lang.String,java.lang.String,java.lang.String,java.lang.String,java.lang.String)[pri:1, instance:tests.FormFieldValidationTest_2@5fd62371]" name="testInputFieldsWithValidData" class="tests.FormFieldValidationTest_2"/>
        <method signature="FormUIValidationTest.testHeadingAppearance()[pri:1, instance:tests.FormUIValidationTest@3ebff828]" name="testHeadingAppearance" class="tests.FormUIValidationTest"/>
        <method signature="FormUIValidationTest.testFormSubmissionResult()[pri:3, instance:tests.FormUIValidationTest@3ebff828]" name="testFormSubmissionResult" class="tests.FormUIValidationTest"/>
      </group> <!-- sanity -->
    </groups>
    <test started-at="2026-01-30T15:25:57 IST" name="Execution in Edge" finished-at="2026-01-30T15:32:17 IST" duration-ms="379109">
      <class name="tests.FormUIValidationTest">
        <test-method is-config="true" signature="setUp(java.lang.String)[pri:0, instance:tests.FormUIValidationTest@3383649e]" started-at="2026-01-30T15:25:58 IST" name="setUp" finished-at="2026-01-30T15:26:05 IST" duration-ms="6363" status="PASS">
          <params>
            <param index="0">
              <value>
                <![CDATA[edge]]>
              </value>
            </param>
          </params>
          <reporter-output>
          </reporter-output>
        </test-method> <!-- setUp -->
        <test-method signature="testHeadingAppearance()[pri:1, instance:tests.FormUIValidationTest@3383649e]" started-at="2026-01-30T15:26:05 IST" name="testHeadingAppearance" finished-at="2026-01-30T15:26:05 IST" duration-ms="799" status="PASS">
          <reporter-output>
          </reporter-output>
        </test-method> <!-- testHeadingAppearance -->
        <test-method signature="testInputFieldsPresence()[pri:2, instance:tests.FormUIValidationTest@3383649e]" started-at="2026-01-30T15:28:49 IST" name="testInputFieldsPresence" finished-at="2026-01-30T15:28:51 IST" duration-ms="1541" status="PASS">
          <reporter-output>
          </reporter-output>
        </test-method> <!-- testInputFieldsPresence -->
        <test-method signature="testFormSubmissionResult()[pri:3, instance:tests.FormUIValidationTest@3383649e]" started-at="2026-01-30T15:32:07 IST" name="testFormSubmissionResult" finished-at="2026-01-30T15:32:10 IST" duration-ms="3235" status="PASS">
          <reporter-output>
          </reporter-output>
        </test-method> <!-- testFormSubmissionResult -->
        <test-method is-config="true" signature="closeBrowser()[pri:0, instance:tests.FormUIValidationTest@3383649e]" started-at="2026-01-30T15:32:10 IST" name="closeBrowser" finished-at="2026-01-30T15:32:17 IST" duration-ms="6651" status="PASS">
          <reporter-output>
          </reporter-output>
        </test-method> <!-- closeBrowser -->
      </class> <!-- tests.FormUIValidationTest -->
      <class name="tests.ResultUIValidationTest">
        <test-method is-config="true" signature="setUp(java.lang.String)[pri:0, instance:tests.ResultUIValidationTest@6d0b5baf]" started-at="2026-01-30T15:27:24 IST" name="setUp" finished-at="2026-01-30T15:27:29 IST" duration-ms="5526" status="PASS">
          <params>
            <param index="0">
              <value>
                <![CDATA[edge]]>
              </value>
            </param>
          </params>
          <reporter-output>
          </reporter-output>
        </test-method> <!-- setUp -->
        <test-method signature="resultCardUiValidation()[pri:1, instance:tests.ResultUIValidationTest@6d0b5baf]" started-at="2026-01-30T15:27:29 IST" name="resultCardUiValidation" finished-at="2026-01-30T15:27:35 IST" duration-ms="5806" status="PASS">
          <reporter-output>
          </reporter-output>
        </test-method> <!-- resultCardUiValidation -->
        <test-method signature="summaryCardUIValidation()[pri:2, instance:tests.ResultUIValidationTest@6d0b5baf]" started-at="2026-01-30T15:31:19 IST" name="summaryCardUIValidation" finished-at="2026-01-30T15:31:19 IST" duration-ms="430" status="PASS">
          <reporter-output>
          </reporter-output>
        </test-method> <!-- summaryCardUIValidation -->
        <test-method is-config="true" signature="closeBrowser()[pri:0, instance:tests.ResultUIValidationTest@6d0b5baf]" started-at="2026-01-30T15:31:19 IST" name="closeBrowser" finished-at="2026-01-30T15:31:27 IST" duration-ms="7354" status="PASS">
          <reporter-output>
          </reporter-output>
        </test-method> <!-- closeBrowser -->
      </class> <!-- tests.ResultUIValidationTest -->
      <class name="tests.FormFieldValidationTest_2">
        <test-method is-config="true" signature="setUp(java.lang.String)[pri:0, instance:tests.FormFieldValidationTest_2@1992eaf4]" started-at="2026-01-30T15:26:06 IST" name="setUp" finished-at="2026-01-30T15:26:15 IST" duration-ms="8728" status="PASS">
          <params>
            <param index="0">
              <value>
                <![CDATA[edge]]>
              </value>
            </param>
          </params>
          <reporter-output>
          </reporter-output>
        </test-method> <!-- setUp -->
        <test-method signature="testInputFieldsWithValidData(java.lang.String,java.lang.String,java.lang.String,java.lang.String,java.lang.String,java.lang.String)[pri:1, instance:tests.FormFieldValidationTest_2@1992eaf4]" started-at="2026-01-30T15:26:20 IST" name="testInputFieldsWithValidData" data-provider="validTestData" finished-at="2026-01-30T15:26:26 IST" duration-ms="5496" status="PASS">
          <params>
            <param index="0">
              <value>
                <![CDATA[Name Field-01]]>
              </value>
            </param>
            <param index="1">
              <value>
                <![CDATA[John]]>
              </value>
            </param>
            <param index="2">
              <value>
                <![CDATA[25]]>
              </value>
            </param>
            <param index="3">
              <value>
                <![CDATA[50-59 BPM]]>
              </value>
            </param>
            <param index="4">
              <value>
                <![CDATA[120]]>
              </value>
            </param>
            <param index="5">
              <value>
                <![CDATA[80]]>
              </value>
            </param>
          </params>
          <reporter-output>
          </reporter-output>
        </test-method> <!-- testInputFieldsWithValidData -->
        <test-method signature="testInputFieldsWithValidData(java.lang.String,java.lang.String,java.lang.String,java.lang.String,java.lang.String,java.lang.String)[pri:1, instance:tests.FormFieldValidationTest_2@1992eaf4]" started-at="2026-01-30T15:26:26 IST" name="testInputFieldsWithValidData" data-provider="validTestData" finished-at="2026-01-30T15:26:30 IST" duration-ms="3758" status="PASS">
          <params>
            <param index="0">
              <value>
                <![CDATA[Name Field-02]]>
              </value>
            </param>
            <param index="1">
              <value>
                <![CDATA[Ravi Kumar]]>
              </value>
            </param>
            <param index="2">
              <value>
                <![CDATA[18]]>
              </value>
            </param>
            <param index="3">
              <value>
                <![CDATA[60-80 BPM]]>
              </value>
            </param>
            <param index="4">
              <value>
                <![CDATA[110]]>
              </value>
            </param>
            <param index="5">
              <value>
                <![CDATA[70]]>
              </value>
            </param>
          </params>
          <reporter-output>
          </reporter-output>
        </test-method> <!-- testInputFieldsWithValidData -->
        <test-method signature="testInputFieldsWithValidData(java.lang.String,java.lang.String,java.lang.String,java.lang.String,java.lang.String,java.lang.String)[pri:1, instance:tests.FormFieldValidationTest_2@1992eaf4]" started-at="2026-01-30T15:26:30 IST" name="testInputFieldsWithValidData" data-provider="validTestData" finished-at="2026-01-30T15:26:33 IST" duration-ms="3689" status="PASS">
          <params>
            <param index="0">
              <value>
                <![CDATA[Name Field-03]]>
              </value>
            </param>
            <param index="1">
              <value>
                <![CDATA[Ravi     Prakash]]>
              </value>
            </param>
            <param index="2">
              <value>
                <![CDATA[40]]>
              </value>
            </param>
            <param index="3">
              <value>
                <![CDATA[81-90 BPM]]>
              </value>
            </param>
            <param index="4">
              <value>
                <![CDATA[120]]>
              </value>
            </param>
            <param index="5">
              <value>
                <![CDATA[85]]>
              </value>
            </param>
          </params>
          <reporter-output>
          </reporter-output>
        </test-method> <!-- testInputFieldsWithValidData -->
        <test-method signature="testInputFieldsWithValidData(java.lang.String,java.lang.String,java.lang.String,java.lang.String,java.lang.String,java.lang.String)[pri:1, instance:tests.FormFieldValidationTest_2@1992eaf4]" started-at="2026-01-30T15:26:33 IST" name="testInputFieldsWithValidData" data-provider="validTestData" finished-at="2026-01-30T15:26:36 IST" duration-ms="2352" status="PASS">
          <params>
            <param index="0">
              <value>
                <![CDATA[Name Field-04]]>
              </value>
            </param>
            <param index="1">
              <value>
                <![CDATA[Balasubramanian]]>
              </value>
            </param>
            <param index="2">
              <value>
                <![CDATA[29]]>
              </value>
            </param>
            <param index="3">
              <value>
                <![CDATA[91-100 BPM]]>
              </value>
            </param>
            <param index="4">
              <value>
                <![CDATA[102]]>
              </value>
            </param>
            <param index="5">
              <value>
                <![CDATA[65]]>
              </value>
            </param>
          </params>
          <reporter-output>
          </reporter-output>
        </test-method> <!-- testInputFieldsWithValidData -->
        <test-method signature="testInputFieldsWithValidData(java.lang.String,java.lang.String,java.lang.String,java.lang.String,java.lang.String,java.lang.String)[pri:1, instance:tests.FormFieldValidationTest_2@1992eaf4]" started-at="2026-01-30T15:26:36 IST" name="testInputFieldsWithValidData" data-provider="validTestData" finished-at="2026-01-30T15:26:38 IST" duration-ms="2088" status="PASS">
          <params>
            <param index="0">
              <value>
                <![CDATA[Name Field-05]]>
              </value>
            </param>
            <param index="1">
              <value>
                <![CDATA[A]]>
              </value>
            </param>
            <param index="2">
              <value>
                <![CDATA[30]]>
              </value>
            </param>
            <param index="3">
              <value>
                <![CDATA[Below 40]]>
              </value>
            </param>
            <param index="4">
              <value>
                <![CDATA[80]]>
              </value>
            </param>
            <param index="5">
              <value>
                <![CDATA[50]]>
              </value>
            </param>
          </params>
          <reporter-output>
          </reporter-output>
        </test-method> <!-- testInputFieldsWithValidData -->
        <test-method signature="testInputFieldsWithValidData(java.lang.String,java.lang.String,java.lang.String,java.lang.String,java.lang.String,java.lang.String)[pri:1, instance:tests.FormFieldValidationTest_2@1992eaf4]" started-at="2026-01-30T15:26:38 IST" name="testInputFieldsWithValidData" data-provider="validTestData" finished-at="2026-01-30T15:26:40 IST" duration-ms="2552" status="PASS">
          <params>
            <param index="0">
              <value>
                <![CDATA[Name Field-06]]>
              </value>
            </param>
            <param index="1">
              <value>
                <![CDATA[JOHN DOE]]>
              </value>
            </param>
            <param index="2">
              <value>
                <![CDATA[28]]>
              </value>
            </param>
            <param index="3">
              <value>
                <![CDATA[40-49 BPM]]>
              </value>
            </param>
            <param index="4">
              <value>
                <![CDATA[90]]>
              </value>
            </param>
            <param index="5">
              <value>
                <![CDATA[60]]>
              </value>
            </param>
          </params>
          <reporter-output>
          </reporter-output>
        </test-method> <!-- testInputFieldsWithValidData -->
        <test-method signature="testInputFieldsWithValidData(java.lang.String,java.lang.String,java.lang.String,java.lang.String,java.lang.String,java.lang.String)[pri:1, instance:tests.FormFieldValidationTest_2@1992eaf4]" started-at="2026-01-30T15:26:40 IST" name="testInputFieldsWithValidData" data-provider="validTestData" finished-at="2026-01-30T15:26:43 IST" duration-ms="2998" status="PASS">
          <params>
            <param index="0">
              <value>
                <![CDATA[Name Field-07]]>
              </value>
            </param>
            <param index="1">
              <value>
                <![CDATA[MEENA     LAKSHMI]]>
              </value>
            </param>
            <param index="2">
              <value>
                <![CDATA[33]]>
              </value>
            </param>
            <param index="3">
              <value>
                <![CDATA[Above 100]]>
              </value>
            </param>
            <param index="4">
              <value>
                <![CDATA[80]]>
              </value>
            </param>
            <param index="5">
              <value>
                <![CDATA[50]]>
              </value>
            </param>
          </params>
          <reporter-output>
          </reporter-output>
        </test-method> <!-- testInputFieldsWithValidData -->
        <test-method signature="testInputFieldsWithValidData(java.lang.String,java.lang.String,java.lang.String,java.lang.String,java.lang.String,java.lang.String)[pri:1, instance:tests.FormFieldValidationTest_2@1992eaf4]" started-at="2026-01-30T15:26:43 IST" name="testInputFieldsWithValidData" data-provider="validTestData" finished-at="2026-01-30T15:26:46 IST" duration-ms="2886" status="PASS">
          <params>
            <param index="0">
              <value>
                <![CDATA[Age Field-01]]>
              </value>
            </param>
            <param index="1">
              <value>
                <![CDATA[Chandrasekharan]]>
              </value>
            </param>
            <param index="2">
              <value>
                <![CDATA[18]]>
              </value>
            </param>
            <param index="3">
              <value>
                <![CDATA[60-80 BPM]]>
              </value>
            </param>
            <param index="4">
              <value>
                <![CDATA[105]]>
              </value>
            </param>
            <param index="5">
              <value>
                <![CDATA[68]]>
              </value>
            </param>
          </params>
          <reporter-output>
          </reporter-output>
        </test-method> <!-- testInputFieldsWithValidData -->
        <test-method signature="testInputFieldsWithValidData(java.lang.String,java.lang.String,java.lang.String,java.lang.String,java.lang.String,java.lang.String)[pri:1, instance:tests.FormFieldValidationTest_2@1992eaf4]" started-at="2026-01-30T15:26:46 IST" name="testInputFieldsWithValidData" data-provider="validTestData" finished-at="2026-01-30T15:26:49 IST" duration-ms="3192" status="PASS">
          <params>
            <param index="0">
              <value>
                <![CDATA[Age Field-02]]>
              </value>
            </param>
            <param index="1">
              <value>
                <![CDATA[Ravi Prakash]]>
              </value>
            </param>
            <param index="2">
              <value>
                <![CDATA[19]]>
              </value>
            </param>
            <param index="3">
              <value>
                <![CDATA[81-90 BPM]]>
              </value>
            </param>
            <param index="4">
              <value>
                <![CDATA[116]]>
              </value>
            </param>
            <param index="5">
              <value>
                <![CDATA[84]]>
              </value>
            </param>
          </params>
          <reporter-output>
          </reporter-output>
        </test-method> <!-- testInputFieldsWithValidData -->
        <test-method signature="testInputFieldsWithValidData(java.lang.String,java.lang.String,java.lang.String,java.lang.String,java.lang.String,java.lang.String)[pri:1, instance:tests.FormFieldValidationTest_2@1992eaf4]" started-at="2026-01-30T15:26:49 IST" name="testInputFieldsWithValidData" data-provider="validTestData" finished-at="2026-01-30T15:26:53 IST" duration-ms="3716" status="PASS">
          <params>
            <param index="0">
              <value>
                <![CDATA[Age Field-03]]>
              </value>
            </param>
            <param index="1">
              <value>
                <![CDATA[Divya Shankar]]>
              </value>
            </param>
            <param index="2">
              <value>
                <![CDATA[60]]>
              </value>
            </param>
            <param index="3">
              <value>
                <![CDATA[91-100 BPM]]>
              </value>
            </param>
            <param index="4">
              <value>
                <![CDATA[99]]>
              </value>
            </param>
            <param index="5">
              <value>
                <![CDATA[60]]>
              </value>
            </param>
          </params>
          <reporter-output>
          </reporter-output>
        </test-method> <!-- testInputFieldsWithValidData -->
        <test-method signature="testInputFieldsWithValidData(java.lang.String,java.lang.String,java.lang.String,java.lang.String,java.lang.String,java.lang.String)[pri:1, instance:tests.FormFieldValidationTest_2@1992eaf4]" started-at="2026-01-30T15:26:53 IST" name="testInputFieldsWithValidData" data-provider="validTestData" finished-at="2026-01-30T15:26:55 IST" duration-ms="2382" status="PASS">
          <params>
            <param index="0">
              <value>
                <![CDATA[Age Field-04]]>
              </value>
            </param>
            <param index="1">
              <value>
                <![CDATA[Bhavani]]>
              </value>
            </param>
            <param index="2">
              <value>
                <![CDATA[75]]>
              </value>
            </param>
            <param index="3">
              <value>
                <![CDATA[50-59 BPM]]>
              </value>
            </param>
            <param index="4">
              <value>
                <![CDATA[110]]>
              </value>
            </param>
            <param index="5">
              <value>
                <![CDATA[72]]>
              </value>
            </param>
          </params>
          <reporter-output>
          </reporter-output>
        </test-method> <!-- testInputFieldsWithValidData -->
        <test-method signature="testInputFieldsWithValidData(java.lang.String,java.lang.String,java.lang.String,java.lang.String,java.lang.String,java.lang.String)[pri:1, instance:tests.FormFieldValidationTest_2@1992eaf4]" started-at="2026-01-30T15:26:55 IST" name="testInputFieldsWithValidData" data-provider="validTestData" finished-at="2026-01-30T15:26:58 IST" duration-ms="2150" status="PASS">
          <params>
            <param index="0">
              <value>
                <![CDATA[Age Field-05]]>
              </value>
            </param>
            <param index="1">
              <value>
                <![CDATA[Sita]]>
              </value>
            </param>
            <param index="2">
              <value>
                <![CDATA[99]]>
              </value>
            </param>
            <param index="3">
              <value>
                <![CDATA[40-49 BPM]]>
              </value>
            </param>
            <param index="4">
              <value>
                <![CDATA[87]]>
              </value>
            </param>
            <param index="5">
              <value>
                <![CDATA[56]]>
              </value>
            </param>
          </params>
          <reporter-output>
          </reporter-output>
        </test-method> <!-- testInputFieldsWithValidData -->
        <test-method signature="testInputFieldsWithValidData(java.lang.String,java.lang.String,java.lang.String,java.lang.String,java.lang.String,java.lang.String)[pri:1, instance:tests.FormFieldValidationTest_2@1992eaf4]" started-at="2026-01-30T15:26:58 IST" name="testInputFieldsWithValidData" data-provider="validTestData" finished-at="2026-01-30T15:27:00 IST" duration-ms="2112" status="PASS">
          <params>
            <param index="0">
              <value>
                <![CDATA[Pulse Field-01]]>
              </value>
            </param>
            <param index="1">
              <value>
                <![CDATA[Ravi]]>
              </value>
            </param>
            <param index="2">
              <value>
                <![CDATA[35]]>
              </value>
            </param>
            <param index="3">
              <value>
                <![CDATA[Below 40]]>
              </value>
            </param>
            <param index="4">
              <value>
                <![CDATA[80]]>
              </value>
            </param>
            <param index="5">
              <value>
                <![CDATA[50]]>
              </value>
            </param>
          </params>
          <reporter-output>
          </reporter-output>
        </test-method> <!-- testInputFieldsWithValidData -->
        <test-method signature="testInputFieldsWithValidData(java.lang.String,java.lang.String,java.lang.String,java.lang.String,java.lang.String,java.lang.String)[pri:1, instance:tests.FormFieldValidationTest_2@1992eaf4]" started-at="2026-01-30T15:27:00 IST" name="testInputFieldsWithValidData" data-provider="validTestData" finished-at="2026-01-30T15:27:02 IST" duration-ms="2032" status="PASS">
          <params>
            <param index="0">
              <value>
                <![CDATA[Pulse Field-02]]>
              </value>
            </param>
            <param index="1">
              <value>
                <![CDATA[Meena]]>
              </value>
            </param>
            <param index="2">
              <value>
                <![CDATA[56]]>
              </value>
            </param>
            <param index="3">
              <value>
                <![CDATA[60-80 BPM]]>
              </value>
            </param>
            <param index="4">
              <value>
                <![CDATA[110]]>
              </value>
            </param>
            <param index="5">
              <value>
                <![CDATA[70]]>
              </value>
            </param>
          </params>
          <reporter-output>
          </reporter-output>
        </test-method> <!-- testInputFieldsWithValidData -->
        <test-method signature="testInputFieldsWithValidData(java.lang.String,java.lang.String,java.lang.String,java.lang.String,java.lang.String,java.lang.String)[pri:1, instance:tests.FormFieldValidationTest_2@1992eaf4]" started-at="2026-01-30T15:27:02 IST" name="testInputFieldsWithValidData" data-provider="validTestData" finished-at="2026-01-30T15:27:04 IST" duration-ms="2402" status="PASS">
          <params>
            <param index="0">
              <value>
                <![CDATA[Pulse Field-03]]>
              </value>
            </param>
            <param index="1">
              <value>
                <![CDATA[Arjun]]>
              </value>
            </param>
            <param index="2">
              <value>
                <![CDATA[22]]>
              </value>
            </param>
            <param index="3">
              <value>
                <![CDATA[Above 100]]>
              </value>
            </param>
            <param index="4">
              <value>
                <![CDATA[80]]>
              </value>
            </param>
            <param index="5">
              <value>
                <![CDATA[50]]>
              </value>
            </param>
          </params>
          <reporter-output>
          </reporter-output>
        </test-method> <!-- testInputFieldsWithValidData -->
        <test-method signature="testInputFieldsWithValidData(java.lang.String,java.lang.String,java.lang.String,java.lang.String,java.lang.String,java.lang.String)[pri:1, instance:tests.FormFieldValidationTest_2@1992eaf4]" started-at="2026-01-30T15:27:04 IST" name="testInputFieldsWithValidData" data-provider="validTestData" finished-at="2026-01-30T15:27:07 IST" duration-ms="2671" status="PASS">
          <params>
            <param index="0">
              <value>
                <![CDATA[Systolic BP-01]]>
              </value>
            </param>
            <param index="1">
              <value>
                <![CDATA[Kavya]]>
              </value>
            </param>
            <param index="2">
              <value>
                <![CDATA[59]]>
              </value>
            </param>
            <param index="3">
              <value>
                <![CDATA[Above 100]]>
              </value>
            </param>
            <param index="4">
              <value>
                <![CDATA[80]]>
              </value>
            </param>
            <param index="5">
              <value>
                <![CDATA[50]]>
              </value>
            </param>
          </params>
          <reporter-output>
          </reporter-output>
        </test-method> <!-- testInputFieldsWithValidData -->
        <test-method signature="testInputFieldsWithValidData(java.lang.String,java.lang.String,java.lang.String,java.lang.String,java.lang.String,java.lang.String)[pri:1, instance:tests.FormFieldValidationTest_2@1992eaf4]" started-at="2026-01-30T15:27:07 IST" name="testInputFieldsWithValidData" data-provider="validTestData" finished-at="2026-01-30T15:27:09 IST" duration-ms="2475" status="PASS">
          <params>
            <param index="0">
              <value>
                <![CDATA[Systolic BP-02]]>
              </value>
            </param>
            <param index="1">
              <value>
                <![CDATA[Noor]]>
              </value>
            </param>
            <param index="2">
              <value>
                <![CDATA[31]]>
              </value>
            </param>
            <param index="3">
              <value>
                <![CDATA[60-80 BPM]]>
              </value>
            </param>
            <param index="4">
              <value>
                <![CDATA[95]]>
              </value>
            </param>
            <param index="5">
              <value>
                <![CDATA[68]]>
              </value>
            </param>
          </params>
          <reporter-output>
          </reporter-output>
        </test-method> <!-- testInputFieldsWithValidData -->
        <test-method signature="testInputFieldsWithValidData(java.lang.String,java.lang.String,java.lang.String,java.lang.String,java.lang.String,java.lang.String)[pri:1, instance:tests.FormFieldValidationTest_2@1992eaf4]" started-at="2026-01-30T15:27:09 IST" name="testInputFieldsWithValidData" data-provider="validTestData" finished-at="2026-01-30T15:27:12 IST" duration-ms="2252" status="PASS">
          <params>
            <param index="0">
              <value>
                <![CDATA[Systolic BP-03]]>
              </value>
            </param>
            <param index="1">
              <value>
                <![CDATA[Deepak]]>
              </value>
            </param>
            <param index="2">
              <value>
                <![CDATA[42]]>
              </value>
            </param>
            <param index="3">
              <value>
                <![CDATA[81-90 BPM]]>
              </value>
            </param>
            <param index="4">
              <value>
                <![CDATA[103]]>
              </value>
            </param>
            <param index="5">
              <value>
                <![CDATA[68]]>
              </value>
            </param>
          </params>
          <reporter-output>
          </reporter-output>
        </test-method> <!-- testInputFieldsWithValidData -->
        <test-method signature="testInputFieldsWithValidData(java.lang.String,java.lang.String,java.lang.String,java.lang.String,java.lang.String,java.lang.String)[pri:1, instance:tests.FormFieldValidationTest_2@1992eaf4]" started-at="2026-01-30T15:27:12 IST" name="testInputFieldsWithValidData" data-provider="validTestData" finished-at="2026-01-30T15:27:14 IST" duration-ms="2368" status="PASS">
          <params>
            <param index="0">
              <value>
                <![CDATA[Systolic BP-04]]>
              </value>
            </param>
            <param index="1">
              <value>
                <![CDATA[Indu]]>
              </value>
            </param>
            <param index="2">
              <value>
                <![CDATA[55]]>
              </value>
            </param>
            <param index="3">
              <value>
                <![CDATA[50-59 BPM]]>
              </value>
            </param>
            <param index="4">
              <value>
                <![CDATA[120]]>
              </value>
            </param>
            <param index="5">
              <value>
                <![CDATA[80]]>
              </value>
            </param>
          </params>
          <reporter-output>
          </reporter-output>
        </test-method> <!-- testInputFieldsWithValidData -->
        <test-method signature="testInputFieldsWithValidData(java.lang.String,java.lang.String,java.lang.String,java.lang.String,java.lang.String,java.lang.String)[pri:1, instance:tests.FormFieldValidationTest_2@1992eaf4]" started-at="2026-01-30T15:27:14 IST" name="testInputFieldsWithValidData" data-provider="validTestData" finished-at="2026-01-30T15:27:16 IST" duration-ms="2351" status="PASS">
          <params>
            <param index="0">
              <value>
                <![CDATA[Diastolic BP-01]]>
              </value>
            </param>
            <param index="1">
              <value>
                <![CDATA[Ajay]]>
              </value>
            </param>
            <param index="2">
              <value>
                <![CDATA[22]]>
              </value>
            </param>
            <param index="3">
              <value>
                <![CDATA[Above 100]]>
              </value>
            </param>
            <param index="4">
              <value>
                <![CDATA[80]]>
              </value>
            </param>
            <param index="5">
              <value>
                <![CDATA[50]]>
              </value>
            </param>
          </params>
          <reporter-output>
          </reporter-output>
        </test-method> <!-- testInputFieldsWithValidData -->
        <test-method signature="testInputFieldsWithValidData(java.lang.String,java.lang.String,java.lang.String,java.lang.String,java.lang.String,java.lang.String)[pri:1, instance:tests.FormFieldValidationTest_2@1992eaf4]" started-at="2026-01-30T15:27:16 IST" name="testInputFieldsWithValidData" data-provider="validTestData" finished-at="2026-01-30T15:27:19 IST" duration-ms="2447" status="PASS">
          <params>
            <param index="0">
              <value>
                <![CDATA[Diastolic BP-02]]>
              </value>
            </param>
            <param index="1">
              <value>
                <![CDATA[Riya]]>
              </value>
            </param>
            <param index="2">
              <value>
                <![CDATA[28]]>
              </value>
            </param>
            <param index="3">
              <value>
                <![CDATA[50-59 BPM]]>
              </value>
            </param>
            <param index="4">
              <value>
                <![CDATA[89]]>
              </value>
            </param>
            <param index="5">
              <value>
                <![CDATA[58]]>
              </value>
            </param>
          </params>
          <reporter-output>
          </reporter-output>
        </test-method> <!-- testInputFieldsWithValidData -->
        <test-method signature="testInputFieldsWithValidData(java.lang.String,java.lang.String,java.lang.String,java.lang.String,java.lang.String,java.lang.String)[pri:1, instance:tests.FormFieldValidationTest_2@1992eaf4]" started-at="2026-01-30T15:27:19 IST" name="testInputFieldsWithValidData" data-provider="validTestData" finished-at="2026-01-30T15:27:21 IST" duration-ms="2511" status="PASS">
          <params>
            <param index="0">
              <value>
                <![CDATA[Diastolic BP-03]]>
              </value>
            </param>
            <param index="1">
              <value>
                <![CDATA[Teja]]>
              </value>
            </param>
            <param index="2">
              <value>
                <![CDATA[28]]>
              </value>
            </param>
            <param index="3">
              <value>
                <![CDATA[81-90 BPM]]>
              </value>
            </param>
            <param index="4">
              <value>
                <![CDATA[110]]>
              </value>
            </param>
            <param index="5">
              <value>
                <![CDATA[73]]>
              </value>
            </param>
          </params>
          <reporter-output>
          </reporter-output>
        </test-method> <!-- testInputFieldsWithValidData -->
        <test-method signature="testInputFieldsWithValidData(java.lang.String,java.lang.String,java.lang.String,java.lang.String,java.lang.String,java.lang.String)[pri:1, instance:tests.FormFieldValidationTest_2@1992eaf4]" started-at="2026-01-30T15:27:21 IST" name="testInputFieldsWithValidData" data-provider="validTestData" finished-at="2026-01-30T15:27:24 IST" duration-ms="2633" status="PASS">
          <params>
            <param index="0">
              <value>
                <![CDATA[Diastolic BP-04]]>
              </value>
            </param>
            <param index="1">
              <value>
                <![CDATA[Jay]]>
              </value>
            </param>
            <param index="2">
              <value>
                <![CDATA[28]]>
              </value>
            </param>
            <param index="3">
              <value>
                <![CDATA[60-80 BPM]]>
              </value>
            </param>
            <param index="4">
              <value>
                <![CDATA[117]]>
              </value>
            </param>
            <param index="5">
              <value>
                <![CDATA[85]]>
              </value>
            </param>
          </params>
          <reporter-output>
          </reporter-output>
        </test-method> <!-- testInputFieldsWithValidData -->
        <test-method signature="testInputFieldsWithInvalidData(java.lang.String,java.lang.String,java.lang.String,java.lang.String,java.lang.String,java.lang.String,java.lang.String)[pri:2, instance:tests.FormFieldValidationTest_2@1992eaf4]" started-at="2026-01-30T15:28:51 IST" name="testInputFieldsWithInvalidData" data-provider="invalidTestData" finished-at="2026-01-30T15:28:53 IST" duration-ms="2611" status="PASS">
          <params>
            <param index="0">
              <value>
                <![CDATA[Name Field-01]]>
              </value>
            </param>
            <param index="1">
              <value>
                <![CDATA[John123]]>
              </value>
            </param>
            <param index="2">
              <value>
                <![CDATA[44]]>
              </value>
            </param>
            <param index="3">
              <value>
                <![CDATA[50-59 BPM]]>
              </value>
            </param>
            <param index="4">
              <value>
                <![CDATA[120]]>
              </value>
            </param>
            <param index="5">
              <value>
                <![CDATA[80]]>
              </value>
            </param>
            <param index="6">
              <value>
                <![CDATA[Please match the requested format.]]>
              </value>
            </param>
          </params>
          <reporter-output>
          </reporter-output>
        </test-method> <!-- testInputFieldsWithInvalidData -->
        <test-method signature="testInputFieldsWithInvalidData(java.lang.String,java.lang.String,java.lang.String,java.lang.String,java.lang.String,java.lang.String,java.lang.String)[pri:2, instance:tests.FormFieldValidationTest_2@1992eaf4]" started-at="2026-01-30T15:28:53 IST" name="testInputFieldsWithInvalidData" data-provider="invalidTestData" finished-at="2026-01-30T15:28:57 IST" duration-ms="3130" status="PASS">
          <params>
            <param index="0">
              <value>
                <![CDATA[Name Field-02]]>
              </value>
            </param>
            <param index="1">
              <value>
                <![CDATA[Ravi_ Kumar ]]>
              </value>
            </param>
            <param index="2">
              <value>
                <![CDATA[23]]>
              </value>
            </param>
            <param index="3">
              <value>
                <![CDATA[60-80 BPM]]>
              </value>
            </param>
            <param index="4">
              <value>
                <![CDATA[110]]>
              </value>
            </param>
            <param index="5">
              <value>
                <![CDATA[70]]>
              </value>
            </param>
            <param index="6">
              <value>
                <![CDATA[Please match the requested format.]]>
              </value>
            </param>
          </params>
          <reporter-output>
          </reporter-output>
        </test-method> <!-- testInputFieldsWithInvalidData -->
        <test-method signature="testInputFieldsWithInvalidData(java.lang.String,java.lang.String,java.lang.String,java.lang.String,java.lang.String,java.lang.String,java.lang.String)[pri:2, instance:tests.FormFieldValidationTest_2@1992eaf4]" started-at="2026-01-30T15:28:57 IST" name="testInputFieldsWithInvalidData" data-provider="invalidTestData" finished-at="2026-01-30T15:28:59 IST" duration-ms="2644" status="PASS">
          <params>
            <param index="0">
              <value>
                <![CDATA[Name Field-03]]>
              </value>
            </param>
            <param index="1">
              <value>
                <![CDATA[Mary-Jane ]]>
              </value>
            </param>
            <param index="2">
              <value>
                <![CDATA[28]]>
              </value>
            </param>
            <param index="3">
              <value>
                <![CDATA[81-90 BPM]]>
              </value>
            </param>
            <param index="4">
              <value>
                <![CDATA[120]]>
              </value>
            </param>
            <param index="5">
              <value>
                <![CDATA[85]]>
              </value>
            </param>
            <param index="6">
              <value>
                <![CDATA[Please match the requested format.]]>
              </value>
            </param>
          </params>
          <reporter-output>
          </reporter-output>
        </test-method> <!-- testInputFieldsWithInvalidData -->
        <test-method signature="testInputFieldsWithInvalidData(java.lang.String,java.lang.String,java.lang.String,java.lang.String,java.lang.String,java.lang.String,java.lang.String)[pri:2, instance:tests.FormFieldValidationTest_2@1992eaf4]" started-at="2026-01-30T15:28:59 IST" name="testInputFieldsWithInvalidData" data-provider="invalidTestData" finished-at="2026-01-30T15:29:02 IST" duration-ms="2633" status="FAIL">
          <params>
            <param index="0">
              <value>
                <![CDATA[Name Field-04]]>
              </value>
            </param>
            <param index="1">
              <value>
                <![CDATA[    ]]>
              </value>
            </param>
            <param index="2">
              <value>
                <![CDATA[56]]>
              </value>
            </param>
            <param index="3">
              <value>
                <![CDATA[91-100 BPM]]>
              </value>
            </param>
            <param index="4">
              <value>
                <![CDATA[102]]>
              </value>
            </param>
            <param index="5">
              <value>
                <![CDATA[65]]>
              </value>
            </param>
            <param index="6">
              <value>
                <![CDATA[Please match the requested format.]]>
              </value>
            </param>
          </params>
          <exception class="java.lang.AssertionError">
            <message>
              <![CDATA[Unexpected result card displayed for InvalidName Field]]>
            </message>
            <full-stacktrace>
              <![CDATA[java.lang.AssertionError: Unexpected result card displayed for InvalidName Field
at org.testng.Assert.fail(Assert.java:111)
at tests.FormFieldValidationTest_2.failAndReset(FormFieldValidationTest_2.java:71)
at tests.FormFieldValidationTest_2.testInputFieldsWithInvalidData(FormFieldValidationTest_2.java:28)
at java.base/jdk.internal.reflect.DirectMethodHandleAccessor.invoke(DirectMethodHandleAccessor.java:103)
at java.base/java.lang.reflect.Method.invoke(Method.java:580)
at org.testng.internal.invokers.MethodInvocationHelper.invokeMethod(MethodInvocationHelper.java:141)
at org.testng.internal.invokers.TestInvoker.invokeMethod(TestInvoker.java:686)
at org.testng.internal.invokers.TestInvoker.invokeTestMethod(TestInvoker.java:230)
at org.testng.internal.invokers.MethodRunner.runInSequence(MethodRunner.java:63)
at org.testng.internal.invokers.TestInvoker$MethodInvocationAgent.invoke(TestInvoker.java:992)
at org.testng.internal.invokers.TestInvoker.invokeTestMethods(TestInvoker.java:203)
at org.testng.internal.invokers.TestMethodWorker.invokeTestMethods(TestMethodWorker.java:154)
at org.testng.internal.invokers.TestMethodWorker.run(TestMethodWorker.java:134)
at java.base/java.util.ArrayList.forEach(ArrayList.java:1596)
at org.testng.TestRunner.privateRun(TestRunner.java:739)
at org.testng.TestRunner.run(TestRunner.java:614)
at org.testng.SuiteRunner.runTest(SuiteRunner.java:421)
at org.testng.SuiteRunner$SuiteWorker.run(SuiteRunner.java:463)
at org.testng.internal.thread.ThreadUtil.lambda$execute$0(ThreadUtil.java:64)
at java.base/java.util.concurrent.FutureTask.run$$$capture(FutureTask.java:317)
at java.base/java.util.concurrent.FutureTask.run(FutureTask.java)
at --- Async.Stack.Trace --- (captured by IntelliJ IDEA debugger)
at java.base/java.util.concurrent.FutureTask.<init>(FutureTask.java:132)
at java.base/java.util.concurrent.AbstractExecutorService.newTaskFor(AbstractExecutorService.java:113)
at java.base/java.util.concurrent.AbstractExecutorService.invokeAll(AbstractExecutorService.java:274)
at org.testng.internal.thread.ThreadUtil.execute(ThreadUtil.java:70)
at org.testng.SuiteRunner.runInParallelTestMode(SuiteRunner.java:442)
at org.testng.SuiteRunner.privateRun(SuiteRunner.java:371)
at org.testng.SuiteRunner.run(SuiteRunner.java:312)
at org.testng.SuiteRunnerWorker.runSuite(SuiteRunnerWorker.java:52)
at org.testng.SuiteRunnerWorker.run(SuiteRunnerWorker.java:95)
at org.testng.TestNG.runSuitesSequentially(TestNG.java:1274)
at org.testng.TestNG.runSuitesLocally(TestNG.java:1208)
at org.testng.TestNG.runSuites(TestNG.java:1112)
at org.testng.TestNG.run(TestNG.java:1079)
at com.intellij.rt.testng.IDEARemoteTestNG.run(IDEARemoteTestNG.java:65)
at com.intellij.rt.testng.RemoteTestNGStarter.main(RemoteTestNGStarter.java:105)
]]>
            </full-stacktrace>
          </exception> <!-- java.lang.AssertionError -->
          <reporter-output>
          </reporter-output>
        </test-method> <!-- testInputFieldsWithInvalidData -->
        <test-method signature="testInputFieldsWithInvalidData(java.lang.String,java.lang.String,java.lang.String,java.lang.String,java.lang.String,java.lang.String,java.lang.String)[pri:2, instance:tests.FormFieldValidationTest_2@1992eaf4]" started-at="2026-01-30T15:29:10 IST" name="testInputFieldsWithInvalidData" data-provider="invalidTestData" finished-at="2026-01-30T15:29:15 IST" duration-ms="5171" status="PASS">
          <params>
            <param index="0">
              <value>
                <![CDATA[Name Field-05]]>
              </value>
            </param>
            <param index="1">
              <value>
                <![CDATA[Suresh.]]>
              </value>
            </param>
            <param index="2">
              <value>
                <![CDATA[88]]>
              </value>
            </param>
            <param index="3">
              <value>
                <![CDATA[Below 40]]>
              </value>
            </param>
            <param index="4">
              <value>
                <![CDATA[80]]>
              </value>
            </param>
            <param index="5">
              <value>
                <![CDATA[50]]>
              </value>
            </param>
            <param index="6">
              <value>
                <![CDATA[Please match the requested format.]]>
              </value>
            </param>
          </params>
          <reporter-output>
          </reporter-output>
        </test-method> <!-- testInputFieldsWithInvalidData -->
        <test-method signature="testInputFieldsWithInvalidData(java.lang.String,java.lang.String,java.lang.String,java.lang.String,java.lang.String,java.lang.String,java.lang.String)[pri:2, instance:tests.FormFieldValidationTest_2@1992eaf4]" started-at="2026-01-30T15:29:15 IST" name="testInputFieldsWithInvalidData" data-provider="invalidTestData" finished-at="2026-01-30T15:29:21 IST" duration-ms="5792" status="PASS">
          <params>
            <param index="0">
              <value>
                <![CDATA[Name Field-06]]>
              </value>
            </param>
            <param index="1">
              <value>
                <![CDATA[ Rahul#1 ]]>
              </value>
            </param>
            <param index="2">
              <value>
                <![CDATA[31]]>
              </value>
            </param>
            <param index="3">
              <value>
                <![CDATA[40-49 BPM]]>
              </value>
            </param>
            <param index="4">
              <value>
                <![CDATA[90]]>
              </value>
            </param>
            <param index="5">
              <value>
                <![CDATA[60]]>
              </value>
            </param>
            <param index="6">
              <value>
                <![CDATA[Please match the requested format.]]>
              </value>
            </param>
          </params>
          <reporter-output>
          </reporter-output>
        </test-method> <!-- testInputFieldsWithInvalidData -->
        <test-method signature="testInputFieldsWithInvalidData(java.lang.String,java.lang.String,java.lang.String,java.lang.String,java.lang.String,java.lang.String,java.lang.String)[pri:2, instance:tests.FormFieldValidationTest_2@1992eaf4]" started-at="2026-01-30T15:29:21 IST" name="testInputFieldsWithInvalidData" data-provider="invalidTestData" finished-at="2026-01-30T15:29:24 IST" duration-ms="3451" status="PASS">
          <params>
            <param index="0">
              <value>
                <![CDATA[Name Field-07]]>
              </value>
            </param>
            <param index="1">
              <value>
                <![CDATA[Priya! Devi]]>
              </value>
            </param>
            <param index="2">
              <value>
                <![CDATA[52]]>
              </value>
            </param>
            <param index="3">
              <value>
                <![CDATA[Above 100]]>
              </value>
            </param>
            <param index="4">
              <value>
                <![CDATA[80]]>
              </value>
            </param>
            <param index="5">
              <value>
                <![CDATA[50]]>
              </value>
            </param>
            <param index="6">
              <value>
                <![CDATA[Please match the requested format.]]>
              </value>
            </param>
          </params>
          <reporter-output>
          </reporter-output>
        </test-method> <!-- testInputFieldsWithInvalidData -->
        <test-method signature="testInputFieldsWithInvalidData(java.lang.String,java.lang.String,java.lang.String,java.lang.String,java.lang.String,java.lang.String,java.lang.String)[pri:2, instance:tests.FormFieldValidationTest_2@1992eaf4]" started-at="2026-01-30T15:29:24 IST" name="testInputFieldsWithInvalidData" data-provider="invalidTestData" finished-at="2026-01-30T15:29:29 IST" duration-ms="4485" status="PASS">
          <params>
            <param index="0">
              <value>
                <![CDATA[Age Field-01]]>
              </value>
            </param>
            <param index="1">
              <value>
                <![CDATA[JOHN DOE]]>
              </value>
            </param>
            <param index="2">
              <value>
                <![CDATA[0]]>
              </value>
            </param>
            <param index="3">
              <value>
                <![CDATA[60-80 BPM]]>
              </value>
            </param>
            <param index="4">
              <value>
                <![CDATA[105]]>
              </value>
            </param>
            <param index="5">
              <value>
                <![CDATA[68]]>
              </value>
            </param>
            <param index="6">
              <value>
                <![CDATA[Value must be greater than or equal to 18.]]>
              </value>
            </param>
          </params>
          <reporter-output>
          </reporter-output>
        </test-method> <!-- testInputFieldsWithInvalidData -->
        <test-method signature="testInputFieldsWithInvalidData(java.lang.String,java.lang.String,java.lang.String,java.lang.String,java.lang.String,java.lang.String,java.lang.String)[pri:2, instance:tests.FormFieldValidationTest_2@1992eaf4]" started-at="2026-01-30T15:29:29 IST" name="testInputFieldsWithInvalidData" data-provider="invalidTestData" finished-at="2026-01-30T15:29:33 IST" duration-ms="3972" status="PASS">
          <params>
            <param index="0">
              <value>
                <![CDATA[Age Field-02]]>
              </value>
            </param>
            <param index="1">
              <value>
                <![CDATA[MEENA     LAKSHMI]]>
              </value>
            </param>
            <param index="2">
              <value>
                <![CDATA[15]]>
              </value>
            </param>
            <param index="3">
              <value>
                <![CDATA[81-90 BPM]]>
              </value>
            </param>
            <param index="4">
              <value>
                <![CDATA[116]]>
              </value>
            </param>
            <param index="5">
              <value>
                <![CDATA[84]]>
              </value>
            </param>
            <param index="6">
              <value>
                <![CDATA[Value must be greater than or equal to 18.]]>
              </value>
            </param>
          </params>
          <reporter-output>
          </reporter-output>
        </test-method> <!-- testInputFieldsWithInvalidData -->
        <test-method signature="testInputFieldsWithInvalidData(java.lang.String,java.lang.String,java.lang.String,java.lang.String,java.lang.String,java.lang.String,java.lang.String)[pri:2, instance:tests.FormFieldValidationTest_2@1992eaf4]" started-at="2026-01-30T15:29:33 IST" name="testInputFieldsWithInvalidData" data-provider="invalidTestData" finished-at="2026-01-30T15:29:38 IST" duration-ms="4905" status="PASS">
          <params>
            <param index="0">
              <value>
                <![CDATA[Age Field-03]]>
              </value>
            </param>
            <param index="1">
              <value>
                <![CDATA[Chandrasekharan]]>
              </value>
            </param>
            <param index="2">
              <value>
                <![CDATA[-10]]>
              </value>
            </param>
            <param index="3">
              <value>
                <![CDATA[Above 100]]>
              </value>
            </param>
            <param index="4">
              <value>
                <![CDATA[80]]>
              </value>
            </param>
            <param index="5">
              <value>
                <![CDATA[50]]>
              </value>
            </param>
            <param index="6">
              <value>
                <![CDATA[Value must be greater than or equal to 18.]]>
              </value>
            </param>
          </params>
          <reporter-output>
          </reporter-output>
        </test-method> <!-- testInputFieldsWithInvalidData -->
        <test-method signature="testInputFieldsWithInvalidData(java.lang.String,java.lang.String,java.lang.String,java.lang.String,java.lang.String,java.lang.String,java.lang.String)[pri:2, instance:tests.FormFieldValidationTest_2@1992eaf4]" started-at="2026-01-30T15:29:38 IST" name="testInputFieldsWithInvalidData" data-provider="invalidTestData" finished-at="2026-01-30T15:29:43 IST" duration-ms="4703" status="PASS">
          <params>
            <param index="0">
              <value>
                <![CDATA[Age Field-04]]>
              </value>
            </param>
            <param index="1">
              <value>
                <![CDATA[Ravi Prakash]]>
              </value>
            </param>
            <param index="2">
              <value>
                <![CDATA[17.5]]>
              </value>
            </param>
            <param index="3">
              <value>
                <![CDATA[Above 100]]>
              </value>
            </param>
            <param index="4">
              <value>
                <![CDATA[80]]>
              </value>
            </param>
            <param index="5">
              <value>
                <![CDATA[50]]>
              </value>
            </param>
            <param index="6">
              <value>
                <![CDATA[Value must be greater than or equal to 18.]]>
              </value>
            </param>
          </params>
          <reporter-output>
          </reporter-output>
        </test-method> <!-- testInputFieldsWithInvalidData -->
        <test-method signature="testInputFieldsWithInvalidData(java.lang.String,java.lang.String,java.lang.String,java.lang.String,java.lang.String,java.lang.String,java.lang.String)[pri:2, instance:tests.FormFieldValidationTest_2@1992eaf4]" started-at="2026-01-30T15:29:43 IST" name="testInputFieldsWithInvalidData" data-provider="invalidTestData" finished-at="2026-01-30T15:29:46 IST" duration-ms="3611" status="FAIL">
          <params>
            <param index="0">
              <value>
                <![CDATA[Age Field-05]]>
              </value>
            </param>
            <param index="1">
              <value>
                <![CDATA[Divya Shankar]]>
              </value>
            </param>
            <param index="2">
              <value>
                <![CDATA[ ]]>
              </value>
            </param>
            <param index="3">
              <value>
                <![CDATA[60-80 BPM]]>
              </value>
            </param>
            <param index="4">
              <value>
                <![CDATA[95]]>
              </value>
            </param>
            <param index="5">
              <value>
                <![CDATA[68]]>
              </value>
            </param>
            <param index="6">
              <value>
                <![CDATA[Please fill out this field.]]>
              </value>
            </param>
          </params>
          <exception class="java.lang.AssertionError">
            <message>
              <![CDATA[Validation failed for Age Field expected [Please fill out this field.] but found [Please fill in this field.]]]>
            </message>
            <full-stacktrace>
              <![CDATA[java.lang.AssertionError: Validation failed for Age Field expected [Please fill out this field.] but found [Please fill in this field.]
at org.testng.Assert.fail(Assert.java:111)
at org.testng.Assert.failNotEquals(Assert.java:1578)
at org.testng.Assert.assertEqualsImpl(Assert.java:150)
at org.testng.Assert.assertEquals(Assert.java:132)
at org.testng.Assert.assertEquals(Assert.java:656)
at tests.FormFieldValidationTest_2.validateError(FormFieldValidationTest_2.java:76)
at tests.FormFieldValidationTest_2.testInputFieldsWithInvalidData(FormFieldValidationTest_2.java:39)
at java.base/jdk.internal.reflect.DirectMethodHandleAccessor.invoke(DirectMethodHandleAccessor.java:103)
at java.base/java.lang.reflect.Method.invoke(Method.java:580)
at org.testng.internal.invokers.MethodInvocationHelper.invokeMethod(MethodInvocationHelper.java:141)
at org.testng.internal.invokers.TestInvoker.invokeMethod(TestInvoker.java:686)
at org.testng.internal.invokers.TestInvoker.invokeTestMethod(TestInvoker.java:230)
at org.testng.internal.invokers.MethodRunner.runInSequence(MethodRunner.java:63)
at org.testng.internal.invokers.TestInvoker$MethodInvocationAgent.invoke(TestInvoker.java:992)
at org.testng.internal.invokers.TestInvoker.invokeTestMethods(TestInvoker.java:203)
at org.testng.internal.invokers.TestMethodWorker.invokeTestMethods(TestMethodWorker.java:154)
at org.testng.internal.invokers.TestMethodWorker.run(TestMethodWorker.java:134)
at java.base/java.util.ArrayList.forEach(ArrayList.java:1596)
at org.testng.TestRunner.privateRun(TestRunner.java:739)
at org.testng.TestRunner.run(TestRunner.java:614)
at org.testng.SuiteRunner.runTest(SuiteRunner.java:421)
at org.testng.SuiteRunner$SuiteWorker.run(SuiteRunner.java:463)
at org.testng.internal.thread.ThreadUtil.lambda$execute$0(ThreadUtil.java:64)
at java.base/java.util.concurrent.FutureTask.run$$$capture(FutureTask.java:317)
at java.base/java.util.concurrent.FutureTask.run(FutureTask.java)
at --- Async.Stack.Trace --- (captured by IntelliJ IDEA debugger)
at java.base/java.util.concurrent.FutureTask.<init>(FutureTask.java:132)
at java.base/java.util.concurrent.AbstractExecutorService.newTaskFor(AbstractExecutorService.java:113)
at java.base/java.util.concurrent.AbstractExecutorService.invokeAll(AbstractExecutorService.java:274)
at org.testng.internal.thread.ThreadUtil.execute(ThreadUtil.java:70)
at org.testng.SuiteRunner.runInParallelTestMode(SuiteRunner.java:442)
at org.testng.SuiteRunner.privateRun(SuiteRunner.java:371)
at org.testng.SuiteRunner.run(SuiteRunner.java:312)
at org.testng.SuiteRunnerWorker.runSuite(SuiteRunnerWorker.java:52)
at org.testng.SuiteRunnerWorker.run(SuiteRunnerWorker.java:95)
at org.testng.TestNG.runSuitesSequentially(TestNG.java:1274)
at org.testng.TestNG.runSuitesLocally(TestNG.java:1208)
at org.testng.TestNG.runSuites(TestNG.java:1112)
at org.testng.TestNG.run(TestNG.java:1079)
at com.intellij.rt.testng.IDEARemoteTestNG.run(IDEARemoteTestNG.java:65)
at com.intellij.rt.testng.RemoteTestNGStarter.main(RemoteTestNGStarter.java:105)
]]>
            </full-stacktrace>
          </exception> <!-- java.lang.AssertionError -->
          <reporter-output>
          </reporter-output>
        </test-method> <!-- testInputFieldsWithInvalidData -->
        <test-method signature="testInputFieldsWithInvalidData(java.lang.String,java.lang.String,java.lang.String,java.lang.String,java.lang.String,java.lang.String,java.lang.String)[pri:2, instance:tests.FormFieldValidationTest_2@1992eaf4]" started-at="2026-01-30T15:29:55 IST" name="testInputFieldsWithInvalidData" data-provider="invalidTestData" finished-at="2026-01-30T15:30:01 IST" duration-ms="5375" status="FAIL">
          <params>
            <param index="0">
              <value>
                <![CDATA[Age Field-06]]>
              </value>
            </param>
            <param index="1">
              <value>
                <![CDATA[Bhavani]]>
              </value>
            </param>
            <param index="2">
              <value>
                <![CDATA[999]]>
              </value>
            </param>
            <param index="3">
              <value>
                <![CDATA[81-90 BPM]]>
              </value>
            </param>
            <param index="4">
              <value>
                <![CDATA[103]]>
              </value>
            </param>
            <param index="5">
              <value>
                <![CDATA[68]]>
              </value>
            </param>
            <param index="6">
              <value>
                <![CDATA[Value must be less than or equal to 100.]]>
              </value>
            </param>
          </params>
          <exception class="java.lang.AssertionError">
            <message>
              <![CDATA[Unexpected result card displayed for InvalidAge Field]]>
            </message>
            <full-stacktrace>
              <![CDATA[java.lang.AssertionError: Unexpected result card displayed for InvalidAge Field
at org.testng.Assert.fail(Assert.java:111)
at tests.FormFieldValidationTest_2.failAndReset(FormFieldValidationTest_2.java:71)
at tests.FormFieldValidationTest_2.testInputFieldsWithInvalidData(FormFieldValidationTest_2.java:36)
at java.base/jdk.internal.reflect.DirectMethodHandleAccessor.invoke(DirectMethodHandleAccessor.java:103)
at java.base/java.lang.reflect.Method.invoke(Method.java:580)
at org.testng.internal.invokers.MethodInvocationHelper.invokeMethod(MethodInvocationHelper.java:141)
at org.testng.internal.invokers.TestInvoker.invokeMethod(TestInvoker.java:686)
at org.testng.internal.invokers.TestInvoker.invokeTestMethod(TestInvoker.java:230)
at org.testng.internal.invokers.MethodRunner.runInSequence(MethodRunner.java:63)
at org.testng.internal.invokers.TestInvoker$MethodInvocationAgent.invoke(TestInvoker.java:992)
at org.testng.internal.invokers.TestInvoker.invokeTestMethods(TestInvoker.java:203)
at org.testng.internal.invokers.TestMethodWorker.invokeTestMethods(TestMethodWorker.java:154)
at org.testng.internal.invokers.TestMethodWorker.run(TestMethodWorker.java:134)
at java.base/java.util.ArrayList.forEach(ArrayList.java:1596)
at org.testng.TestRunner.privateRun(TestRunner.java:739)
at org.testng.TestRunner.run(TestRunner.java:614)
at org.testng.SuiteRunner.runTest(SuiteRunner.java:421)
at org.testng.SuiteRunner$SuiteWorker.run(SuiteRunner.java:463)
at org.testng.internal.thread.ThreadUtil.lambda$execute$0(ThreadUtil.java:64)
at java.base/java.util.concurrent.FutureTask.run$$$capture(FutureTask.java:317)
at java.base/java.util.concurrent.FutureTask.run(FutureTask.java)
at --- Async.Stack.Trace --- (captured by IntelliJ IDEA debugger)
at java.base/java.util.concurrent.FutureTask.<init>(FutureTask.java:132)
at java.base/java.util.concurrent.AbstractExecutorService.newTaskFor(AbstractExecutorService.java:113)
at java.base/java.util.concurrent.AbstractExecutorService.invokeAll(AbstractExecutorService.java:274)
at org.testng.internal.thread.ThreadUtil.execute(ThreadUtil.java:70)
at org.testng.SuiteRunner.runInParallelTestMode(SuiteRunner.java:442)
at org.testng.SuiteRunner.privateRun(SuiteRunner.java:371)
at org.testng.SuiteRunner.run(SuiteRunner.java:312)
at org.testng.SuiteRunnerWorker.runSuite(SuiteRunnerWorker.java:52)
at org.testng.SuiteRunnerWorker.run(SuiteRunnerWorker.java:95)
at org.testng.TestNG.runSuitesSequentially(TestNG.java:1274)
at org.testng.TestNG.runSuitesLocally(TestNG.java:1208)
at org.testng.TestNG.runSuites(TestNG.java:1112)
at org.testng.TestNG.run(TestNG.java:1079)
at com.intellij.rt.testng.IDEARemoteTestNG.run(IDEARemoteTestNG.java:65)
at com.intellij.rt.testng.RemoteTestNGStarter.main(RemoteTestNGStarter.java:105)
]]>
            </full-stacktrace>
          </exception> <!-- java.lang.AssertionError -->
          <reporter-output>
          </reporter-output>
        </test-method> <!-- testInputFieldsWithInvalidData -->
[...]
              </value>
            </param>
            <param index="6">
              <value>
                <![CDATA[4]]>
              </value>
            </param>
          </params>
          <reporter-output>
          </reporter-output>
        </test-method> <!-- ScoreValidation -->
        <test-method signature="ScoreValidation(java.lang.String,java.lang.String,java.lang.String,java.lang.String,java.lang.String,java.lang.String,java.lang.String)[pri:1, instance:tests.ScoreValidationTest_2@6fff253c]" started-at="2026-01-30T15:29:07 IST" name="ScoreValidation" data-provider="ScoreData" finished-at="2026-01-30T15:29:11 IST" duration-ms="3568" status="PASS">
          <params>
            <param index="0">
              <value>
                <![CDATA[Pulse Score-03]]>
              </value>
            </param>
            <param index="1">
              <value>
                <![CDATA[Naveen]]>
              </value>
            </param>
            <param index="2">
              <value>
                <![CDATA[25]]>
              </value>
            </param>
            <param index="3">
              <value>
                <![CDATA[50-59 BPM]]>
              </value>
            </param>
            <param index="4">
              <value>
                <![CDATA[80]]>
              </value>
            </param>
            <param index="5">
              <value>
                <![CDATA[50]]>
              </value>
            </param>
            <param index="6">
              <value>
                <![CDATA[7]]>
              </value>
            </param>
          </params>
          <reporter-output>
          </reporter-output>
        </test-method> <!-- ScoreValidation -->
        <test-method signature="ScoreValidation(java.lang.String,java.lang.String,java.lang.String,java.lang.String,java.lang.String,java.lang.String,java.lang.String)[pri:1, instance:tests.ScoreValidationTest_2@6fff253c]" started-at="2026-01-30T15:29:11 IST" name="ScoreValidation" data-provider="ScoreData" finished-at="2026-01-30T15:29:16 IST" duration-ms="4685" status="PASS">
          <params>
            <param index="0">
              <value>
                <![CDATA[Pulse Score-04]]>
              </value>
            </param>
            <param index="1">
              <value>
                <![CDATA[Naveen]]>
              </value>
            </param>
            <param index="2">
              <value>
                <![CDATA[25]]>
              </value>
            </param>
            <param index="3">
              <value>
                <![CDATA[60-80 BPM]]>
              </value>
            </param>
            <param index="4">
              <value>
                <![CDATA[120]]>
              </value>
            </param>
            <param index="5">
              <value>
                <![CDATA[80]]>
              </value>
            </param>
            <param index="6">
              <value>
                <![CDATA[10]]>
              </value>
            </param>
          </params>
          <reporter-output>
          </reporter-output>
        </test-method> <!-- ScoreValidation -->
        <test-method signature="ScoreValidation(java.lang.String,java.lang.String,java.lang.String,java.lang.String,java.lang.String,java.lang.String,java.lang.String)[pri:1, instance:tests.ScoreValidationTest_2@6fff253c]" started-at="2026-01-30T15:29:16 IST" name="ScoreValidation" data-provider="ScoreData" finished-at="2026-01-30T15:29:21 IST" duration-ms="5038" status="PASS">
          <params>
            <param index="0">
              <value>
                <![CDATA[Pulse Score-05]]>
              </value>
            </param>
            <param index="1">
              <value>
                <![CDATA[Naveen]]>
              </value>
            </param>
            <param index="2">
              <value>
                <![CDATA[25]]>
              </value>
            </param>
            <param index="3">
              <value>
                <![CDATA[81-90 BPM]]>
              </value>
            </param>
            <param index="4">
              <value>
                <![CDATA[80]]>
              </value>
            </param>
            <param index="5">
              <value>
                <![CDATA[50]]>
              </value>
            </param>
            <param index="6">
              <value>
                <![CDATA[7]]>
              </value>
            </param>
          </params>
          <reporter-output>
          </reporter-output>
        </test-method> <!-- ScoreValidation -->
        <test-method signature="ScoreValidation(java.lang.String,java.lang.String,java.lang.String,java.lang.String,java.lang.String,java.lang.String,java.lang.String)[pri:1, instance:tests.ScoreValidationTest_2@6fff253c]" started-at="2026-01-30T15:29:21 IST" name="ScoreValidation" data-provider="ScoreData" finished-at="2026-01-30T15:29:24 IST" duration-ms="3272" status="PASS">
          <params>
            <param index="0">
              <value>
                <![CDATA[Pulse Score-06]]>
              </value>
            </param>
            <param index="1">
              <value>
                <![CDATA[Naveen]]>
              </value>
            </param>
            <param index="2">
              <value>
                <![CDATA[25]]>
              </value>
            </param>
            <param index="3">
              <value>
                <![CDATA[91-100 BPM]]>
              </value>
            </param>
            <param index="4">
              <value>
                <![CDATA[80]]>
              </value>
            </param>
            <param index="5">
              <value>
                <![CDATA[50]]>
              </value>
            </param>
            <param index="6">
              <value>
                <![CDATA[4]]>
              </value>
            </param>
          </params>
          <reporter-output>
          </reporter-output>
        </test-method> <!-- ScoreValidation -->
        <test-method signature="ScoreValidation(java.lang.String,java.lang.String,java.lang.String,java.lang.String,java.lang.String,java.lang.String,java.lang.String)[pri:1, instance:tests.ScoreValidationTest_2@6fff253c]" started-at="2026-01-30T15:29:24 IST" name="ScoreValidation" data-provider="ScoreData" finished-at="2026-01-30T15:29:28 IST" duration-ms="3613" status="PASS">
          <params>
            <param index="0">
              <value>
                <![CDATA[Pulse Score-07]]>
              </value>
            </param>
            <param index="1">
              <value>
                <![CDATA[Naveen]]>
              </value>
            </param>
            <param index="2">
              <value>
                <![CDATA[25]]>
              </value>
            </param>
            <param index="3">
              <value>
                <![CDATA[Above 100]]>
              </value>
            </param>
            <param index="4">
              <value>
                <![CDATA[80]]>
              </value>
            </param>
            <param index="5">
              <value>
                <![CDATA[50]]>
              </value>
            </param>
            <param index="6">
              <value>
                <![CDATA[2]]>
              </value>
            </param>
          </params>
          <reporter-output>
          </reporter-output>
        </test-method> <!-- ScoreValidation -->
        <test-method signature="OverallHealthScoreValidation(java.lang.String,java.lang.String,java.lang.String,java.lang.String,java.lang.String,java.lang.String,java.lang.String,java.lang.String,java.lang.String)[pri:2, instance:tests.ScoreValidationTest_2@6fff253c]" started-at="2026-01-30T15:32:28 IST" name="OverallHealthScoreValidation" data-provider="OverallScoreData" finished-at="2026-01-30T15:32:33 IST" duration-ms="4793" status="PASS">
          <params>
            <param index="0">
              <value>
                <![CDATA[1]]>
              </value>
            </param>
            <param index="1">
              <value>
                <![CDATA[Sairam]]>
              </value>
            </param>
            <param index="2">
              <value>
                <![CDATA[25]]>
              </value>
            </param>
            <param index="3">
              <value>
                <![CDATA[81-90 BPM]]>
              </value>
            </param>
            <param index="4">
              <value>
                <![CDATA[120]]>
              </value>
            </param>
            <param index="5">
              <value>
                <![CDATA[80]]>
              </value>
            </param>
            <param index="6">
              <value>
                <![CDATA[90]]>
              </value>
            </param>
            <param index="7">
              <value>
                <![CDATA[EXCELLENT]]>
              </value>
            </param>
            <param index="8">
              <value>
                <![CDATA[rgba(138, 201, 38, 1)]]>
              </value>
            </param>
          </params>
          <reporter-output>
          </reporter-output>
        </test-method> <!-- OverallHealthScoreValidation -->
        <test-method signature="OverallHealthScoreValidation(java.lang.String,java.lang.String,java.lang.String,java.lang.String,java.lang.String,java.lang.String,java.lang.String,java.lang.String,java.lang.String)[pri:2, instance:tests.ScoreValidationTest_2@6fff253c]" started-at="2026-01-30T15:32:33 IST" name="OverallHealthScoreValidation" data-provider="OverallScoreData" finished-at="2026-01-30T15:32:36 IST" duration-ms="3243" status="FAIL">
          <params>
            <param index="0">
              <value>
                <![CDATA[2]]>
              </value>
            </param>
            <param index="1">
              <value>
                <![CDATA[Naveen]]>
              </value>
            </param>
            <param index="2">
              <value>
                <![CDATA[76]]>
              </value>
            </param>
            <param index="3">
              <value>
                <![CDATA[Above 100]]>
              </value>
            </param>
            <param index="4">
              <value>
                <![CDATA[109]]>
              </value>
            </param>
            <param index="5">
              <value>
                <![CDATA[69]]>
              </value>
            </param>
            <param index="6">
              <value>
                <![CDATA[80]]>
              </value>
            </param>
            <param index="7">
              <value>
                <![CDATA[CRITICAL]]>
              </value>
            </param>
            <param index="8">
              <value>
                <![CDATA[rgba(197, 202, 48, 1)]]>
              </value>
            </param>
          </params>
          <exception class="java.lang.AssertionError">
            <message>
              <![CDATA[Test Failed: Unexpected Alert [Values you provided are not ideal. Consult a doctor] appeared for 2]]>
            </message>
            <full-stacktrace>
              <![CDATA[java.lang.AssertionError: Test Failed: Unexpected Alert [Values you provided are not ideal. Consult a doctor] appeared for 2
at org.testng.Assert.fail(Assert.java:111)
at tests.ScoreValidationTest_2.OverallHealthScoreValidation(ScoreValidationTest_2.java:62)
at java.base/jdk.internal.reflect.DirectMethodHandleAccessor.invoke(DirectMethodHandleAccessor.java:103)
at java.base/java.lang.reflect.Method.invoke(Method.java:580)
at org.testng.internal.invokers.MethodInvocationHelper.invokeMethod(MethodInvocationHelper.java:141)
at org.testng.internal.invokers.TestInvoker.invokeMethod(TestInvoker.java:686)
at org.testng.internal.invokers.TestInvoker.invokeTestMethod(TestInvoker.java:230)
at org.testng.internal.invokers.MethodRunner.runInSequence(MethodRunner.java:63)
at org.testng.internal.invokers.TestInvoker$MethodInvocationAgent.invoke(TestInvoker.java:992)
at org.testng.internal.invokers.TestInvoker.invokeTestMethods(TestInvoker.java:203)
at org.testng.internal.invokers.TestMethodWorker.invokeTestMethods(TestMethodWorker.java:154)
at org.testng.internal.invokers.TestMethodWorker.run(TestMethodWorker.java:134)
at java.base/java.util.ArrayList.forEach(ArrayList.java:1596)
at org.testng.TestRunner.privateRun(TestRunner.java:739)
at org.testng.TestRunner.run(TestRunner.java:614)
at org.testng.SuiteRunner.runTest(SuiteRunner.java:421)
at org.testng.SuiteRunner$SuiteWorker.run(SuiteRunner.java:463)
at org.testng.internal.thread.ThreadUtil.lambda$execute$0(ThreadUtil.java:64)
at java.base/java.util.concurrent.FutureTask.run$$$capture(FutureTask.java:317)
at java.base/java.util.concurrent.FutureTask.run(FutureTask.java)
at --- Async.Stack.Trace --- (captured by IntelliJ IDEA debugger)
at java.base/java.util.concurrent.FutureTask.<init>(FutureTask.java:132)
at java.base/java.util.concurrent.AbstractExecutorService.newTaskFor(AbstractExecutorService.java:113)
at java.base/java.util.concurrent.AbstractExecutorService.invokeAll(AbstractExecutorService.java:274)
at org.testng.internal.thread.ThreadUtil.execute(ThreadUtil.java:70)
at org.testng.SuiteRunner.runInParallelTestMode(SuiteRunner.java:442)
at org.testng.SuiteRunner.privateRun(SuiteRunner.java:371)
at org.testng.SuiteRunner.run(SuiteRunner.java:312)
at org.testng.SuiteRunnerWorker.runSuite(SuiteRunnerWorker.java:52)
at org.testng.SuiteRunnerWorker.run(SuiteRunnerWorker.java:95)
at org.testng.TestNG.runSuitesSequentially(TestNG.java:1274)
at org.testng.TestNG.runSuitesLocally(TestNG.java:1208)
at org.testng.TestNG.runSuites(TestNG.java:1112)
at org.testng.TestNG.run(TestNG.java:1079)
at com.intellij.rt.testng.IDEARemoteTestNG.run(IDEARemoteTestNG.java:65)
at com.intellij.rt.testng.RemoteTestNGStarter.main(RemoteTestNGStarter.java:105)
]]>
            </full-stacktrace>
          </exception> <!-- java.lang.AssertionError -->
          <reporter-output>
          </reporter-output>
        </test-method> <!-- OverallHealthScoreValidation -->
        <test-method signature="OverallHealthScoreValidation(java.lang.String,java.lang.String,java.lang.String,java.lang.String,java.lang.String,java.lang.String,java.lang.String,java.lang.String,java.lang.String)[pri:2, instance:tests.ScoreValidationTest_2@6fff253c]" started-at="2026-01-30T15:32:43 IST" name="OverallHealthScoreValidation" data-provider="OverallScoreData" finished-at="2026-01-30T15:32:48 IST" duration-ms="4917" status="PASS">
          <params>
            <param index="0">
              <value>
                <![CDATA[3]]>
              </value>
            </param>
            <param index="1">
              <value>
                <![CDATA[Saibabu]]>
              </value>
            </param>
            <param index="2">
              <value>
                <![CDATA[55]]>
              </value>
            </param>
            <param index="3">
              <value>
                <![CDATA[60-80 BPM]]>
              </value>
            </param>
            <param index="4">
              <value>
                <![CDATA[109]]>
              </value>
            </param>
            <param index="5">
              <value>
                <![CDATA[69]]>
              </value>
            </param>
            <param index="6">
              <value>
                <![CDATA[80]]>
              </value>
            </param>
            <param index="7">
              <value>
                <![CDATA[GOOD]]>
              </value>
            </param>
            <param index="8">
              <value>
                <![CDATA[rgba(197, 202, 48, 1)]]>
              </value>
            </param>
          </params>
          <reporter-output>
          </reporter-output>
        </test-method> <!-- OverallHealthScoreValidation -->
        <test-method signature="OverallHealthScoreValidation(java.lang.String,java.lang.String,java.lang.String,java.lang.String,java.lang.String,java.lang.String,java.lang.String,java.lang.String,java.lang.String)[pri:2, instance:tests.ScoreValidationTest_2@6fff253c]" started-at="2026-01-30T15:32:48 IST" name="OverallHealthScoreValidation" data-provider="OverallScoreData" finished-at="2026-01-30T15:32:54 IST" duration-ms="5476" status="PASS">
          <params>
            <param index="0">
              <value>
                <![CDATA[4]]>
              </value>
            </param>
            <param index="1">
              <value>
                <![CDATA[Rupesh]]>
              </value>
            </param>
            <param index="2">
              <value>
                <![CDATA[55]]>
              </value>
            </param>
            <param index="3">
              <value>
                <![CDATA[50-59 BPM]]>
              </value>
            </param>
            <param index="4">
              <value>
                <![CDATA[89]]>
              </value>
            </param>
            <param index="5">
              <value>
                <![CDATA[59]]>
              </value>
            </param>
            <param index="6">
              <value>
                <![CDATA[60]]>
              </value>
            </param>
            <param index="7">
              <value>
                <![CDATA[AVERAGE]]>
              </value>
            </param>
            <param index="8">
              <value>
                <![CDATA[rgba(255, 202, 58, 1)]]>
              </value>
            </param>
          </params>
          <reporter-output>
          </reporter-output>
        </test-method> <!-- OverallHealthScoreValidation -->
        <test-method signature="OverallHealthScoreValidation(java.lang.String,java.lang.String,java.lang.String,java.lang.String,java.lang.String,java.lang.String,java.lang.String,java.lang.String,java.lang.String)[pri:2, instance:tests.ScoreValidationTest_2@6fff253c]" started-at="2026-01-30T15:32:54 IST" name="OverallHealthScoreValidation" data-provider="OverallScoreData" finished-at="2026-01-30T15:32:58 IST" duration-ms="4725" status="PASS">
          <params>
            <param index="0">
              <value>
                <![CDATA[5]]>
              </value>
            </param>
            <param index="1">
              <value>
                <![CDATA[Bhaskar]]>
              </value>
            </param>
            <param index="2">
              <value>
                <![CDATA[75]]>
              </value>
            </param>
            <param index="3">
              <value>
                <![CDATA[Below 40]]>
              </value>
            </param>
            <param index="4">
              <value>
                <![CDATA[80]]>
              </value>
            </param>
            <param index="5">
              <value>
                <![CDATA[50]]>
              </value>
            </param>
            <param index="6">
              <value>
                <![CDATA[37]]>
              </value>
            </param>
            <param index="7">
              <value>
                <![CDATA[POOR]]>
              </value>
            </param>
            <param index="8">
              <value>
                <![CDATA[rgba(255, 146, 76, 1)]]>
              </value>
            </param>
          </params>
          <reporter-output>
          </reporter-output>
        </test-method> <!-- OverallHealthScoreValidation -->
        <test-method is-config="true" signature="closeBrowser()[pri:0, instance:tests.ScoreValidationTest_2@6fff253c]" started-at="2026-01-30T15:32:58 IST" name="closeBrowser" finished-at="2026-01-30T15:33:04 IST" duration-ms="5247" status="PASS">
          <reporter-output>
          </reporter-output>
        </test-method> <!-- closeBrowser -->
      </class> <!-- tests.ScoreValidationTest_2 -->
    </test> <!-- Execution in Chrome -->
  </suite> <!-- Health Index Calculator Suite -->
</testng-results>
