<?xml version="1.0" encoding="UTF-8"?>
<!-- Generated by org.testng.reporters.JUnitReportReporter -->
<testsuite hostname="LTIN675377" failures="1" tests="26" name="tests.testcases.ScoreValidationTest" time="76.125" errors="0" timestamp="2026-01-29T17:38:48 IST" skipped="0">
  <testcase classname="tests.testcases.ScoreValidationTest" name="ScoreValidation" time="2.859"/>
  <testcase classname="tests.testcases.ScoreValidationTest" name="ScoreValidation" time="2.412"/>
  <testcase classname="tests.testcases.ScoreValidationTest" name="ScoreValidation" time="2.300"/>
  <testcase classname="tests.testcases.ScoreValidationTest" name="ScoreValidation" time="2.566"/>
  <testcase classname="tests.testcases.ScoreValidationTest" name="ScoreValidation" time="2.828"/>
  <testcase classname="tests.testcases.ScoreValidationTest" name="ScoreValidation" time="2.359"/>
  <testcase classname="tests.testcases.ScoreValidationTest" name="ScoreValidation" time="2.445"/>
  <testcase classname="tests.testcases.ScoreValidationTest" name="ScoreValidation" time="2.415"/>
  <testcase classname="tests.testcases.ScoreValidationTest" name="ScoreValidation" time="2.531"/>
  <testcase classname="tests.testcases.ScoreValidationTest" name="ScoreValidation" time="2.234"/>
  <testcase classname="tests.testcases.ScoreValidationTest" name="ScoreValidation" time="2.450"/>
  <testcase classname="tests.testcases.ScoreValidationTest" name="ScoreValidation" time="3.228"/>
  <testcase classname="tests.testcases.ScoreValidationTest" name="ScoreValidation" time="2.739"/>
  <testcase classname="tests.testcases.ScoreValidationTest" name="ScoreValidation" time="2.866"/>
  <testcase classname="tests.testcases.ScoreValidationTest" name="ScoreValidation" time="2.688"/>
  <testcase classname="tests.testcases.ScoreValidationTest" name="ScoreValidation" time="2.408"/>
  <testcase classname="tests.testcases.ScoreValidationTest" name="ScoreValidation" time="2.567"/>
  <testcase classname="tests.testcases.ScoreValidationTest" name="ScoreValidation" time="3.086"/>
  <testcase classname="tests.testcases.ScoreValidationTest" name="ScoreValidation" time="2.656"/>
  <testcase classname="tests.testcases.ScoreValidationTest" name="ScoreValidation" time="2.708"/>
  <testcase classname="tests.testcases.ScoreValidationTest" name="ScoreValidation" time="2.346"/>
  <testcase classname="tests.testcases.ScoreValidationTest" name="OverallHealthScoreValidation" time="4.712"/>
  <testcase classname="tests.testcases.ScoreValidationTest" name="OverallHealthScoreValidation" time="4.782"/>
  <testcase classname="tests.testcases.ScoreValidationTest" name="OverallHealthScoreValidation" time="4.650"/>
  <testcase classname="tests.testcases.ScoreValidationTest" name="OverallHealthScoreValidation" time="2.285">
    <failure message="Test Failed: Unexpected Alert [Values you provided are not ideal. Consult a doctor] appeared for 2" type="java.lang.AssertionError">
      <![CDATA[java.lang.AssertionError: Test Failed: Unexpected Alert [Values you provided are not ideal. Consult a doctor] appeared for 2
at org.testng.Assert.fail(Assert.java:111)
at tests.testcases.ScoreValidationTest.OverallHealthScoreValidation(ScoreValidationTest.java:64)
at java.base/jdk.internal.reflect.DirectMethodHandleAccessor.invoke(DirectMethodHandleAccessor.java:103)
at java.base/java.lang.reflect.Method.invoke(Method.java:580)
at org.testng.internal.invokers.MethodInvocationHelper.invokeMethod(MethodInvocationHelper.java:141)
at org.testng.internal.invokers.TestInvoker.invokeMethod(TestInvoker.java:686)
at org.testng.internal.invokers.TestInvoker.invokeTestMethod(TestInvoker.java:230)
at org.testng.internal.invokers.MethodRunner.runInSequence(MethodRunner.java:63)
at org.testng.internal.invokers.TestInvoker$MethodInvocationAgent.invoke(TestInvoker.java:992)
at org.testng.internal.invokers.TestInvoker.invokeTestMethods(TestInvoker.java:203)
at org.testng.internal.invokers.TestMethodWorker.invokeTestMethods(TestMethodWorker.java:154)
at org.testng.internal.invokers.TestMethodWorker.run(TestMethodWorker.java:134)
at java.base/java.util.ArrayList.forEach(ArrayList.java:1596)
at org.testng.TestRunner.privateRun(TestRunner.java:739)
at org.testng.TestRunner.run(TestRunner.java:614)
at org.testng.SuiteRunner.runTest(SuiteRunner.java:421)
at org.testng.SuiteRunner.runSequentially(SuiteRunner.java:413)
at org.testng.SuiteRunner.privateRun(SuiteRunner.java:373)
at org.testng.SuiteRunner.run(SuiteRunner.java:312)
at org.testng.SuiteRunnerWorker.runSuite(SuiteRunnerWorker.java:52)
at org.testng.SuiteRunnerWorker.run(SuiteRunnerWorker.java:95)
at org.testng.TestNG.runSuitesSequentially(TestNG.java:1274)
at org.testng.TestNG.runSuitesLocally(TestNG.java:1208)
at org.testng.TestNG.runSuites(TestNG.java:1112)
at org.testng.TestNG.run(TestNG.java:1079)
at com.intellij.rt.testng.IDEARemoteTestNG.run(IDEARemoteTestNG.java:65)
at com.intellij.rt.testng.RemoteTestNGStarter.main(RemoteTestNGStarter.java:105)
]]>
    </failure>
  </testcase> <!-- OverallHealthScoreValidation -->
  <testcase classname="tests.testcases.ScoreValidationTest" name="OverallHealthScoreValidation" time="5.005"/>
</testsuite> <!-- tests.testcases.ScoreValidationTest -->
