<?xml version="1.0" encoding="UTF-8"?>
<!-- Generated by org.testng.reporters.JUnitReportReporter -->
<testsuite hostname="LTIN675377" failures="0" tests="6" name="tests.FormUIValidationTest" time="11.759" errors="0" timestamp="2026-01-30T15:33:12 IST" skipped="0">
  <testcase classname="tests.FormUIValidationTest" name="testHeadingAppearance" time="0.799"/>
  <testcase classname="tests.FormUIValidationTest" name="testHeadingAppearance" time="0.887"/>
  <testcase classname="tests.FormUIValidationTest" name="testInputFieldsPresence" time="1.541"/>
  <testcase classname="tests.FormUIValidationTest" name="testInputFieldsPresence" time="3.033"/>
  <testcase classname="tests.FormUIValidationTest" name="testFormSubmissionResult" time="3.235"/>
  <testcase classname="tests.FormUIValidationTest" name="testFormSubmissionResult" time="2.264"/>
</testsuite> <!-- tests.FormUIValidationTest -->
