<?xml version="1.0" encoding="UTF-8"?>
<!-- Generated by org.testng.reporters.JUnitReportReporter -->
<testsuite hostname="LTIN675377" failures="0" tests="2" name="tests.testcases.ResultUIValidationTest" time="2.753" errors="0" timestamp="2026-01-29T17:38:48 IST" skipped="0">
  <testcase classname="tests.testcases.ResultUIValidationTest" name="resultCardUiValidation" time="2.394"/>
  <testcase classname="tests.testcases.ResultUIValidationTest" name="summaryCardUIValidation" time="0.359"/>
</testsuite> <!-- tests.testcases.ResultUIValidationTest -->
