<?xml version="1.0" encoding="UTF-8"?>
<!-- Generated by org.testng.reporters.JUnitReportReporter -->
<testsuite hostname="LTIN675377" failures="0" tests="3" name="tests.testcases.FormUIValidationTest" time="5.674" errors="0" timestamp="2026-01-29T17:38:48 IST" skipped="0">
  <testcase classname="tests.testcases.FormUIValidationTest" name="testHeadingAppearance" time="0.777"/>
  <testcase classname="tests.testcases.FormUIValidationTest" name="testInputFieldsPresence" time="2.243"/>
  <testcase classname="tests.testcases.FormUIValidationTest" name="testFormSubmissionResult" time="2.654"/>
</testsuite> <!-- tests.testcases.FormUIValidationTest -->
