<?xml version="1.0" encoding="UTF-8"?>
<!-- Generated by org.testng.reporters.JUnitReportReporter -->
<testsuite hostname="LTIN675377" failures="5" tests="50" name="tests.testcases.FormFieldValidationTest" time="150.297" errors="0" timestamp="2026-01-29T17:38:48 IST" skipped="0">
  <testcase classname="tests.testcases.FormFieldValidationTest" name="testInputFieldsWithValidData" time="3.050"/>
  <testcase classname="tests.testcases.FormFieldValidationTest" name="testInputFieldsWithValidData" time="2.889"/>
  <testcase classname="tests.testcases.FormFieldValidationTest" name="testInputFieldsWithValidData" time="2.679"/>
  <testcase classname="tests.testcases.FormFieldValidationTest" name="testInputFieldsWithValidData" time="2.792"/>
  <testcase classname="tests.testcases.FormFieldValidationTest" name="testInputFieldsWithValidData" time="3.248"/>
  <testcase classname="tests.testcases.FormFieldValidationTest" name="testInputFieldsWithValidData" time="3.097"/>
  <testcase classname="tests.testcases.FormFieldValidationTest" name="testInputFieldsWithValidData" time="2.906"/>
  <testcase classname="tests.testcases.FormFieldValidationTest" name="testInputFieldsWithValidData" time="2.796"/>
  <testcase classname="tests.testcases.FormFieldValidationTest" name="testInputFieldsWithValidData" time="2.902"/>
  <testcase classname="tests.testcases.FormFieldValidationTest" name="testInputFieldsWithValidData" time="3.034"/>
  <testcase classname="tests.testcases.FormFieldValidationTest" name="testInputFieldsWithValidData" time="3.083"/>
  <testcase classname="tests.testcases.FormFieldValidationTest" name="testInputFieldsWithValidData" time="2.868"/>
  <testcase classname="tests.testcases.FormFieldValidationTest" name="testInputFieldsWithValidData" time="2.680"/>
  <testcase classname="tests.testcases.FormFieldValidationTest" name="testInputFieldsWithValidData" time="2.796"/>
  <testcase classname="tests.testcases.FormFieldValidationTest" name="testInputFieldsWithValidData" time="2.732"/>
  <testcase classname="tests.testcases.FormFieldValidationTest" name="testInputFieldsWithValidData" time="2.994"/>
  <testcase classname="tests.testcases.FormFieldValidationTest" name="testInputFieldsWithValidData" time="2.452"/>
  <testcase classname="tests.testcases.FormFieldValidationTest" name="testInputFieldsWithValidData" time="4.077"/>
  <testcase classname="tests.testcases.FormFieldValidationTest" name="testInputFieldsWithValidData" time="3.457"/>
  <testcase classname="tests.testcases.FormFieldValidationTest" name="testInputFieldsWithValidData" time="2.758"/>
  <testcase classname="tests.testcases.FormFieldValidationTest" name="testInputFieldsWithValidData" time="3.135"/>
  <testcase classname="tests.testcases.FormFieldValidationTest" name="testInputFieldsWithValidData" time="3.136"/>
  <testcase classname="tests.testcases.FormFieldValidationTest" name="testInputFieldsWithValidData" time="2.957"/>
  <testcase classname="tests.testcases.FormFieldValidationTest" name="testInputFieldsWithInvalidData" time="2.641"/>
  <testcase classname="tests.testcases.FormFieldValidationTest" name="testInputFieldsWithInvalidData" time="2.442"/>
  <testcase classname="tests.testcases.FormFieldValidationTest" name="testInputFieldsWithInvalidData" time="2.465"/>
  <testcase classname="tests.testcases.FormFieldValidationTest" name="testInputFieldsWithInvalidData" time="2.234"/>
  <testcase classname="tests.testcases.FormFieldValidationTest" name="testInputFieldsWithInvalidData" time="2.624"/>
  <testcase classname="tests.testcases.FormFieldValidationTest" name="testInputFieldsWithInvalidData" time="2.598"/>
  <testcase classname="tests.testcases.FormFieldValidationTest" name="testInputFieldsWithInvalidData" time="2.817"/>
  <testcase classname="tests.testcases.FormFieldValidationTest" name="testInputFieldsWithInvalidData" time="2.351"/>
  <testcase classname="tests.testcases.FormFieldValidationTest" name="testInputFieldsWithInvalidData" time="2.703"/>
  <testcase classname="tests.testcases.FormFieldValidationTest" name="testInputFieldsWithInvalidData" time="2.533"/>
  <testcase classname="tests.testcases.FormFieldValidationTest" name="testInputFieldsWithInvalidData" time="2.491"/>
  <testcase classname="tests.testcases.FormFieldValidationTest" name="testInputFieldsWithInvalidData" time="2.640">
    <failure message="Unexpected result card displayed for InvalidName Field" type="java.lang.AssertionError">
      <![CDATA[java.lang.AssertionError: Unexpected result card displayed for InvalidName Field
at org.testng.Assert.fail(Assert.java:111)
at tests.testcases.FormFieldValidationTest.failAndReset(FormFieldValidationTest.java:77)
at tests.testcases.FormFieldValidationTest.testInputFieldsWithInvalidData(FormFieldValidationTest.java:33)
at java.base/jdk.internal.reflect.DirectMethodHandleAccessor.invoke(DirectMethodHandleAccessor.java:103)
at java.base/java.lang.reflect.Method.invoke(Method.java:580)
at org.testng.internal.invokers.MethodInvocationHelper.invokeMethod(MethodInvocationHelper.java:141)
at org.testng.internal.invokers.TestInvoker.invokeMethod(TestInvoker.java:686)
at org.testng.internal.invokers.TestInvoker.invokeTestMethod(TestInvoker.java:230)
at org.testng.internal.invokers.MethodRunner.runInSequence(MethodRunner.java:63)
at org.testng.internal.invokers.TestInvoker$MethodInvocationAgent.invoke(TestInvoker.java:992)
at org.testng.internal.invokers.TestInvoker.invokeTestMethods(TestInvoker.java:203)
at org.testng.internal.invokers.TestMethodWorker.invokeTestMethods(TestMethodWorker.java:154)
at org.testng.internal.invokers.TestMethodWorker.run(TestMethodWorker.java:134)
at java.base/java.util.ArrayList.forEach(ArrayList.java:1596)
at org.testng.TestRunner.privateRun(TestRunner.java:739)
at org.testng.TestRunner.run(TestRunner.java:614)
at org.testng.SuiteRunner.runTest(SuiteRunner.java:421)
at org.testng.SuiteRunner.runSequentially(SuiteRunner.java:413)
at org.testng.SuiteRunner.privateRun(SuiteRunner.java:373)
at org.testng.SuiteRunner.run(SuiteRunner.java:312)
at org.testng.SuiteRunnerWorker.runSuite(SuiteRunnerWorker.java:52)
at org.testng.SuiteRunnerWorker.run(SuiteRunnerWorker.java:95)
at org.testng.TestNG.runSuitesSequentially(TestNG.java:1274)
at org.testng.TestNG.runSuitesLocally(TestNG.java:1208)
at org.testng.TestNG.runSuites(TestNG.java:1112)
at org.testng.TestNG.run(TestNG.java:1079)
at com.intellij.rt.testng.IDEARemoteTestNG.run(IDEARemoteTestNG.java:65)
at com.intellij.rt.testng.RemoteTestNGStarter.main(RemoteTestNGStarter.java:105)
]]>
    </failure>
  </testcase> <!-- testInputFieldsWithInvalidData -->
  <testcase classname="tests.testcases.FormFieldValidationTest" name="testInputFieldsWithInvalidData" time="2.528">
    <failure message="Validation failed for Diastolic BP Field expected [Please fill out this field.] but found [Please fill in this field.]" type="java.lang.AssertionError">
      <![CDATA[java.lang.AssertionError: Validation failed for Diastolic BP Field expected [Please fill out this field.] but found [Please fill in this field.]
at org.testng.Assert.fail(Assert.java:111)
at org.testng.Assert.failNotEquals(Assert.java:1578)
at org.testng.Assert.assertEqualsImpl(Assert.java:150)
at org.testng.Assert.assertEquals(Assert.java:132)
at org.testng.Assert.assertEquals(Assert.java:656)
at tests.testcases.FormFieldValidationTest.validateError(FormFieldValidationTest.java:82)
at tests.testcases.FormFieldValidationTest.testInputFieldsWithInvalidData(FormFieldValidationTest.java:69)
at java.base/jdk.internal.reflect.DirectMethodHandleAccessor.invoke(DirectMethodHandleAccessor.java:103)
at java.base/java.lang.reflect.Method.invoke(Method.java:580)
at org.testng.internal.invokers.MethodInvocationHelper.invokeMethod(MethodInvocationHelper.java:141)
at org.testng.internal.invokers.TestInvoker.invokeMethod(TestInvoker.java:686)
at org.testng.internal.invokers.TestInvoker.invokeTestMethod(TestInvoker.java:230)
at org.testng.internal.invokers.MethodRunner.runInSequence(MethodRunner.java:63)
at org.testng.internal.invokers.TestInvoker$MethodInvocationAgent.invoke(TestInvoker.java:992)
at org.testng.internal.invokers.TestInvoker.invokeTestMethods(TestInvoker.java:203)
at org.testng.internal.invokers.TestMethodWorker.invokeTestMethods(TestMethodWorker.java:154)
at org.testng.internal.invokers.TestMethodWorker.run(TestMethodWorker.java:134)
at java.base/java.util.ArrayList.forEach(ArrayList.java:1596)
at org.testng.TestRunner.privateRun(TestRunner.java:739)
at org.testng.TestRunner.run(TestRunner.java:614)
at org.testng.SuiteRunner.runTest(SuiteRunner.java:421)
at org.testng.SuiteRunner.runSequentially(SuiteRunner.java:413)
at org.testng.SuiteRunner.privateRun(SuiteRunner.java:373)
at org.testng.SuiteRunner.run(SuiteRunner.java:312)
at org.testng.SuiteRunnerWorker.runSuite(SuiteRunnerWorker.java:52)
at org.testng.SuiteRunnerWorker.run(SuiteRunnerWorker.java:95)
at org.testng.TestNG.runSuitesSequentially(TestNG.java:1274)
at org.testng.TestNG.runSuitesLocally(TestNG.java:1208)
at org.testng.TestNG.runSuites(TestNG.java:1112)
at org.testng.TestNG.run(TestNG.java:1079)
at com.intellij.rt.testng.IDEARemoteTestNG.run(IDEARemoteTestNG.java:65)
at com.intellij.rt.testng.RemoteTestNGStarter.main(RemoteTestNGStarter.java:105)
]]>
    </failure>
  </testcase> <!-- testInputFieldsWithInvalidData -->
  <testcase classname="tests.testcases.FormFieldValidationTest" name="testInputFieldsWithInvalidData" time="2.590"/>
  <testcase classname="tests.testcases.FormFieldValidationTest" name="testInputFieldsWithInvalidData" time="2.788"/>
  <testcase classname="tests.testcases.FormFieldValidationTest" name="testInputFieldsWithInvalidData" time="2.686"/>
  <testcase classname="tests.testcases.FormFieldValidationTest" name="testInputFieldsWithInvalidData" time="2.316"/>
  <testcase classname="tests.testcases.FormFieldValidationTest" name="testInputFieldsWithInvalidData" time="2.374">
    <failure message="Validation failed for Systolic BP Field expected [Please fill out this field.] but found [Please fill in this field.]" type="java.lang.AssertionError">
      <![CDATA[java.lang.AssertionError: Validation failed for Systolic BP Field expected [Please fill out this field.] but found [Please fill in this field.]
at org.testng.Assert.fail(Assert.java:111)
at org.testng.Assert.failNotEquals(Assert.java:1578)
at org.testng.Assert.assertEqualsImpl(Assert.java:150)
at org.testng.Assert.assertEquals(Assert.java:132)
at org.testng.Assert.assertEquals(Assert.java:656)
at tests.testcases.FormFieldValidationTest.validateError(FormFieldValidationTest.java:82)
at tests.testcases.FormFieldValidationTest.testInputFieldsWithInvalidData(FormFieldValidationTest.java:61)
at java.base/jdk.internal.reflect.DirectMethodHandleAccessor.invoke(DirectMethodHandleAccessor.java:103)
at java.base/java.lang.reflect.Method.invoke(Method.java:580)
at org.testng.internal.invokers.MethodInvocationHelper.invokeMethod(MethodInvocationHelper.java:141)
at org.testng.internal.invokers.TestInvoker.invokeMethod(TestInvoker.java:686)
at org.testng.internal.invokers.TestInvoker.invokeTestMethod(TestInvoker.java:230)
at org.testng.internal.invokers.MethodRunner.runInSequence(MethodRunner.java:63)
at org.testng.internal.invokers.TestInvoker$MethodInvocationAgent.invoke(TestInvoker.java:992)
at org.testng.internal.invokers.TestInvoker.invokeTestMethods(TestInvoker.java:203)
at org.testng.internal.invokers.TestMethodWorker.invokeTestMethods(TestMethodWorker.java:154)
at org.testng.internal.invokers.TestMethodWorker.run(TestMethodWorker.java:134)
at java.base/java.util.ArrayList.forEach(ArrayList.java:1596)
at org.testng.TestRunner.privateRun(TestRunner.java:739)
at org.testng.TestRunner.run(TestRunner.java:614)
at org.testng.SuiteRunner.runTest(SuiteRunner.java:421)
at org.testng.SuiteRunner.runSequentially(SuiteRunner.java:413)
at org.testng.SuiteRunner.privateRun(SuiteRunner.java:373)
at org.testng.SuiteRunner.run(SuiteRunner.java:312)
at org.testng.SuiteRunnerWorker.runSuite(SuiteRunnerWorker.java:52)
at org.testng.SuiteRunnerWorker.run(SuiteRunnerWorker.java:95)
at org.testng.TestNG.runSuitesSequentially(TestNG.java:1274)
at org.testng.TestNG.runSuitesLocally(TestNG.java:1208)
at org.testng.TestNG.runSuites(TestNG.java:1112)
at org.testng.TestNG.run(TestNG.java:1079)
at com.intellij.rt.testng.IDEARemoteTestNG.run(IDEARemoteTestNG.java:65)
at com.intellij.rt.testng.RemoteTestNGStarter.main(RemoteTestNGStarter.java:105)
]]>
    </failure>
  </testcase> <!-- testInputFieldsWithInvalidData -->
  <testcase classname="tests.testcases.FormFieldValidationTest" name="testInputFieldsWithInvalidData" time="2.901"/>
  <testcase classname="tests.testcases.FormFieldValidationTest" name="testInputFieldsWithInvalidData" time="2.671">
    <failure message="Validation failed for Age Field expected [Please fill out this field.] but found [Please fill in this field.]" type="java.lang.AssertionError">
      <![CDATA[java.lang.AssertionError: Validation failed for Age Field expected [Please fill out this field.] but found [Please fill in this field.]
at org.testng.Assert.fail(Assert.java:111)
at org.testng.Assert.failNotEquals(Assert.java:1578)
at org.testng.Assert.assertEqualsImpl(Assert.java:150)
at org.testng.Assert.assertEquals(Assert.java:132)
at org.testng.Assert.assertEquals(Assert.java:656)
at tests.testcases.FormFieldValidationTest.validateError(FormFieldValidationTest.java:82)
at tests.testcases.FormFieldValidationTest.testInputFieldsWithInvalidData(FormFieldValidationTest.java:44)
at java.base/jdk.internal.reflect.DirectMethodHandleAccessor.invoke(DirectMethodHandleAccessor.java:103)
at java.base/java.lang.reflect.Method.invoke(Method.java:580)
at org.testng.internal.invokers.MethodInvocationHelper.invokeMethod(MethodInvocationHelper.java:141)
at org.testng.internal.invokers.TestInvoker.invokeMethod(TestInvoker.java:686)
at org.testng.internal.invokers.TestInvoker.invokeTestMethod(TestInvoker.java:230)
at org.testng.internal.invokers.MethodRunner.runInSequence(MethodRunner.java:63)
at org.testng.internal.invokers.TestInvoker$MethodInvocationAgent.invoke(TestInvoker.java:992)
at org.testng.internal.invokers.TestInvoker.invokeTestMethods(TestInvoker.java:203)
at org.testng.internal.invokers.TestMethodWorker.invokeTestMethods(TestMethodWorker.java:154)
at org.testng.internal.invokers.TestMethodWorker.run(TestMethodWorker.java:134)
at java.base/java.util.ArrayList.forEach(ArrayList.java:1596)
at org.testng.TestRunner.privateRun(TestRunner.java:739)
at org.testng.TestRunner.run(TestRunner.java:614)
at org.testng.SuiteRunner.runTest(SuiteRunner.java:421)
at org.testng.SuiteRunner.runSequentially(SuiteRunner.java:413)
at org.testng.SuiteRunner.privateRun(SuiteRunner.java:373)
at org.testng.SuiteRunner.run(SuiteRunner.java:312)
at org.testng.SuiteRunnerWorker.runSuite(SuiteRunnerWorker.java:52)
at org.testng.SuiteRunnerWorker.run(SuiteRunnerWorker.java:95)
at org.testng.TestNG.runSuitesSequentially(TestNG.java:1274)
at org.testng.TestNG.runSuitesLocally(TestNG.java:1208)
at org.testng.TestNG.runSuites(TestNG.java:1112)
at org.testng.TestNG.run(TestNG.java:1079)
at com.intellij.rt.testng.IDEARemoteTestNG.run(IDEARemoteTestNG.java:65)
at com.intellij.rt.testng.RemoteTestNGStarter.main(RemoteTestNGStarter.java:105)
]]>
    </failure>
  </testcase> <!-- testInputFieldsWithInvalidData -->
  <testcase classname="tests.testcases.FormFieldValidationTest" name="testInputFieldsWithInvalidData" time="2.770"/>
  <testcase classname="tests.testcases.FormFieldValidationTest" name="testInputFieldsWithInvalidData" time="13.837"/>
  <testcase classname="tests.testcases.FormFieldValidationTest" name="testInputFieldsWithInvalidData" time="2.819"/>
  <testcase classname="tests.testcases.FormFieldValidationTest" name="testInputFieldsWithInvalidData" time="2.915">
    <failure message="Unexpected result card displayed for InvalidAge Field" type="java.lang.AssertionError">
      <![CDATA[java.lang.AssertionError: Unexpected result card displayed for InvalidAge Field
at org.testng.Assert.fail(Assert.java:111)
at tests.testcases.FormFieldValidationTest.failAndReset(FormFieldValidationTest.java:77)
at tests.testcases.FormFieldValidationTest.testInputFieldsWithInvalidData(FormFieldValidationTest.java:41)
at java.base/jdk.internal.reflect.DirectMethodHandleAccessor.invoke(DirectMethodHandleAccessor.java:103)
at java.base/java.lang.reflect.Method.invoke(Method.java:580)
at org.testng.internal.invokers.MethodInvocationHelper.invokeMethod(MethodInvocationHelper.java:141)
at org.testng.internal.invokers.TestInvoker.invokeMethod(TestInvoker.java:686)
at org.testng.internal.invokers.TestInvoker.invokeTestMethod(TestInvoker.java:230)
at org.testng.internal.invokers.MethodRunner.runInSequence(MethodRunner.java:63)
at org.testng.internal.invokers.TestInvoker$MethodInvocationAgent.invoke(TestInvoker.java:992)
at org.testng.internal.invokers.TestInvoker.invokeTestMethods(TestInvoker.java:203)
at org.testng.internal.invokers.TestMethodWorker.invokeTestMethods(TestMethodWorker.java:154)
at org.testng.internal.invokers.TestMethodWorker.run(TestMethodWorker.java:134)
at java.base/java.util.ArrayList.forEach(ArrayList.java:1596)
at org.testng.TestRunner.privateRun(TestRunner.java:739)
at org.testng.TestRunner.run(TestRunner.java:614)
at org.testng.SuiteRunner.runTest(SuiteRunner.java:421)
at org.testng.SuiteRunner.runSequentially(SuiteRunner.java:413)
at org.testng.SuiteRunner.privateRun(SuiteRunner.java:373)
at org.testng.SuiteRunner.run(SuiteRunner.java:312)
at org.testng.SuiteRunnerWorker.runSuite(SuiteRunnerWorker.java:52)
at org.testng.SuiteRunnerWorker.run(SuiteRunnerWorker.java:95)
at org.testng.TestNG.runSuitesSequentially(TestNG.java:1274)
at org.testng.TestNG.runSuitesLocally(TestNG.java:1208)
at org.testng.TestNG.runSuites(TestNG.java:1112)
at org.testng.TestNG.run(TestNG.java:1079)
at com.intellij.rt.testng.IDEARemoteTestNG.run(IDEARemoteTestNG.java:65)
at com.intellij.rt.testng.RemoteTestNGStarter.main(RemoteTestNGStarter.java:105)
]]>
    </failure>
  </testcase> <!-- testInputFieldsWithInvalidData -->
  <testcase classname="tests.testcases.FormFieldValidationTest" name="testInputFieldsWithInvalidData" time="2.734"/>
  <testcase classname="tests.testcases.FormFieldValidationTest" name="testInputFieldsWithInvalidData" time="2.750"/>
  <testcase classname="tests.testcases.FormFieldValidationTest" name="testInputFieldsWithInvalidData" time="2.561"/>
</testsuite> <!-- tests.testcases.FormFieldValidationTest -->
