<?xml version="1.0" encoding="UTF-8"?>
<!-- Generated by org.testng.reporters.JUnitReportReporter -->
<testsuite hostname="LTIN675377" failures="0" tests="4" name="tests.ResultUIValidationTest" time="11.094" errors="0" timestamp="2026-01-30T15:33:12 IST" skipped="0">
  <testcase classname="tests.ResultUIValidationTest" name="resultCardUiValidation" time="5.806"/>
  <testcase classname="tests.ResultUIValidationTest" name="resultCardUiValidation" time="4.418"/>
  <testcase classname="tests.ResultUIValidationTest" name="summaryCardUIValidation" time="0.440"/>
  <testcase classname="tests.ResultUIValidationTest" name="summaryCardUIValidation" time="0.430"/>
</testsuite> <!-- tests.ResultUIValidationTest -->
