<?xml version="1.0" encoding="UTF-8"?>
<!-- Generated by org.testng.reporters.JUnitReportReporter -->
<testsuite hostname="LTIN675377" failures="2" tests="52" name="tests.ScoreValidationTest_2" time="178.910" errors="0" timestamp="2026-01-30T15:33:12 IST" skipped="0">
  <testcase classname="tests.ScoreValidationTest_2" name="ScoreValidation" time="3.379"/>
  <testcase classname="tests.ScoreValidationTest_2" name="ScoreValidation" time="3.568"/>
  <testcase classname="tests.ScoreValidationTest_2" name="ScoreValidation" time="2.162"/>
  <testcase classname="tests.ScoreValidationTest_2" name="ScoreValidation" time="3.496"/>
  <testcase classname="tests.ScoreValidationTest_2" name="ScoreValidation" time="3.272"/>
  <testcase classname="tests.ScoreValidationTest_2" name="ScoreValidation" time="2.547"/>
  <testcase classname="tests.ScoreValidationTest_2" name="ScoreValidation" time="2.343"/>
  <testcase classname="tests.ScoreValidationTest_2" name="ScoreValidation" time="5.013"/>
  <testcase classname="tests.ScoreValidationTest_2" name="ScoreValidation" time="3.493"/>
  <testcase classname="tests.ScoreValidationTest_2" name="ScoreValidation" time="3.024"/>
  <testcase classname="tests.ScoreValidationTest_2" name="ScoreValidation" time="2.584"/>
  <testcase classname="tests.ScoreValidationTest_2" name="ScoreValidation" time="2.765"/>
  <testcase classname="tests.ScoreValidationTest_2" name="ScoreValidation" time="4.561"/>
  <testcase classname="tests.ScoreValidationTest_2" name="ScoreValidation" time="3.280"/>
  <testcase classname="tests.ScoreValidationTest_2" name="ScoreValidation" time="2.592"/>
  <testcase classname="tests.ScoreValidationTest_2" name="ScoreValidation" time="4.782"/>
  <testcase classname="tests.ScoreValidationTest_2" name="ScoreValidation" time="2.381"/>
  <testcase classname="tests.ScoreValidationTest_2" name="ScoreValidation" time="2.744"/>
  <testcase classname="tests.ScoreValidationTest_2" name="ScoreValidation" time="3.707"/>
  <testcase classname="tests.ScoreValidationTest_2" name="ScoreValidation" time="2.463"/>
  <testcase classname="tests.ScoreValidationTest_2" name="ScoreValidation" time="3.135"/>
  <testcase classname="tests.ScoreValidationTest_2" name="ScoreValidation" time="2.818"/>
  <testcase classname="tests.ScoreValidationTest_2" name="ScoreValidation" time="2.653"/>
  <testcase classname="tests.ScoreValidationTest_2" name="ScoreValidation" time="2.455"/>
  <testcase classname="tests.ScoreValidationTest_2" name="ScoreValidation" time="2.490"/>
  <testcase classname="tests.ScoreValidationTest_2" name="ScoreValidation" time="5.403"/>
  <testcase classname="tests.ScoreValidationTest_2" name="ScoreValidation" time="3.490"/>
  <testcase classname="tests.ScoreValidationTest_2" name="ScoreValidation" time="3.834"/>
  <testcase classname="tests.ScoreValidationTest_2" name="ScoreValidation" time="2.335"/>
  <testcase classname="tests.ScoreValidationTest_2" name="ScoreValidation" time="2.996"/>
  <testcase classname="tests.ScoreValidationTest_2" name="ScoreValidation" time="2.366"/>
  <testcase classname="tests.ScoreValidationTest_2" name="ScoreValidation" time="4.373"/>
  <testcase classname="tests.ScoreValidationTest_2" name="ScoreValidation" time="2.231"/>
  <testcase classname="tests.ScoreValidationTest_2" name="ScoreValidation" time="2.251"/>
  <testcase classname="tests.ScoreValidationTest_2" name="ScoreValidation" time="4.685"/>
  <testcase classname="tests.ScoreValidationTest_2" name="ScoreValidation" time="2.784"/>
  <testcase classname="tests.ScoreValidationTest_2" name="ScoreValidation" time="5.038"/>
  <testcase classname="tests.ScoreValidationTest_2" name="ScoreValidation" time="3.613"/>
  <testcase classname="tests.ScoreValidationTest_2" name="ScoreValidation" time="3.156"/>
  <testcase classname="tests.ScoreValidationTest_2" name="ScoreValidation" time="2.300"/>
  <testcase classname="tests.ScoreValidationTest_2" name="ScoreValidation" time="0.937"/>
  <testcase classname="tests.ScoreValidationTest_2" name="ScoreValidation" time="2.863"/>
  <testcase classname="tests.ScoreValidationTest_2" name="OverallHealthScoreValidation" time="5.476"/>
  <testcase classname="tests.ScoreValidationTest_2" name="OverallHealthScoreValidation" time="5.112"/>
  <testcase classname="tests.ScoreValidationTest_2" name="OverallHealthScoreValidation" time="4.793"/>
  <testcase classname="tests.ScoreValidationTest_2" name="OverallHealthScoreValidation" time="4.690"/>
  <testcase classname="tests.ScoreValidationTest_2" name="OverallHealthScoreValidation" time="5.319"/>
  <testcase classname="tests.ScoreValidationTest_2" name="OverallHealthScoreValidation" time="3.243">
    <failure message="Test Failed: Unexpected Alert [Values you provided are not ideal. Consult a doctor] appeared for 2" type="java.lang.AssertionError">
      <![CDATA[java.lang.AssertionError: Test Failed: Unexpected Alert [Values you provided are not ideal. Consult a doctor] appeared for 2
at org.testng.Assert.fail(Assert.java:111)
at tests.ScoreValidationTest_2.OverallHealthScoreValidation(ScoreValidationTest_2.java:62)
at java.base/jdk.internal.reflect.DirectMethodHandleAccessor.invoke(DirectMethodHandleAccessor.java:103)
at java.base/java.lang.reflect.Method.invoke(Method.java:580)
at org.testng.internal.invokers.MethodInvocationHelper.invokeMethod(MethodInvocationHelper.java:141)
at org.testng.internal.invokers.TestInvoker.invokeMethod(TestInvoker.java:686)
at org.testng.internal.invokers.TestInvoker.invokeTestMethod(TestInvoker.java:230)
at org.testng.internal.invokers.MethodRunner.runInSequence(MethodRunner.java:63)
at org.testng.internal.invokers.TestInvoker$MethodInvocationAgent.invoke(TestInvoker.java:992)
at org.testng.internal.invokers.TestInvoker.invokeTestMethods(TestInvoker.java:203)
at org.testng.internal.invokers.TestMethodWorker.invokeTestMethods(TestMethodWorker.java:154)
at org.testng.internal.invokers.TestMethodWorker.run(TestMethodWorker.java:134)
at java.base/java.util.ArrayList.forEach(ArrayList.java:1596)
at org.testng.TestRunner.privateRun(TestRunner.java:739)
at org.testng.TestRunner.run(TestRunner.java:614)
at org.testng.SuiteRunner.runTest(SuiteRunner.java:421)
at org.testng.SuiteRunner$SuiteWorker.run(SuiteRunner.java:463)
at org.testng.internal.thread.ThreadUtil.lambda$execute$0(ThreadUtil.java:64)
at java.base/java.util.concurrent.FutureTask.run$$$capture(FutureTask.java:317)
at java.base/java.util.concurrent.FutureTask.run(FutureTask.java)
at --- Async.Stack.Trace --- (captured by IntelliJ IDEA debugger)
at java.base/java.util.concurrent.FutureTask.<init>(FutureTask.java:132)
at java.base/java.util.concurrent.AbstractExecutorService.newTaskFor(AbstractExecutorService.java:113)
at java.base/java.util.concurrent.AbstractExecutorService.invokeAll(AbstractExecutorService.java:274)
at org.testng.internal.thread.ThreadUtil.execute(ThreadUtil.java:70)
at org.testng.SuiteRunner.runInParallelTestMode(SuiteRunner.java:442)
at org.testng.SuiteRunner.privateRun(SuiteRunner.java:371)
at org.testng.SuiteRunner.run(SuiteRunner.java:312)
at org.testng.SuiteRunnerWorker.runSuite(SuiteRunnerWorker.java:52)
at org.testng.SuiteRunnerWorker.run(SuiteRunnerWorker.java:95)
at org.testng.TestNG.runSuitesSequentially(TestNG.java:1274)
at org.testng.TestNG.runSuitesLocally(TestNG.java:1208)
at org.testng.TestNG.runSuites(TestNG.java:1112)
at org.testng.TestNG.run(TestNG.java:1079)
at com.intellij.rt.testng.IDEARemoteTestNG.run(IDEARemoteTestNG.java:65)
at com.intellij.rt.testng.RemoteTestNGStarter.main(RemoteTestNGStarter.java:105)
]]>
    </failure>
  </testcase> <!-- OverallHealthScoreValidation -->
  <testcase classname="tests.ScoreValidationTest_2" name="OverallHealthScoreValidation" time="2.413">
    <failure message="Test Failed: Unexpected Alert [Values you provided are not ideal. Consult a doctor] appeared for 2" type="java.lang.AssertionError">
      <![CDATA[java.lang.AssertionError: Test Failed: Unexpected Alert [Values you provided are not ideal. Consult a doctor] appeared for 2
at org.testng.Assert.fail(Assert.java:111)
at tests.ScoreValidationTest_2.OverallHealthScoreValidation(ScoreValidationTest_2.java:62)
at java.base/jdk.internal.reflect.DirectMethodHandleAccessor.invoke(DirectMethodHandleAccessor.java:103)
at java.base/java.lang.reflect.Method.invoke(Method.java:580)
at org.testng.internal.invokers.MethodInvocationHelper.invokeMethod(MethodInvocationHelper.java:141)
at org.testng.internal.invokers.TestInvoker.invokeMethod(TestInvoker.java:686)
at org.testng.internal.invokers.TestInvoker.invokeTestMethod(TestInvoker.java:230)
at org.testng.internal.invokers.MethodRunner.runInSequence(MethodRunner.java:63)
at org.testng.internal.invokers.TestInvoker$MethodInvocationAgent.invoke(TestInvoker.java:992)
at org.testng.internal.invokers.TestInvoker.invokeTestMethods(TestInvoker.java:203)
at org.testng.internal.invokers.TestMethodWorker.invokeTestMethods(TestMethodWorker.java:154)
at org.testng.internal.invokers.TestMethodWorker.run(TestMethodWorker.java:134)
at java.base/java.util.ArrayList.forEach(ArrayList.java:1596)
at org.testng.TestRunner.privateRun(TestRunner.java:739)
at org.testng.TestRunner.run(TestRunner.java:614)
at org.testng.SuiteRunner.runTest(SuiteRunner.java:421)
at org.testng.SuiteRunner$SuiteWorker.run(SuiteRunner.java:463)
at org.testng.internal.thread.ThreadUtil.lambda$execute$0(ThreadUtil.java:64)
at java.base/java.util.concurrent.FutureTask.run$$$capture(FutureTask.java:317)
at java.base/java.util.concurrent.FutureTask.run(FutureTask.java)
at --- Async.Stack.Trace --- (captured by IntelliJ IDEA debugger)
at java.base/java.util.concurrent.FutureTask.<init>(FutureTask.java:132)
at java.base/java.util.concurrent.AbstractExecutorService.newTaskFor(AbstractExecutorService.java:113)
at java.base/java.util.concurrent.AbstractExecutorService.invokeAll(AbstractExecutorService.java:274)
at org.testng.internal.thread.ThreadUtil.execute(ThreadUtil.java:70)
at org.testng.SuiteRunner.runInParallelTestMode(SuiteRunner.java:442)
at org.testng.SuiteRunner.privateRun(SuiteRunner.java:371)
at org.testng.SuiteRunner.run(SuiteRunner.java:312)
at org.testng.SuiteRunnerWorker.runSuite(SuiteRunnerWorker.java:52)
at org.testng.SuiteRunnerWorker.run(SuiteRunnerWorker.java:95)
at org.testng.TestNG.runSuitesSequentially(TestNG.java:1274)
at org.testng.TestNG.runSuitesLocally(TestNG.java:1208)
at org.testng.TestNG.runSuites(TestNG.java:1112)
at org.testng.TestNG.run(TestNG.java:1079)
at com.intellij.rt.testng.IDEARemoteTestNG.run(IDEARemoteTestNG.java:65)
at com.intellij.rt.testng.RemoteTestNGStarter.main(RemoteTestNGStarter.java:105)
]]>
    </failure>
  </testcase> <!-- OverallHealthScoreValidation -->
  <testcase classname="tests.ScoreValidationTest_2" name="OverallHealthScoreValidation" time="4.725"/>
  <testcase classname="tests.ScoreValidationTest_2" name="OverallHealthScoreValidation" time="4.917"/>
  <testcase classname="tests.ScoreValidationTest_2" name="OverallHealthScoreValidation" time="5.860"/>
</testsuite> <!-- tests.ScoreValidationTest_2 -->
