<?xml version="1.0" encoding="UTF-8"?>
<!-- Generated by org.testng.reporters.JUnitXMLReporter -->
<testsuite ignored="3" hostname="LTIN675377" failures="12" tests="81" name="Execution in Chrome" time="434.296" errors="0" timestamp="2026-01-30T15:33:12 IST">
  <testcase classname="tests.FormUIValidationTest" name="testHeadingAppearance" time="0.887"/>
  <testcase classname="tests.FormFieldValidationTest_2" name="testInputFieldsWithValidData" time="3.646"/>
  <testcase classname="tests.FormFieldValidationTest_2" name="testInputFieldsWithValidData" time="3.466"/>
  <testcase classname="tests.FormFieldValidationTest_2" name="testInputFieldsWithValidData" time="2.741"/>
  <testcase classname="tests.FormFieldValidationTest_2" name="testInputFieldsWithValidData" time="2.103"/>
  <testcase classname="tests.FormFieldValidationTest_2" name="testInputFieldsWithValidData" time="2.72"/>
  <testcase classname="tests.FormFieldValidationTest_2" name="testInputFieldsWithValidData" time="3.121"/>
  <testcase classname="tests.FormFieldValidationTest_2" name="testInputFieldsWithValidData" time="3.39"/>
  <testcase classname="tests.FormFieldValidationTest_2" name="testInputFieldsWithValidData" time="4.521"/>
  <testcase classname="tests.FormFieldValidationTest_2" name="testInputFieldsWithValidData" time="2.263"/>
  <testcase classname="tests.FormFieldValidationTest_2" name="testInputFieldsWithValidData" time="2.307"/>
  <testcase classname="tests.FormFieldValidationTest_2" name="testInputFieldsWithValidData" time="2.143"/>
  <testcase classname="tests.FormFieldValidationTest_2" name="testInputFieldsWithValidData" time="1.912"/>
  <testcase classname="tests.FormFieldValidationTest_2" name="testInputFieldsWithValidData" time="2.025"/>
  <testcase classname="tests.FormFieldValidationTest_2" name="testInputFieldsWithValidData" time="2.305"/>
  <testcase classname="tests.FormFieldValidationTest_2" name="testInputFieldsWithValidData" time="2.623"/>
  <testcase classname="tests.FormFieldValidationTest_2" name="testInputFieldsWithValidData" time="2.369"/>
  <testcase classname="tests.FormFieldValidationTest_2" name="testInputFieldsWithValidData" time="2.251"/>
  <testcase classname="tests.FormFieldValidationTest_2" name="testInputFieldsWithValidData" time="2.315"/>
  <testcase classname="tests.FormFieldValidationTest_2" name="testInputFieldsWithValidData" time="2.292"/>
  <testcase classname="tests.FormFieldValidationTest_2" name="testInputFieldsWithValidData" time="2.403"/>
  <testcase classname="tests.FormFieldValidationTest_2" name="testInputFieldsWithValidData" time="2.439"/>
  <testcase classname="tests.FormFieldValidationTest_2" name="testInputFieldsWithValidData" time="2.641"/>
  <testcase classname="tests.FormFieldValidationTest_2" name="testInputFieldsWithValidData" time="2.491"/>
  <testcase classname="tests.ResultUIValidationTest" name="resultCardUiValidation" time="4.418"/>
  <testcase classname="tests.ScoreValidationTest_2" name="ScoreValidation" time="2.744"/>
  <testcase classname="tests.ScoreValidationTest_2" name="ScoreValidation" time="2.162"/>
  <testcase classname="tests.ScoreValidationTest_2" name="ScoreValidation" time="3.156"/>
  <testcase classname="tests.ScoreValidationTest_2" name="ScoreValidation" time="5.013"/>
  <testcase classname="tests.ScoreValidationTest_2" name="ScoreValidation" time="3.707"/>
  <testcase classname="tests.ScoreValidationTest_2" name="ScoreValidation" time="3.135"/>
  <testcase classname="tests.ScoreValidationTest_2" name="ScoreValidation" time="2.547"/>
  <testcase classname="tests.ScoreValidationTest_2" name="ScoreValidation" time="2.3"/>
  <testcase classname="tests.ScoreValidationTest_2" name="ScoreValidation" time="2.49"/>
  <testcase classname="tests.ScoreValidationTest_2" name="ScoreValidation" time="2.653"/>
  <testcase classname="tests.ScoreValidationTest_2" name="ScoreValidation" time="2.381"/>
  <testcase classname="tests.ScoreValidationTest_2" name="ScoreValidation" time="2.863"/>
  <testcase classname="tests.ScoreValidationTest_2" name="ScoreValidation" time="3.024"/>
  <testcase classname="tests.ScoreValidationTest_2" name="ScoreValidation" time="2.366"/>
  <testcase classname="tests.ScoreValidationTest_2" name="ScoreValidation" time="3.493"/>
  <testcase classname="tests.ScoreValidationTest_2" name="ScoreValidation" time="2.765"/>
  <testcase classname="tests.ScoreValidationTest_2" name="ScoreValidation" time="3.568"/>
  <testcase classname="tests.ScoreValidationTest_2" name="ScoreValidation" time="4.685"/>
  <testcase classname="tests.ScoreValidationTest_2" name="ScoreValidation" time="5.038"/>
  <testcase classname="tests.ScoreValidationTest_2" name="ScoreValidation" time="3.272"/>
  <testcase classname="tests.ScoreValidationTest_2" name="ScoreValidation" time="3.613"/>
  <testcase classname="tests.FormUIValidationTest" name="testInputFieldsPresence" time="3.033"/>
  <testcase classname="tests.FormFieldValidationTest_2" name="testInputFieldsWithInvalidData" time="5.682">
    <failure type="java.lang.AssertionError" message="Validation failed for Name Field expected [Please match the requested format.] but found [Please match the format requested.]">
      <![CDATA[java.lang.AssertionError: Validation failed for Name Field expected [Please match the requested format.] but found [Please match the format requested.]
at tests.FormFieldValidationTest_2.validateError(FormFieldValidationTest_2.java:76)
at tests.FormFieldValidationTest_2.testInputFieldsWithInvalidData(FormFieldValidationTest_2.java:31)
at java.base/java.util.ArrayList.forEach(ArrayList.java:1596)
at java.base/java.util.concurrent.FutureTask.run$$$capture(FutureTask.java:317)
at java.base/java.util.concurrent.FutureTask.run(FutureTask.java)
at --- Async.Stack.Trace --- (captured by IntelliJ IDEA debugger)
at java.base/java.util.concurrent.FutureTask.<init>(FutureTask.java:132)
at java.base/java.util.concurrent.AbstractExecutorService.newTaskFor(AbstractExecutorService.java:113)
at java.base/java.util.concurrent.AbstractExecutorService.invokeAll(AbstractExecutorService.java:274)
at com.intellij.rt.testng.IDEARemoteTestNG.run(IDEARemoteTestNG.java:65)
at com.intellij.rt.testng.RemoteTestNGStarter.main(RemoteTestNGStarter.java:105)
... Removed 30 stack frames]]>
    </failure>
  </testcase> <!-- testInputFieldsWithInvalidData -->
  <testcase classname="tests.FormFieldValidationTest_2" name="testInputFieldsWithInvalidData" time="5.766">
    <failure type="java.lang.AssertionError" message="Validation failed for Name Field expected [Please match the requested format.] but found [Please match the format requested.]">
      <![CDATA[java.lang.AssertionError: Validation failed for Name Field expected [Please match the requested format.] but found [Please match the format requested.]
at tests.FormFieldValidationTest_2.validateError(FormFieldValidationTest_2.java:76)
at tests.FormFieldValidationTest_2.testInputFieldsWithInvalidData(FormFieldValidationTest_2.java:31)
at java.base/java.util.ArrayList.forEach(ArrayList.java:1596)
at java.base/java.util.concurrent.FutureTask.run$$$capture(FutureTask.java:317)
at java.base/java.util.concurrent.FutureTask.run(FutureTask.java)
at --- Async.Stack.Trace --- (captured by IntelliJ IDEA debugger)
at java.base/java.util.concurrent.FutureTask.<init>(FutureTask.java:132)
at java.base/java.util.concurrent.AbstractExecutorService.newTaskFor(AbstractExecutorService.java:113)
at java.base/java.util.concurrent.AbstractExecutorService.invokeAll(AbstractExecutorService.java:274)
at com.intellij.rt.testng.IDEARemoteTestNG.run(IDEARemoteTestNG.java:65)
at com.intellij.rt.testng.RemoteTestNGStarter.main(RemoteTestNGStarter.java:105)
... Removed 30 stack frames]]>
    </failure>
  </testcase> <!-- testInputFieldsWithInvalidData -->
  <testcase classname="tests.FormFieldValidationTest_2" name="testInputFieldsWithInvalidData" time="3.402">
    <failure type="java.lang.AssertionError" message="Validation failed for Name Field expected [Please match the requested format.] but found [Please match the format requested.]">
      <![CDATA[java.lang.AssertionError: Validation failed for Name Field expected [Please match the requested format.] but found [Please match the format requested.]
at tests.FormFieldValidationTest_2.validateError(FormFieldValidationTest_2.java:76)
at tests.FormFieldValidationTest_2.testInputFieldsWithInvalidData(FormFieldValidationTest_2.java:31)
at java.base/java.util.ArrayList.forEach(ArrayList.java:1596)
at java.base/java.util.concurrent.FutureTask.run$$$capture(FutureTask.java:317)
at java.base/java.util.concurrent.FutureTask.run(FutureTask.java)
at --- Async.Stack.Trace --- (captured by IntelliJ IDEA debugger)
at java.base/java.util.concurrent.FutureTask.<init>(FutureTask.java:132)
at java.base/java.util.concurrent.AbstractExecutorService.newTaskFor(AbstractExecutorService.java:113)
at java.base/java.util.concurrent.AbstractExecutorService.invokeAll(AbstractExecutorService.java:274)
at com.intellij.rt.testng.IDEARemoteTestNG.run(IDEARemoteTestNG.java:65)
at com.intellij.rt.testng.RemoteTestNGStarter.main(RemoteTestNGStarter.java:105)
... Removed 30 stack frames]]>
    </failure>
  </testcase> <!-- testInputFieldsWithInvalidData -->
  <testcase classname="tests.FormFieldValidationTest_2" name="testInputFieldsWithInvalidData" time="6.935">
    <failure type="java.lang.AssertionError" message="Unexpected result card displayed for InvalidName Field">
      <![CDATA[java.lang.AssertionError: Unexpected result card displayed for InvalidName Field
at tests.FormFieldValidationTest_2.failAndReset(FormFieldValidationTest_2.java:71)
at tests.FormFieldValidationTest_2.testInputFieldsWithInvalidData(FormFieldValidationTest_2.java:28)
at java.base/java.util.ArrayList.forEach(ArrayList.java:1596)
at java.base/java.util.concurrent.FutureTask.run$$$capture(FutureTask.java:317)
at java.base/java.util.concurrent.FutureTask.run(FutureTask.java)
at --- Async.Stack.Trace --- (captured by IntelliJ IDEA debugger)
at java.base/java.util.concurrent.FutureTask.<init>(FutureTask.java:132)
at java.base/java.util.concurrent.AbstractExecutorService.newTaskFor(AbstractExecutorService.java:113)
at java.base/java.util.concurrent.AbstractExecutorService.invokeAll(AbstractExecutorService.java:274)
at com.intellij.rt.testng.IDEARemoteTestNG.run(IDEARemoteTestNG.java:65)
at com.intellij.rt.testng.RemoteTestNGStarter.main(RemoteTestNGStarter.java:105)
... Removed 26 stack frames]]>
    </failure>
  </testcase> <!-- testInputFieldsWithInvalidData -->
  <testcase classname="tests.FormFieldValidationTest_2" name="testInputFieldsWithInvalidData" time="3.177">
    <failure type="java.lang.AssertionError" message="Validation failed for Name Field expected [Please match the requested format.] but found [Please match the format requested.]">
      <![CDATA[java.lang.AssertionError: Validation failed for Name Field expected [Please match the requested format.] but found [Please match the format requested.]
at tests.FormFieldValidationTest_2.validateError(FormFieldValidationTest_2.java:76)
at tests.FormFieldValidationTest_2.testInputFieldsWithInvalidData(FormFieldValidationTest_2.java:31)
at java.base/java.util.ArrayList.forEach(ArrayList.java:1596)
at java.base/java.util.concurrent.FutureTask.run$$$capture(FutureTask.java:317)
at java.base/java.util.concurrent.FutureTask.run(FutureTask.java)
at --- Async.Stack.Trace --- (captured by IntelliJ IDEA debugger)
at java.base/java.util.concurrent.FutureTask.<init>(FutureTask.java:132)
at java.base/java.util.concurrent.AbstractExecutorService.newTaskFor(AbstractExecutorService.java:113)
at java.base/java.util.concurrent.AbstractExecutorService.invokeAll(AbstractExecutorService.java:274)
at com.intellij.rt.testng.IDEARemoteTestNG.run(IDEARemoteTestNG.java:65)
at com.intellij.rt.testng.RemoteTestNGStarter.main(RemoteTestNGStarter.java:105)
... Removed 30 stack frames]]>
    </failure>
  </testcase> <!-- testInputFieldsWithInvalidData -->
  <testcase classname="tests.FormFieldValidationTest_2" name="testInputFieldsWithInvalidData" time="0.782">
    <failure type="java.lang.AssertionError" message="Validation failed for Name Field expected [Please match the requested format.] but found [Please match the format requested.]">
      <![CDATA[java.lang.AssertionError: Validation failed for Name Field expected [Please match the requested format.] but found [Please match the format requested.]
at tests.FormFieldValidationTest_2.validateError(FormFieldValidationTest_2.java:76)
at tests.FormFieldValidationTest_2.testInputFieldsWithInvalidData(FormFieldValidationTest_2.java:31)
at java.base/java.util.ArrayList.forEach(ArrayList.java:1596)
at java.base/java.util.concurrent.FutureTask.run$$$capture(FutureTask.java:317)
at java.base/java.util.concurrent.FutureTask.run(FutureTask.java)
at --- Async.Stack.Trace --- (captured by IntelliJ IDEA debugger)
at java.base/java.util.concurrent.FutureTask.<init>(FutureTask.java:132)
at java.base/java.util.concurrent.AbstractExecutorService.newTaskFor(AbstractExecutorService.java:113)
at java.base/java.util.concurrent.AbstractExecutorService.invokeAll(AbstractExecutorService.java:274)
at com.intellij.rt.testng.IDEARemoteTestNG.run(IDEARemoteTestNG.java:65)
at com.intellij.rt.testng.RemoteTestNGStarter.main(RemoteTestNGStarter.java:105)
... Removed 30 stack frames]]>
    </failure>
  </testcase> <!-- testInputFieldsWithInvalidData -->
  <testcase classname="tests.FormFieldValidationTest_2" name="testInputFieldsWithInvalidData" time="3.728">
    <failure type="java.lang.AssertionError" message="Validation failed for Name Field expected [Please match the requested format.] but found [Please match the format requested.]">
      <![CDATA[java.lang.AssertionError: Validation failed for Name Field expected [Please match the requested format.] but found [Please match the format requested.]
at tests.FormFieldValidationTest_2.validateError(FormFieldValidationTest_2.java:76)
at tests.FormFieldValidationTest_2.testInputFieldsWithInvalidData(FormFieldValidationTest_2.java:31)
at java.base/java.util.ArrayList.forEach(ArrayList.java:1596)
at java.base/java.util.concurrent.FutureTask.run$$$capture(FutureTask.java:317)
at java.base/java.util.concurrent.FutureTask.run(FutureTask.java)
at --- Async.Stack.Trace --- (captured by IntelliJ IDEA debugger)
at java.base/java.util.concurrent.FutureTask.<init>(FutureTask.java:132)
at java.base/java.util.concurrent.AbstractExecutorService.newTaskFor(AbstractExecutorService.java:113)
at java.base/java.util.concurrent.AbstractExecutorService.invokeAll(AbstractExecutorService.java:274)
at com.intellij.rt.testng.IDEARemoteTestNG.run(IDEARemoteTestNG.java:65)
at com.intellij.rt.testng.RemoteTestNGStarter.main(RemoteTestNGStarter.java:105)
... Removed 30 stack frames]]>
    </failure>
  </testcase> <!-- testInputFieldsWithInvalidData -->
  <testcase classname="tests.FormFieldValidationTest_2" name="testInputFieldsWithInvalidData" time="3.993"/>
  <testcase classname="tests.FormFieldValidationTest_2" name="testInputFieldsWithInvalidData" time="3.063"/>
  <testcase classname="tests.FormFieldValidationTest_2" name="testInputFieldsWithInvalidData" time="0.758"/>
  <testcase classname="tests.FormFieldValidationTest_2" name="testInputFieldsWithInvalidData" time="2.55"/>
  <testcase classname="tests.FormFieldValidationTest_2" name="testInputFieldsWithInvalidData" time="5.03">
    <failure type="java.lang.AssertionError" message="Validation failed for Age Field expected [Please fill out this field.] but found [Please fill in this field.]">
      <![CDATA[java.lang.AssertionError: Validation failed for Age Field expected [Please fill out this field.] but found [Please fill in this field.]
at tests.FormFieldValidationTest_2.validateError(FormFieldValidationTest_2.java:76)
at tests.FormFieldValidationTest_2.testInputFieldsWithInvalidData(FormFieldValidationTest_2.java:39)
at java.base/java.util.ArrayList.forEach(ArrayList.java:1596)
at java.base/java.util.concurrent.FutureTask.run$$$capture(FutureTask.java:317)
at java.base/java.util.concurrent.FutureTask.run(FutureTask.java)
at --- Async.Stack.Trace --- (captured by IntelliJ IDEA debugger)
at java.base/java.util.concurrent.FutureTask.<init>(FutureTask.java:132)
at java.base/java.util.concurrent.AbstractExecutorService.newTaskFor(AbstractExecutorService.java:113)
at java.base/java.util.concurrent.AbstractExecutorService.invokeAll(AbstractExecutorService.java:274)
at com.intellij.rt.testng.IDEARemoteTestNG.run(IDEARemoteTestNG.java:65)
at com.intellij.rt.testng.RemoteTestNGStarter.main(RemoteTestNGStarter.java:105)
... Removed 30 stack frames]]>
    </failure>
  </testcase> <!-- testInputFieldsWithInvalidData -->
  <testcase classname="tests.FormFieldValidationTest_2" name="testInputFieldsWithInvalidData" time="3.815">
    <failure type="java.lang.AssertionError" message="Unexpected result card displayed for InvalidAge Field">
      <![CDATA[java.lang.AssertionError: Unexpected result card displayed for InvalidAge Field
at tests.FormFieldValidationTest_2.failAndReset(FormFieldValidationTest_2.java:71)
at tests.FormFieldValidationTest_2.testInputFieldsWithInvalidData(FormFieldValidationTest_2.java:36)
at java.base/java.util.ArrayList.forEach(ArrayList.java:1596)
at java.base/java.util.concurrent.FutureTask.run$$$capture(FutureTask.java:317)
at java.base/java.util.concurrent.FutureTask.run(FutureTask.java)
at --- Async.Stack.Trace --- (captured by IntelliJ IDEA debugger)
at java.base/java.util.concurrent.FutureTask.<init>(FutureTask.java:132)
at java.base/java.util.concurrent.AbstractExecutorService.newTaskFor(AbstractExecutorService.java:113)
at java.base/java.util.concurrent.AbstractExecutorService.invokeAll(AbstractExecutorService.java:274)
at com.intellij.rt.testng.IDEARemoteTestNG.run(IDEARemoteTestNG.java:65)
at com.intellij.rt.testng.RemoteTestNGStarter.main(RemoteTestNGStarter.java:105)
... Removed 26 stack frames]]>
    </failure>
  </testcase> <!-- testInputFieldsWithInvalidData -->
  <testcase classname="tests.FormFieldValidationTest_2" name="testInputFieldsWithInvalidData" time="12.457"/>
  <testcase classname="tests.FormFieldValidationTest_2" name="testInputFieldsWithInvalidData" time="2.503"/>
  <testcase classname="tests.FormFieldValidationTest_2" name="testInputFieldsWithInvalidData" time="2.517"/>
  <testcase classname="tests.FormFieldValidationTest_2" name="testInputFieldsWithInvalidData" time="2.61"/>
  <testcase classname="tests.FormFieldValidationTest_2" name="testInputFieldsWithInvalidData" time="2.523"/>
  <testcase classname="tests.FormFieldValidationTest_2" name="testInputFieldsWithInvalidData" time="2.567"/>
  <testcase classname="tests.FormFieldValidationTest_2" name="testInputFieldsWithInvalidData" time="2.675"/>
  <testcase classname="tests.FormFieldValidationTest_2" name="testInputFieldsWithInvalidData" time="2.765">
    <failure type="java.lang.AssertionError" message="Validation failed for Systolic BP Field expected [Please fill out this field.] but found [Please fill in this field.]">
      <![CDATA[java.lang.AssertionError: Validation failed for Systolic BP Field expected [Please fill out this field.] but found [Please fill in this field.]
at tests.FormFieldValidationTest_2.validateError(FormFieldValidationTest_2.java:76)
at tests.FormFieldValidationTest_2.testInputFieldsWithInvalidData(FormFieldValidationTest_2.java:56)
at java.base/java.util.ArrayList.forEach(ArrayList.java:1596)
at java.base/java.util.concurrent.FutureTask.run$$$capture(FutureTask.java:317)
at java.base/java.util.concurrent.FutureTask.run(FutureTask.java)
at --- Async.Stack.Trace --- (captured by IntelliJ IDEA debugger)
at java.base/java.util.concurrent.FutureTask.<init>(FutureTask.java:132)
at java.base/java.util.concurrent.AbstractExecutorService.newTaskFor(AbstractExecutorService.java:113)
at java.base/java.util.concurrent.AbstractExecutorService.invokeAll(AbstractExecutorService.java:274)
at com.intellij.rt.testng.IDEARemoteTestNG.run(IDEARemoteTestNG.java:65)
at com.intellij.rt.testng.RemoteTestNGStarter.main(RemoteTestNGStarter.java:105)
... Removed 30 stack frames]]>
    </failure>
  </testcase> <!-- testInputFieldsWithInvalidData -->
  <testcase classname="tests.FormFieldValidationTest_2" name="testInputFieldsWithInvalidData" time="2.841"/>
  <testcase classname="tests.FormFieldValidationTest_2" name="testInputFieldsWithInvalidData" time="2.529"/>
  <testcase classname="tests.FormFieldValidationTest_2" name="testInputFieldsWithInvalidData" time="2.633"/>
  <testcase classname="tests.FormFieldValidationTest_2" name="testInputFieldsWithInvalidData" time="2.802"/>
  <testcase classname="tests.FormFieldValidationTest_2" name="testInputFieldsWithInvalidData" time="3.591"/>
  <testcase classname="tests.FormFieldValidationTest_2" name="testInputFieldsWithInvalidData" time="3.599">
    <failure type="java.lang.AssertionError" message="Validation failed for Diastolic BP Field expected [Please fill out this field.] but found [Please fill in this field.]">
      <![CDATA[java.lang.AssertionError: Validation failed for Diastolic BP Field expected [Please fill out this field.] but found [Please fill in this field.]
at tests.FormFieldValidationTest_2.validateError(FormFieldValidationTest_2.java:76)
at tests.FormFieldValidationTest_2.testInputFieldsWithInvalidData(FormFieldValidationTest_2.java:64)
at java.base/java.util.ArrayList.forEach(ArrayList.java:1596)
at java.base/java.util.concurrent.FutureTask.run$$$capture(FutureTask.java:317)
at java.base/java.util.concurrent.FutureTask.run(FutureTask.java)
at --- Async.Stack.Trace --- (captured by IntelliJ IDEA debugger)
at java.base/java.util.concurrent.FutureTask.<init>(FutureTask.java:132)
at java.base/java.util.concurrent.AbstractExecutorService.newTaskFor(AbstractExecutorService.java:113)
at java.base/java.util.concurrent.AbstractExecutorService.invokeAll(AbstractExecutorService.java:274)
at com.intellij.rt.testng.IDEARemoteTestNG.run(IDEARemoteTestNG.java:65)
at com.intellij.rt.testng.RemoteTestNGStarter.main(RemoteTestNGStarter.java:105)
... Removed 30 stack frames]]>
    </failure>
  </testcase> <!-- testInputFieldsWithInvalidData -->
  <testcase classname="tests.ResultUIValidationTest" name="summaryCardUIValidation" time="0.44"/>
  <testcase classname="tests.ScoreValidationTest_2" name="OverallHealthScoreValidation" time="4.793"/>
  <testcase classname="tests.ScoreValidationTest_2" name="OverallHealthScoreValidation" time="3.243">
    <failure type="java.lang.AssertionError" message="Test Failed: Unexpected Alert [Values you provided are not ideal. Consult a doctor] appeared for 2">
      <![CDATA[java.lang.AssertionError: Test Failed: Unexpected Alert [Values you provided are not ideal. Consult a doctor] appeared for 2
at tests.ScoreValidationTest_2.OverallHealthScoreValidation(ScoreValidationTest_2.java:62)
at java.base/java.util.ArrayList.forEach(ArrayList.java:1596)
at java.base/java.util.concurrent.FutureTask.run$$$capture(FutureTask.java:317)
at java.base/java.util.concurrent.FutureTask.run(FutureTask.java)
at --- Async.Stack.Trace --- (captured by IntelliJ IDEA debugger)
at java.base/java.util.concurrent.FutureTask.<init>(FutureTask.java:132)
at java.base/java.util.concurrent.AbstractExecutorService.newTaskFor(AbstractExecutorService.java:113)
at java.base/java.util.concurrent.AbstractExecutorService.invokeAll(AbstractExecutorService.java:274)
at com.intellij.rt.testng.IDEARemoteTestNG.run(IDEARemoteTestNG.java:65)
at com.intellij.rt.testng.RemoteTestNGStarter.main(RemoteTestNGStarter.java:105)
... Removed 26 stack frames]]>
    </failure>
  </testcase> <!-- OverallHealthScoreValidation -->
  <testcase classname="tests.ScoreValidationTest_2" name="OverallHealthScoreValidation" time="4.917"/>
  <testcase classname="tests.ScoreValidationTest_2" name="OverallHealthScoreValidation" time="5.476"/>
  <testcase classname="tests.ScoreValidationTest_2" name="OverallHealthScoreValidation" time="4.725"/>
  <testcase classname="tests.FormUIValidationTest" name="testFormSubmissionResult" time="2.264"/>
  <testcase classname="base.BaseTest" name="@BeforeSuite beforeSuite" time="0.0">
    <ignored/>
  </testcase> <!-- @BeforeSuite beforeSuite -->
  <testcase classname="base.BaseTest" name="@BeforeSuite beforeSuite" time="0.0">
    <ignored/>
  </testcase> <!-- @BeforeSuite beforeSuite -->
  <testcase classname="base.BaseTest" name="@BeforeSuite beforeSuite" time="0.0">
    <ignored/>
  </testcase> <!-- @BeforeSuite beforeSuite -->
</testsuite> <!-- Execution in Chrome -->
