<?xml version="1.0" encoding="UTF-8"?>
<!-- Generated by org.testng.reporters.JUnitXMLReporter -->
<testsuite ignored="3" hostname="LTIN675377" failures="6" tests="81" name="Execution in Chrome" time="307.588" errors="0" timestamp="2026-01-29T17:38:48 IST">
  <testcase classname="tests.FormUIValidationTest" name="testHeadingAppearance" time="0.777"/>
  <testcase classname="tests.FormUIValidationTest" name="testInputFieldsPresence" time="2.243"/>
  <testcase classname="tests.FormUIValidationTest" name="testFormSubmissionResult" time="2.654"/>
  <testcase classname="tests.FormFieldValidationTest" name="testInputFieldsWithValidData" time="4.077"/>
  <testcase classname="tests.FormFieldValidationTest" name="testInputFieldsWithValidData" time="2.902"/>
  <testcase classname="tests.FormFieldValidationTest" name="testInputFieldsWithValidData" time="3.083"/>
  <testcase classname="tests.FormFieldValidationTest" name="testInputFieldsWithValidData" time="3.457"/>
  <testcase classname="tests.FormFieldValidationTest" name="testInputFieldsWithValidData" time="3.034"/>
  <testcase classname="tests.FormFieldValidationTest" name="testInputFieldsWithValidData" time="2.889"/>
  <testcase classname="tests.FormFieldValidationTest" name="testInputFieldsWithValidData" time="3.136"/>
  <testcase classname="tests.FormFieldValidationTest" name="testInputFieldsWithValidData" time="2.957"/>
  <testcase classname="tests.FormFieldValidationTest" name="testInputFieldsWithValidData" time="2.906"/>
  <testcase classname="tests.FormFieldValidationTest" name="testInputFieldsWithValidData" time="2.792"/>
  <testcase classname="tests.FormFieldValidationTest" name="testInputFieldsWithValidData" time="2.68"/>
  <testcase classname="tests.FormFieldValidationTest" name="testInputFieldsWithValidData" time="2.758"/>
  <testcase classname="tests.FormFieldValidationTest" name="testInputFieldsWithValidData" time="2.732"/>
  <testcase classname="tests.FormFieldValidationTest" name="testInputFieldsWithValidData" time="3.248"/>
  <testcase classname="tests.FormFieldValidationTest" name="testInputFieldsWithValidData" time="2.994"/>
  <testcase classname="tests.FormFieldValidationTest" name="testInputFieldsWithValidData" time="2.796"/>
  <testcase classname="tests.FormFieldValidationTest" name="testInputFieldsWithValidData" time="2.868"/>
  <testcase classname="tests.FormFieldValidationTest" name="testInputFieldsWithValidData" time="3.05"/>
  <testcase classname="tests.FormFieldValidationTest" name="testInputFieldsWithValidData" time="3.135"/>
  <testcase classname="tests.FormFieldValidationTest" name="testInputFieldsWithValidData" time="2.796"/>
  <testcase classname="tests.FormFieldValidationTest" name="testInputFieldsWithValidData" time="3.097"/>
  <testcase classname="tests.FormFieldValidationTest" name="testInputFieldsWithValidData" time="2.679"/>
  <testcase classname="tests.FormFieldValidationTest" name="testInputFieldsWithValidData" time="2.452"/>
  <testcase classname="tests.FormFieldValidationTest" name="testInputFieldsWithInvalidData" time="2.901"/>
  <testcase classname="tests.FormFieldValidationTest" name="testInputFieldsWithInvalidData" time="2.641"/>
  <testcase classname="tests.FormFieldValidationTest" name="testInputFieldsWithInvalidData" time="2.703"/>
  <testcase classname="tests.FormFieldValidationTest" name="testInputFieldsWithInvalidData" time="2.64">
    <failure type="java.lang.AssertionError" message="Unexpected result card displayed for InvalidName Field">
      <![CDATA[java.lang.AssertionError: Unexpected result card displayed for InvalidName Field
at tests.FormFieldValidationTest.failAndReset(FormFieldValidationTest.java:77)
at tests.FormFieldValidationTest.testInputFieldsWithInvalidData(FormFieldValidationTest.java:33)
at java.base/java.util.ArrayList.forEach(ArrayList.java:1596)
at com.intellij.rt.testng.IDEARemoteTestNG.run(IDEARemoteTestNG.java:65)
at com.intellij.rt.testng.RemoteTestNGStarter.main(RemoteTestNGStarter.java:105)
... Removed 23 stack frames]]>
    </failure>
  </testcase> <!-- testInputFieldsWithInvalidData -->
  <testcase classname="tests.FormFieldValidationTest" name="testInputFieldsWithInvalidData" time="2.442"/>
  <testcase classname="tests.FormFieldValidationTest" name="testInputFieldsWithInvalidData" time="2.686"/>
  <testcase classname="tests.FormFieldValidationTest" name="testInputFieldsWithInvalidData" time="2.77"/>
  <testcase classname="tests.FormFieldValidationTest" name="testInputFieldsWithInvalidData" time="2.75"/>
  <testcase classname="tests.FormFieldValidationTest" name="testInputFieldsWithInvalidData" time="2.817"/>
  <testcase classname="tests.FormFieldValidationTest" name="testInputFieldsWithInvalidData" time="2.734"/>
  <testcase classname="tests.FormFieldValidationTest" name="testInputFieldsWithInvalidData" time="2.561"/>
  <testcase classname="tests.FormFieldValidationTest" name="testInputFieldsWithInvalidData" time="2.671">
    <failure type="java.lang.AssertionError" message="Validation failed for Age Field expected [Please fill out this field.] but found [Please fill in this field.]">
      <![CDATA[java.lang.AssertionError: Validation failed for Age Field expected [Please fill out this field.] but found [Please fill in this field.]
at tests.FormFieldValidationTest.validateError(FormFieldValidationTest.java:82)
at tests.FormFieldValidationTest.testInputFieldsWithInvalidData(FormFieldValidationTest.java:44)
at java.base/java.util.ArrayList.forEach(ArrayList.java:1596)
at com.intellij.rt.testng.IDEARemoteTestNG.run(IDEARemoteTestNG.java:65)
at com.intellij.rt.testng.RemoteTestNGStarter.main(RemoteTestNGStarter.java:105)
... Removed 27 stack frames]]>
    </failure>
  </testcase> <!-- testInputFieldsWithInvalidData -->
  <testcase classname="tests.FormFieldValidationTest" name="testInputFieldsWithInvalidData" time="2.915">
    <failure type="java.lang.AssertionError" message="Unexpected result card displayed for InvalidAge Field">
      <![CDATA[java.lang.AssertionError: Unexpected result card displayed for InvalidAge Field
at tests.FormFieldValidationTest.failAndReset(FormFieldValidationTest.java:77)
at tests.FormFieldValidationTest.testInputFieldsWithInvalidData(FormFieldValidationTest.java:41)
at java.base/java.util.ArrayList.forEach(ArrayList.java:1596)
at com.intellij.rt.testng.IDEARemoteTestNG.run(IDEARemoteTestNG.java:65)
at com.intellij.rt.testng.RemoteTestNGStarter.main(RemoteTestNGStarter.java:105)
... Removed 23 stack frames]]>
    </failure>
  </testcase> <!-- testInputFieldsWithInvalidData -->
  <testcase classname="tests.FormFieldValidationTest" name="testInputFieldsWithInvalidData" time="13.837"/>
  <testcase classname="tests.FormFieldValidationTest" name="testInputFieldsWithInvalidData" time="2.59"/>
  <testcase classname="tests.FormFieldValidationTest" name="testInputFieldsWithInvalidData" time="2.624"/>
  <testcase classname="tests.FormFieldValidationTest" name="testInputFieldsWithInvalidData" time="2.819"/>
  <testcase classname="tests.FormFieldValidationTest" name="testInputFieldsWithInvalidData" time="2.533"/>
  <testcase classname="tests.FormFieldValidationTest" name="testInputFieldsWithInvalidData" time="2.598"/>
  <testcase classname="tests.FormFieldValidationTest" name="testInputFieldsWithInvalidData" time="2.351"/>
  <testcase classname="tests.FormFieldValidationTest" name="testInputFieldsWithInvalidData" time="2.374">
    <failure type="java.lang.AssertionError" message="Validation failed for Systolic BP Field expected [Please fill out this field.] but found [Please fill in this field.]">
      <![CDATA[java.lang.AssertionError: Validation failed for Systolic BP Field expected [Please fill out this field.] but found [Please fill in this field.]
at tests.FormFieldValidationTest.validateError(FormFieldValidationTest.java:82)
at tests.FormFieldValidationTest.testInputFieldsWithInvalidData(FormFieldValidationTest.java:61)
at java.base/java.util.ArrayList.forEach(ArrayList.java:1596)
at com.intellij.rt.testng.IDEARemoteTestNG.run(IDEARemoteTestNG.java:65)
at com.intellij.rt.testng.RemoteTestNGStarter.main(RemoteTestNGStarter.java:105)
... Removed 27 stack frames]]>
    </failure>
  </testcase> <!-- testInputFieldsWithInvalidData -->
  <testcase classname="tests.FormFieldValidationTest" name="testInputFieldsWithInvalidData" time="2.316"/>
  <testcase classname="tests.FormFieldValidationTest" name="testInputFieldsWithInvalidData" time="2.788"/>
  <testcase classname="tests.FormFieldValidationTest" name="testInputFieldsWithInvalidData" time="2.465"/>
  <testcase classname="tests.FormFieldValidationTest" name="testInputFieldsWithInvalidData" time="2.234"/>
  <testcase classname="tests.FormFieldValidationTest" name="testInputFieldsWithInvalidData" time="2.491"/>
  <testcase classname="tests.FormFieldValidationTest" name="testInputFieldsWithInvalidData" time="2.528">
    <failure type="java.lang.AssertionError" message="Validation failed for Diastolic BP Field expected [Please fill out this field.] but found [Please fill in this field.]">
      <![CDATA[java.lang.AssertionError: Validation failed for Diastolic BP Field expected [Please fill out this field.] but found [Please fill in this field.]
at tests.FormFieldValidationTest.validateError(FormFieldValidationTest.java:82)
at tests.FormFieldValidationTest.testInputFieldsWithInvalidData(FormFieldValidationTest.java:69)
at java.base/java.util.ArrayList.forEach(ArrayList.java:1596)
at com.intellij.rt.testng.IDEARemoteTestNG.run(IDEARemoteTestNG.java:65)
at com.intellij.rt.testng.RemoteTestNGStarter.main(RemoteTestNGStarter.java:105)
... Removed 27 stack frames]]>
    </failure>
  </testcase> <!-- testInputFieldsWithInvalidData -->
  <testcase classname="tests.ResultUIValidationTest" name="resultCardUiValidation" time="2.394"/>
  <testcase classname="tests.ResultUIValidationTest" name="summaryCardUIValidation" time="0.359"/>
  <testcase classname="tests.ScoreValidationTest" name="ScoreValidation" time="2.739"/>
  <testcase classname="tests.ScoreValidationTest" name="ScoreValidation" time="3.228"/>
  <testcase classname="tests.ScoreValidationTest" name="ScoreValidation" time="2.566"/>
  <testcase classname="tests.ScoreValidationTest" name="ScoreValidation" time="2.656"/>
  <testcase classname="tests.ScoreValidationTest" name="ScoreValidation" time="2.866"/>
  <testcase classname="tests.ScoreValidationTest" name="ScoreValidation" time="3.086"/>
  <testcase classname="tests.ScoreValidationTest" name="ScoreValidation" time="2.415"/>
  <testcase classname="tests.ScoreValidationTest" name="ScoreValidation" time="2.688"/>
  <testcase classname="tests.ScoreValidationTest" name="ScoreValidation" time="2.408"/>
  <testcase classname="tests.ScoreValidationTest" name="ScoreValidation" time="2.828"/>
  <testcase classname="tests.ScoreValidationTest" name="ScoreValidation" time="2.859"/>
  <testcase classname="tests.ScoreValidationTest" name="ScoreValidation" time="2.346"/>
  <testcase classname="tests.ScoreValidationTest" name="ScoreValidation" time="2.531"/>
  <testcase classname="tests.ScoreValidationTest" name="ScoreValidation" time="2.234"/>
  <testcase classname="tests.ScoreValidationTest" name="ScoreValidation" time="2.45"/>
  <testcase classname="tests.ScoreValidationTest" name="ScoreValidation" time="2.359"/>
  <testcase classname="tests.ScoreValidationTest" name="ScoreValidation" time="2.567"/>
  <testcase classname="tests.ScoreValidationTest" name="ScoreValidation" time="2.708"/>
  <testcase classname="tests.ScoreValidationTest" name="ScoreValidation" time="2.412"/>
  <testcase classname="tests.ScoreValidationTest" name="ScoreValidation" time="2.445"/>
  <testcase classname="tests.ScoreValidationTest" name="ScoreValidation" time="2.3"/>
  <testcase classname="tests.ScoreValidationTest" name="OverallHealthScoreValidation" time="5.005"/>
  <testcase classname="tests.ScoreValidationTest" name="OverallHealthScoreValidation" time="2.285">
    <failure type="java.lang.AssertionError" message="Test Failed: Unexpected Alert [Values you provided are not ideal. Consult a doctor] appeared for 2">
      <![CDATA[java.lang.AssertionError: Test Failed: Unexpected Alert [Values you provided are not ideal. Consult a doctor] appeared for 2
at tests.ScoreValidationTest.OverallHealthScoreValidation(ScoreValidationTest.java:64)
at java.base/java.util.ArrayList.forEach(ArrayList.java:1596)
at com.intellij.rt.testng.IDEARemoteTestNG.run(IDEARemoteTestNG.java:65)
at com.intellij.rt.testng.RemoteTestNGStarter.main(RemoteTestNGStarter.java:105)
... Removed 23 stack frames]]>
    </failure>
  </testcase> <!-- OverallHealthScoreValidation -->
  <testcase classname="tests.ScoreValidationTest" name="OverallHealthScoreValidation" time="4.782"/>
  <testcase classname="tests.ScoreValidationTest" name="OverallHealthScoreValidation" time="4.65"/>
  <testcase classname="tests.ScoreValidationTest" name="OverallHealthScoreValidation" time="4.712"/>
  <testcase classname="base.BaseTest" name="@BeforeSuite beforeSuite" time="0.0">
    <ignored/>
  </testcase> <!-- @BeforeSuite beforeSuite -->
  <testcase classname="base.BaseTest" name="@BeforeSuite beforeSuite" time="0.0">
    <ignored/>
  </testcase> <!-- @BeforeSuite beforeSuite -->
  <testcase classname="base.BaseTest" name="@BeforeSuite beforeSuite" time="0.0">
    <ignored/>
  </testcase> <!-- @BeforeSuite beforeSuite -->
</testsuite> <!-- Execution in Chrome -->
