<?xml version="1.0" encoding="UTF-8"?>
<!-- Generated by org.testng.reporters.JUnitXMLReporter -->
<testsuite ignored="3" hostname="LTIN675377" failures="6" tests="81" name="Execution in Edge" time="379.109" errors="0" timestamp="2026-01-30T15:32:19 IST">
  <testcase classname="tests.FormUIValidationTest" name="testHeadingAppearance" time="0.799"/>
  <testcase classname="tests.FormFieldValidationTest_2" name="testInputFieldsWithValidData" time="5.496"/>
  <testcase classname="tests.FormFieldValidationTest_2" name="testInputFieldsWithValidData" time="3.758"/>
  <testcase classname="tests.FormFieldValidationTest_2" name="testInputFieldsWithValidData" time="3.689"/>
  <testcase classname="tests.FormFieldValidationTest_2" name="testInputFieldsWithValidData" time="2.352"/>
  <testcase classname="tests.FormFieldValidationTest_2" name="testInputFieldsWithValidData" time="2.088"/>
  <testcase classname="tests.FormFieldValidationTest_2" name="testInputFieldsWithValidData" time="2.552"/>
  <testcase classname="tests.FormFieldValidationTest_2" name="testInputFieldsWithValidData" time="2.998"/>
  <testcase classname="tests.FormFieldValidationTest_2" name="testInputFieldsWithValidData" time="2.886"/>
  <testcase classname="tests.FormFieldValidationTest_2" name="testInputFieldsWithValidData" time="3.192"/>
  <testcase classname="tests.FormFieldValidationTest_2" name="testInputFieldsWithValidData" time="3.716"/>
  <testcase classname="tests.FormFieldValidationTest_2" name="testInputFieldsWithValidData" time="2.382"/>
  <testcase classname="tests.FormFieldValidationTest_2" name="testInputFieldsWithValidData" time="2.15"/>
  <testcase classname="tests.FormFieldValidationTest_2" name="testInputFieldsWithValidData" time="2.112"/>
  <testcase classname="tests.FormFieldValidationTest_2" name="testInputFieldsWithValidData" time="2.032"/>
  <testcase classname="tests.FormFieldValidationTest_2" name="testInputFieldsWithValidData" time="2.402"/>
  <testcase classname="tests.FormFieldValidationTest_2" name="testInputFieldsWithValidData" time="2.671"/>
  <testcase classname="tests.FormFieldValidationTest_2" name="testInputFieldsWithValidData" time="2.475"/>
  <testcase classname="tests.FormFieldValidationTest_2" name="testInputFieldsWithValidData" time="2.252"/>
  <testcase classname="tests.FormFieldValidationTest_2" name="testInputFieldsWithValidData" time="2.368"/>
  <testcase classname="tests.FormFieldValidationTest_2" name="testInputFieldsWithValidData" time="2.351"/>
  <testcase classname="tests.FormFieldValidationTest_2" name="testInputFieldsWithValidData" time="2.447"/>
  <testcase classname="tests.FormFieldValidationTest_2" name="testInputFieldsWithValidData" time="2.511"/>
  <testcase classname="tests.FormFieldValidationTest_2" name="testInputFieldsWithValidData" time="2.633"/>
  <testcase classname="tests.ResultUIValidationTest" name="resultCardUiValidation" time="5.806"/>
  <testcase classname="tests.ScoreValidationTest_2" name="ScoreValidation" time="5.403"/>
  <testcase classname="tests.ScoreValidationTest_2" name="ScoreValidation" time="2.784"/>
  <testcase classname="tests.ScoreValidationTest_2" name="ScoreValidation" time="3.28"/>
  <testcase classname="tests.ScoreValidationTest_2" name="ScoreValidation" time="2.592"/>
  <testcase classname="tests.ScoreValidationTest_2" name="ScoreValidation" time="3.496"/>
  <testcase classname="tests.ScoreValidationTest_2" name="ScoreValidation" time="0.937"/>
  <testcase classname="tests.ScoreValidationTest_2" name="ScoreValidation" time="2.463"/>
  <testcase classname="tests.ScoreValidationTest_2" name="ScoreValidation" time="3.49"/>
  <testcase classname="tests.ScoreValidationTest_2" name="ScoreValidation" time="2.996"/>
  <testcase classname="tests.ScoreValidationTest_2" name="ScoreValidation" time="4.782"/>
  <testcase classname="tests.ScoreValidationTest_2" name="ScoreValidation" time="4.561"/>
  <testcase classname="tests.ScoreValidationTest_2" name="ScoreValidation" time="2.335"/>
  <testcase classname="tests.ScoreValidationTest_2" name="ScoreValidation" time="2.231"/>
  <testcase classname="tests.ScoreValidationTest_2" name="ScoreValidation" time="2.343"/>
  <testcase classname="tests.ScoreValidationTest_2" name="ScoreValidation" time="4.373"/>
  <testcase classname="tests.ScoreValidationTest_2" name="ScoreValidation" time="3.834"/>
  <testcase classname="tests.ScoreValidationTest_2" name="ScoreValidation" time="3.379"/>
  <testcase classname="tests.ScoreValidationTest_2" name="ScoreValidation" time="2.584"/>
  <testcase classname="tests.ScoreValidationTest_2" name="ScoreValidation" time="2.455"/>
  <testcase classname="tests.ScoreValidationTest_2" name="ScoreValidation" time="2.251"/>
  <testcase classname="tests.ScoreValidationTest_2" name="ScoreValidation" time="2.818"/>
  <testcase classname="tests.FormUIValidationTest" name="testInputFieldsPresence" time="1.541"/>
  <testcase classname="tests.FormFieldValidationTest_2" name="testInputFieldsWithInvalidData" time="2.611"/>
  <testcase classname="tests.FormFieldValidationTest_2" name="testInputFieldsWithInvalidData" time="3.13"/>
  <testcase classname="tests.FormFieldValidationTest_2" name="testInputFieldsWithInvalidData" time="2.644"/>
  <testcase classname="tests.FormFieldValidationTest_2" name="testInputFieldsWithInvalidData" time="2.633">
    <failure type="java.lang.AssertionError" message="Unexpected result card displayed for InvalidName Field">
      <![CDATA[java.lang.AssertionError: Unexpected result card displayed for InvalidName Field
at tests.FormFieldValidationTest_2.failAndReset(FormFieldValidationTest_2.java:71)
at tests.FormFieldValidationTest_2.testInputFieldsWithInvalidData(FormFieldValidationTest_2.java:28)
at java.base/java.util.ArrayList.forEach(ArrayList.java:1596)
at java.base/java.util.concurrent.FutureTask.run$$$capture(FutureTask.java:317)
at java.base/java.util.concurrent.FutureTask.run(FutureTask.java)
at --- Async.Stack.Trace --- (captured by IntelliJ IDEA debugger)
at java.base/java.util.concurrent.FutureTask.<init>(FutureTask.java:132)
at java.base/java.util.concurrent.AbstractExecutorService.newTaskFor(AbstractExecutorService.java:113)
at java.base/java.util.concurrent.AbstractExecutorService.invokeAll(AbstractExecutorService.java:274)
at com.intellij.rt.testng.IDEARemoteTestNG.run(IDEARemoteTestNG.java:65)
at com.intellij.rt.testng.RemoteTestNGStarter.main(RemoteTestNGStarter.java:105)
... Removed 26 stack frames]]>
    </failure>
  </testcase> <!-- testInputFieldsWithInvalidData -->
  <testcase classname="tests.FormFieldValidationTest_2" name="testInputFieldsWithInvalidData" time="5.171"/>
  <testcase classname="tests.FormFieldValidationTest_2" name="testInputFieldsWithInvalidData" time="5.792"/>
  <testcase classname="tests.FormFieldValidationTest_2" name="testInputFieldsWithInvalidData" time="3.451"/>
  <testcase classname="tests.FormFieldValidationTest_2" name="testInputFieldsWithInvalidData" time="4.485"/>
  <testcase classname="tests.FormFieldValidationTest_2" name="testInputFieldsWithInvalidData" time="3.972"/>
  <testcase classname="tests.FormFieldValidationTest_2" name="testInputFieldsWithInvalidData" time="4.905"/>
  <testcase classname="tests.FormFieldValidationTest_2" name="testInputFieldsWithInvalidData" time="4.703"/>
  <testcase classname="tests.FormFieldValidationTest_2" name="testInputFieldsWithInvalidData" time="3.611">
    <failure type="java.lang.AssertionError" message="Validation failed for Age Field expected [Please fill out this field.] but found [Please fill in this field.]">
      <![CDATA[java.lang.AssertionError: Validation failed for Age Field expected [Please fill out this field.] but found [Please fill in this field.]
at tests.FormFieldValidationTest_2.validateError(FormFieldValidationTest_2.java:76)
at tests.FormFieldValidationTest_2.testInputFieldsWithInvalidData(FormFieldValidationTest_2.java:39)
at java.base/java.util.ArrayList.forEach(ArrayList.java:1596)
at java.base/java.util.concurrent.FutureTask.run$$$capture(FutureTask.java:317)
at java.base/java.util.concurrent.FutureTask.run(FutureTask.java)
at --- Async.Stack.Trace --- (captured by IntelliJ IDEA debugger)
at java.base/java.util.concurrent.FutureTask.<init>(FutureTask.java:132)
at java.base/java.util.concurrent.AbstractExecutorService.newTaskFor(AbstractExecutorService.java:113)
at java.base/java.util.concurrent.AbstractExecutorService.invokeAll(AbstractExecutorService.java:274)
at com.intellij.rt.testng.IDEARemoteTestNG.run(IDEARemoteTestNG.java:65)
at com.intellij.rt.testng.RemoteTestNGStarter.main(RemoteTestNGStarter.java:105)
... Removed 30 stack frames]]>
    </failure>
  </testcase> <!-- testInputFieldsWithInvalidData -->
  <testcase classname="tests.FormFieldValidationTest_2" name="testInputFieldsWithInvalidData" time="5.375">
    <failure type="java.lang.AssertionError" message="Unexpected result card displayed for InvalidAge Field">
      <![CDATA[java.lang.AssertionError: Unexpected result card displayed for InvalidAge Field
at tests.FormFieldValidationTest_2.failAndReset(FormFieldValidationTest_2.java:71)
at tests.FormFieldValidationTest_2.testInputFieldsWithInvalidData(FormFieldValidationTest_2.java:36)
at java.base/java.util.ArrayList.forEach(ArrayList.java:1596)
at java.base/java.util.concurrent.FutureTask.run$$$capture(FutureTask.java:317)
at java.base/java.util.concurrent.FutureTask.run(FutureTask.java)
at --- Async.Stack.Trace --- (captured by IntelliJ IDEA debugger)
at java.base/java.util.concurrent.FutureTask.<init>(FutureTask.java:132)
at java.base/java.util.concurrent.AbstractExecutorService.newTaskFor(AbstractExecutorService.java:113)
at java.base/java.util.concurrent.AbstractExecutorService.invokeAll(AbstractExecutorService.java:274)
at com.intellij.rt.testng.IDEARemoteTestNG.run(IDEARemoteTestNG.java:65)
at com.intellij.rt.testng.RemoteTestNGStarter.main(RemoteTestNGStarter.java:105)
... Removed 26 stack frames]]>
    </failure>
  </testcase> <!-- testInputFieldsWithInvalidData -->
  <testcase classname="tests.FormFieldValidationTest_2" name="testInputFieldsWithInvalidData" time="15.344"/>
  <testcase classname="tests.FormFieldValidationTest_2" name="testInputFieldsWithInvalidData" time="3.291"/>
  <testcase classname="tests.FormFieldValidationTest_2" name="testInputFieldsWithInvalidData" time="3.374"/>
  <testcase classname="tests.FormFieldValidationTest_2" name="testInputFieldsWithInvalidData" time="3.032"/>
  <testcase classname="tests.FormFieldValidationTest_2" name="testInputFieldsWithInvalidData" time="0.851"/>
  <testcase classname="tests.FormFieldValidationTest_2" name="testInputFieldsWithInvalidData" time="0.969"/>
  <testcase classname="tests.FormFieldValidationTest_2" name="testInputFieldsWithInvalidData" time="1.009"/>
  <testcase classname="tests.FormFieldValidationTest_2" name="testInputFieldsWithInvalidData" time="2.149">
    <failure type="java.lang.AssertionError" message="Validation failed for Systolic BP Field expected [Please fill out this field.] but found [Please fill in this field.]">
      <![CDATA[java.lang.AssertionError: Validation failed for Systolic BP Field expected [Please fill out this field.] but found [Please fill in this field.]
at tests.FormFieldValidationTest_2.validateError(FormFieldValidationTest_2.java:76)
at tests.FormFieldValidationTest_2.testInputFieldsWithInvalidData(FormFieldValidationTest_2.java:56)
at java.base/java.util.ArrayList.forEach(ArrayList.java:1596)
at java.base/java.util.concurrent.FutureTask.run$$$capture(FutureTask.java:317)
at java.base/java.util.concurrent.FutureTask.run(FutureTask.java)
at --- Async.Stack.Trace --- (captured by IntelliJ IDEA debugger)
at java.base/java.util.concurrent.FutureTask.<init>(FutureTask.java:132)
at java.base/java.util.concurrent.AbstractExecutorService.newTaskFor(AbstractExecutorService.java:113)
at java.base/java.util.concurrent.AbstractExecutorService.invokeAll(AbstractExecutorService.java:274)
at com.intellij.rt.testng.IDEARemoteTestNG.run(IDEARemoteTestNG.java:65)
at com.intellij.rt.testng.RemoteTestNGStarter.main(RemoteTestNGStarter.java:105)
... Removed 30 stack frames]]>
    </failure>
  </testcase> <!-- testInputFieldsWithInvalidData -->
  <testcase classname="tests.FormFieldValidationTest_2" name="testInputFieldsWithInvalidData" time="4.817"/>
  <testcase classname="tests.FormFieldValidationTest_2" name="testInputFieldsWithInvalidData" time="3.977"/>
  <testcase classname="tests.FormFieldValidationTest_2" name="testInputFieldsWithInvalidData" time="3.238"/>
  <testcase classname="tests.FormFieldValidationTest_2" name="testInputFieldsWithInvalidData" time="1.337"/>
  <testcase classname="tests.FormFieldValidationTest_2" name="testInputFieldsWithInvalidData" time="1.397"/>
  <testcase classname="tests.FormFieldValidationTest_2" name="testInputFieldsWithInvalidData" time="4.694">
    <failure type="java.lang.AssertionError" message="Validation failed for Diastolic BP Field expected [Please fill out this field.] but found [Please fill in this field.]">
      <![CDATA[java.lang.AssertionError: Validation failed for Diastolic BP Field expected [Please fill out this field.] but found [Please fill in this field.]
at tests.FormFieldValidationTest_2.validateError(FormFieldValidationTest_2.java:76)
at tests.FormFieldValidationTest_2.testInputFieldsWithInvalidData(FormFieldValidationTest_2.java:64)
at java.base/java.util.ArrayList.forEach(ArrayList.java:1596)
at java.base/java.util.concurrent.FutureTask.run$$$capture(FutureTask.java:317)
at java.base/java.util.concurrent.FutureTask.run(FutureTask.java)
at --- Async.Stack.Trace --- (captured by IntelliJ IDEA debugger)
at java.base/java.util.concurrent.FutureTask.<init>(FutureTask.java:132)
at java.base/java.util.concurrent.AbstractExecutorService.newTaskFor(AbstractExecutorService.java:113)
at java.base/java.util.concurrent.AbstractExecutorService.invokeAll(AbstractExecutorService.java:274)
at com.intellij.rt.testng.IDEARemoteTestNG.run(IDEARemoteTestNG.java:65)
at com.intellij.rt.testng.RemoteTestNGStarter.main(RemoteTestNGStarter.java:105)
... Removed 30 stack frames]]>
    </failure>
  </testcase> <!-- testInputFieldsWithInvalidData -->
  <testcase classname="tests.ResultUIValidationTest" name="summaryCardUIValidation" time="0.43"/>
  <testcase classname="tests.ScoreValidationTest_2" name="OverallHealthScoreValidation" time="4.69"/>
  <testcase classname="tests.ScoreValidationTest_2" name="OverallHealthScoreValidation" time="2.413">
    <failure type="java.lang.AssertionError" message="Test Failed: Unexpected Alert [Values you provided are not ideal. Consult a doctor] appeared for 2">
      <![CDATA[java.lang.AssertionError: Test Failed: Unexpected Alert [Values you provided are not ideal. Consult a doctor] appeared for 2
at tests.ScoreValidationTest_2.OverallHealthScoreValidation(ScoreValidationTest_2.java:62)
at java.base/java.util.ArrayList.forEach(ArrayList.java:1596)
at java.base/java.util.concurrent.FutureTask.run$$$capture(FutureTask.java:317)
at java.base/java.util.concurrent.FutureTask.run(FutureTask.java)
at --- Async.Stack.Trace --- (captured by IntelliJ IDEA debugger)
at java.base/java.util.concurrent.FutureTask.<init>(FutureTask.java:132)
at java.base/java.util.concurrent.AbstractExecutorService.newTaskFor(AbstractExecutorService.java:113)
at java.base/java.util.concurrent.AbstractExecutorService.invokeAll(AbstractExecutorService.java:274)
at com.intellij.rt.testng.IDEARemoteTestNG.run(IDEARemoteTestNG.java:65)
at com.intellij.rt.testng.RemoteTestNGStarter.main(RemoteTestNGStarter.java:105)
... Removed 26 stack frames]]>
    </failure>
  </testcase> <!-- OverallHealthScoreValidation -->
  <testcase classname="tests.ScoreValidationTest_2" name="OverallHealthScoreValidation" time="5.112"/>
  <testcase classname="tests.ScoreValidationTest_2" name="OverallHealthScoreValidation" time="5.86"/>
  <testcase classname="tests.ScoreValidationTest_2" name="OverallHealthScoreValidation" time="5.319"/>
  <testcase classname="tests.FormUIValidationTest" name="testFormSubmissionResult" time="3.235"/>
  <testcase classname="base.BaseTest" name="@BeforeSuite beforeSuite" time="0.0">
    <ignored/>
  </testcase> <!-- @BeforeSuite beforeSuite -->
  <testcase classname="base.BaseTest" name="@BeforeSuite beforeSuite" time="0.0">
    <ignored/>
  </testcase> <!-- @BeforeSuite beforeSuite -->
  <testcase classname="base.BaseTest" name="@BeforeSuite beforeSuite" time="0.0">
    <ignored/>
  </testcase> <!-- @BeforeSuite beforeSuite -->
</testsuite> <!-- Execution in Edge -->
