<html>
<head>
<title>TestNG:  Execution in Chrome</title>
<link href="../testng.css" rel="stylesheet" type="text/css" />
<link href="../my-testng.css" rel="stylesheet" type="text/css" />

<style type="text/css">
.log { display: none;} 
.stack-trace { display: none;} 
</style>
<script type="text/javascript">
<!--
function flip(e) {
  current = e.style.display;
  if (current == 'block') {
    e.style.display = 'none';
    return 0;
  }
  else {
    e.style.display = 'block';
    return 1;
  }
}

function toggleBox(szDivId, elem, msg1, msg2)
{
  var res = -1;  if (document.getElementById) {
    res = flip(document.getElementById(szDivId));
  }
  else if (document.all) {
    // this is the way old msie versions work
    res = flip(document.all[szDivId]);
  }
  if(elem) {
    if(res == 0) elem.innerHTML = msg1; else elem.innerHTML = msg2;
  }

}

function toggleAllBoxes() {
  if (document.getElementsByTagName) {
    d = document.getElementsByTagName('div');
    for (i = 0; i < d.length; i++) {
      if (d[i].className == 'log') {
        flip(d[i]);
      }
    }
  }
}

// -->
</script>

</head>
<body>
<h2 align='center'>Execution in Chrome</h2><table border='1' align="center">
<tr>
<td>Tests passed/Failed/Skipped:</td><td>75/6/0</td>
</tr><tr>
<td>Started on:</td><td>Thu Jan 29 17:33:40 IST 2026</td>
</tr>
<tr><td>Total time:</td><td>307 seconds (307588 ms)</td>
</tr><tr>
<td>Included groups:</td><td></td>
</tr><tr>
<td>Excluded groups:</td><td></td>
</tr>
</table><p/>
<small><i>(Hover the method name to see the test class name)</i></small><p/>
<table width='100%' border='1' class='invocation-failed'>
<tr><td colspan='4' align='center'><b>FAILED TESTS</b></td></tr>
<tr><td><b>Test method</b></td>
<td><b>Attribute(s)</b></td>
<td width="30%"><b>Exception</b></td>
<td width="10%"><b>Time (seconds)</b></td>
<td><b>Instance</b></td>
</tr>
<tr>
<td title='tests.FormFieldValidationTest.testInputFieldsWithInvalidData()'><b>testInputFieldsWithInvalidData</b><br>Test class: tests.FormFieldValidationTest<br>Parameters: Diastolic BP Field-06, Ravi Kumar, 43, 40-49 BPM, 83, , Please fill out this field.</td>
<td><div><pre>java.lang.AssertionError: Validation failed for Diastolic BP Field expected [Please fill out this field.] but found [Please fill in this field.]
	at tests.FormFieldValidationTest.validateError(FormFieldValidationTest.java:82)
	at tests.FormFieldValidationTest.testInputFieldsWithInvalidData(FormFieldValidationTest.java:69)
	at java.base/java.util.ArrayList.forEach(ArrayList.java:1596)
	at com.intellij.rt.testng.IDEARemoteTestNG.run(IDEARemoteTestNG.java:65)
	at com.intellij.rt.testng.RemoteTestNGStarter.main(RemoteTestNGStarter.java:105)
... Removed 27 stack frames</pre></div><a href='#' onClick='toggleBox("stack-trace2134921456", this, "Click to show all stack frames", "Click to hide stack frames")'>Click to show all stack frames</a>
<div class='stack-trace' id='stack-trace2134921456'><pre>java.lang.AssertionError: Validation failed for Diastolic BP Field expected [Please fill out this field.] but found [Please fill in this field.]
	at org.testng.Assert.fail(Assert.java:111)
	at org.testng.Assert.failNotEquals(Assert.java:1578)
	at org.testng.Assert.assertEqualsImpl(Assert.java:150)
	at org.testng.Assert.assertEquals(Assert.java:132)
	at org.testng.Assert.assertEquals(Assert.java:656)
	at tests.FormFieldValidationTest.validateError(FormFieldValidationTest.java:82)
	at tests.FormFieldValidationTest.testInputFieldsWithInvalidData(FormFieldValidationTest.java:69)
	at java.base/jdk.internal.reflect.DirectMethodHandleAccessor.invoke(DirectMethodHandleAccessor.java:103)
	at java.base/java.lang.reflect.Method.invoke(Method.java:580)
	at org.testng.internal.invokers.MethodInvocationHelper.invokeMethod(MethodInvocationHelper.java:141)
	at org.testng.internal.invokers.TestInvoker.invokeMethod(TestInvoker.java:686)
	at org.testng.internal.invokers.TestInvoker.invokeTestMethod(TestInvoker.java:230)
	at org.testng.internal.invokers.MethodRunner.runInSequence(MethodRunner.java:63)
	at org.testng.internal.invokers.TestInvoker$MethodInvocationAgent.invoke(TestInvoker.java:992)
	at org.testng.internal.invokers.TestInvoker.invokeTestMethods(TestInvoker.java:203)
	at org.testng.internal.invokers.TestMethodWorker.invokeTestMethods(TestMethodWorker.java:154)
	at org.testng.internal.invokers.TestMethodWorker.run(TestMethodWorker.java:134)
	at java.base/java.util.ArrayList.forEach(ArrayList.java:1596)
	at org.testng.TestRunner.privateRun(TestRunner.java:739)
	at org.testng.TestRunner.run(TestRunner.java:614)
	at org.testng.SuiteRunner.runTest(SuiteRunner.java:421)
	at org.testng.SuiteRunner.runSequentially(SuiteRunner.java:413)
	at org.testng.SuiteRunner.privateRun(SuiteRunner.java:373)
	at org.testng.SuiteRunner.run(SuiteRunner.java:312)
	at org.testng.SuiteRunnerWorker.runSuite(SuiteRunnerWorker.java:52)
	at org.testng.SuiteRunnerWorker.run(SuiteRunnerWorker.java:95)
	at org.testng.TestNG.runSuitesSequentially(TestNG.java:1274)
	at org.testng.TestNG.runSuitesLocally(TestNG.java:1208)
	at org.testng.TestNG.runSuites(TestNG.java:1112)
	at org.testng.TestNG.run(TestNG.java:1079)
	at com.intellij.rt.testng.IDEARemoteTestNG.run(IDEARemoteTestNG.java:65)
	at com.intellij.rt.testng.RemoteTestNGStarter.main(RemoteTestNGStarter.java:105)
</pre></div></td>
<td>2</td>
<td>tests.FormFieldValidationTest@162be91c</td></tr>
<tr>
<td title='tests.ScoreValidationTest.OverallHealthScoreValidation()'><b>OverallHealthScoreValidation</b><br>Test class: tests.ScoreValidationTest<br>Parameters: 2, Naveen, 76, Above 100, 109, 69, 80, CRITICAL, rgba(197, 202, 48, 1)</td>
<td><div><pre>java.lang.AssertionError: Test Failed: Unexpected Alert [Values you provided are not ideal. Consult a doctor] appeared for 2
	at tests.ScoreValidationTest.OverallHealthScoreValidation(ScoreValidationTest.java:64)
	at java.base/java.util.ArrayList.forEach(ArrayList.java:1596)
	at com.intellij.rt.testng.IDEARemoteTestNG.run(IDEARemoteTestNG.java:65)
	at com.intellij.rt.testng.RemoteTestNGStarter.main(RemoteTestNGStarter.java:105)
... Removed 23 stack frames</pre></div><a href='#' onClick='toggleBox("stack-trace1480518878", this, "Click to show all stack frames", "Click to hide stack frames")'>Click to show all stack frames</a>
<div class='stack-trace' id='stack-trace1480518878'><pre>java.lang.AssertionError: Test Failed: Unexpected Alert [Values you provided are not ideal. Consult a doctor] appeared for 2
	at org.testng.Assert.fail(Assert.java:111)
	at tests.ScoreValidationTest.OverallHealthScoreValidation(ScoreValidationTest.java:64)
	at java.base/jdk.internal.reflect.DirectMethodHandleAccessor.invoke(DirectMethodHandleAccessor.java:103)
	at java.base/java.lang.reflect.Method.invoke(Method.java:580)
	at org.testng.internal.invokers.MethodInvocationHelper.invokeMethod(MethodInvocationHelper.java:141)
	at org.testng.internal.invokers.TestInvoker.invokeMethod(TestInvoker.java:686)
	at org.testng.internal.invokers.TestInvoker.invokeTestMethod(TestInvoker.java:230)
	at org.testng.internal.invokers.MethodRunner.runInSequence(MethodRunner.java:63)
	at org.testng.internal.invokers.TestInvoker$MethodInvocationAgent.invoke(TestInvoker.java:992)
	at org.testng.internal.invokers.TestInvoker.invokeTestMethods(TestInvoker.java:203)
	at org.testng.internal.invokers.TestMethodWorker.invokeTestMethods(TestMethodWorker.java:154)
	at org.testng.internal.invokers.TestMethodWorker.run(TestMethodWorker.java:134)
	at java.base/java.util.ArrayList.forEach(ArrayList.java:1596)
	at org.testng.TestRunner.privateRun(TestRunner.java:739)
	at org.testng.TestRunner.run(TestRunner.java:614)
	at org.testng.SuiteRunner.runTest(SuiteRunner.java:421)
	at org.testng.SuiteRunner.runSequentially(SuiteRunner.java:413)
	at org.testng.SuiteRunner.privateRun(SuiteRunner.java:373)
	at org.testng.SuiteRunner.run(SuiteRunner.java:312)
	at org.testng.SuiteRunnerWorker.runSuite(SuiteRunnerWorker.java:52)
	at org.testng.SuiteRunnerWorker.run(SuiteRunnerWorker.java:95)
	at org.testng.TestNG.runSuitesSequentially(TestNG.java:1274)
	at org.testng.TestNG.runSuitesLocally(TestNG.java:1208)
	at org.testng.TestNG.runSuites(TestNG.java:1112)
	at org.testng.TestNG.run(TestNG.java:1079)
	at com.intellij.rt.testng.IDEARemoteTestNG.run(IDEARemoteTestNG.java:65)
	at com.intellij.rt.testng.RemoteTestNGStarter.main(RemoteTestNGStarter.java:105)
</pre></div></td>
<td>2</td>
<td>tests.ScoreValidationTest@267f474e</td></tr>
<tr>
<td title='tests.FormFieldValidationTest.testInputFieldsWithInvalidData()'><b>testInputFieldsWithInvalidData</b><br>Test class: tests.FormFieldValidationTest<br>Parameters: Systolic BP Field-06, Indu, 37, 60-80 BPM, , 77, Please fill out this field.</td>
<td><div><pre>java.lang.AssertionError: Validation failed for Systolic BP Field expected [Please fill out this field.] but found [Please fill in this field.]
	at tests.FormFieldValidationTest.validateError(FormFieldValidationTest.java:82)
	at tests.FormFieldValidationTest.testInputFieldsWithInvalidData(FormFieldValidationTest.java:61)
	at java.base/java.util.ArrayList.forEach(ArrayList.java:1596)
	at com.intellij.rt.testng.IDEARemoteTestNG.run(IDEARemoteTestNG.java:65)
	at com.intellij.rt.testng.RemoteTestNGStarter.main(RemoteTestNGStarter.java:105)
... Removed 27 stack frames</pre></div><a href='#' onClick='toggleBox("stack-trace1330944262", this, "Click to show all stack frames", "Click to hide stack frames")'>Click to show all stack frames</a>
<div class='stack-trace' id='stack-trace1330944262'><pre>java.lang.AssertionError: Validation failed for Systolic BP Field expected [Please fill out this field.] but found [Please fill in this field.]
	at org.testng.Assert.fail(Assert.java:111)
	at org.testng.Assert.failNotEquals(Assert.java:1578)
	at org.testng.Assert.assertEqualsImpl(Assert.java:150)
	at org.testng.Assert.assertEquals(Assert.java:132)
	at org.testng.Assert.assertEquals(Assert.java:656)
	at tests.FormFieldValidationTest.validateError(FormFieldValidationTest.java:82)
	at tests.FormFieldValidationTest.testInputFieldsWithInvalidData(FormFieldValidationTest.java:61)
	at java.base/jdk.internal.reflect.DirectMethodHandleAccessor.invoke(DirectMethodHandleAccessor.java:103)
	at java.base/java.lang.reflect.Method.invoke(Method.java:580)
	at org.testng.internal.invokers.MethodInvocationHelper.invokeMethod(MethodInvocationHelper.java:141)
	at org.testng.internal.invokers.TestInvoker.invokeMethod(TestInvoker.java:686)
	at org.testng.internal.invokers.TestInvoker.invokeTestMethod(TestInvoker.java:230)
	at org.testng.internal.invokers.MethodRunner.runInSequence(MethodRunner.java:63)
	at org.testng.internal.invokers.TestInvoker$MethodInvocationAgent.invoke(TestInvoker.java:992)
	at org.testng.internal.invokers.TestInvoker.invokeTestMethods(TestInvoker.java:203)
	at org.testng.internal.invokers.TestMethodWorker.invokeTestMethods(TestMethodWorker.java:154)
	at org.testng.internal.invokers.TestMethodWorker.run(TestMethodWorker.java:134)
	at java.base/java.util.ArrayList.forEach(ArrayList.java:1596)
	at org.testng.TestRunner.privateRun(TestRunner.java:739)
	at org.testng.TestRunner.run(TestRunner.java:614)
	at org.testng.SuiteRunner.runTest(SuiteRunner.java:421)
	at org.testng.SuiteRunner.runSequentially(SuiteRunner.java:413)
	at org.testng.SuiteRunner.privateRun(SuiteRunner.java:373)
	at org.testng.SuiteRunner.run(SuiteRunner.java:312)
	at org.testng.SuiteRunnerWorker.runSuite(SuiteRunnerWorker.java:52)
	at org.testng.SuiteRunnerWorker.run(SuiteRunnerWorker.java:95)
	at org.testng.TestNG.runSuitesSequentially(TestNG.java:1274)
	at org.testng.TestNG.runSuitesLocally(TestNG.java:1208)
	at org.testng.TestNG.runSuites(TestNG.java:1112)
	at org.testng.TestNG.run(TestNG.java:1079)
	at com.intellij.rt.testng.IDEARemoteTestNG.run(IDEARemoteTestNG.java:65)
	at com.intellij.rt.testng.RemoteTestNGStarter.main(RemoteTestNGStarter.java:105)
</pre></div></td>
<td>2</td>
<td>tests.FormFieldValidationTest@162be91c</td></tr>
<tr>
<td title='tests.FormFieldValidationTest.testInputFieldsWithInvalidData()'><b>testInputFieldsWithInvalidData</b><br>Test class: tests.FormFieldValidationTest<br>Parameters: Age Field-05, Divya Shankar,  , 60-80 BPM, 95, 68, Please fill out this field.</td>
<td><div><pre>java.lang.AssertionError: Validation failed for Age Field expected [Please fill out this field.] but found [Please fill in this field.]
	at tests.FormFieldValidationTest.validateError(FormFieldValidationTest.java:82)
	at tests.FormFieldValidationTest.testInputFieldsWithInvalidData(FormFieldValidationTest.java:44)
	at java.base/java.util.ArrayList.forEach(ArrayList.java:1596)
	at com.intellij.rt.testng.IDEARemoteTestNG.run(IDEARemoteTestNG.java:65)
	at com.intellij.rt.testng.RemoteTestNGStarter.main(RemoteTestNGStarter.java:105)
... Removed 27 stack frames</pre></div><a href='#' onClick='toggleBox("stack-trace338133631", this, "Click to show all stack frames", "Click to hide stack frames")'>Click to show all stack frames</a>
<div class='stack-trace' id='stack-trace338133631'><pre>java.lang.AssertionError: Validation failed for Age Field expected [Please fill out this field.] but found [Please fill in this field.]
	at org.testng.Assert.fail(Assert.java:111)
	at org.testng.Assert.failNotEquals(Assert.java:1578)
	at org.testng.Assert.assertEqualsImpl(Assert.java:150)
	at org.testng.Assert.assertEquals(Assert.java:132)
	at org.testng.Assert.assertEquals(Assert.java:656)
	at tests.FormFieldValidationTest.validateError(FormFieldValidationTest.java:82)
	at tests.FormFieldValidationTest.testInputFieldsWithInvalidData(FormFieldValidationTest.java:44)
	at java.base/jdk.internal.reflect.DirectMethodHandleAccessor.invoke(DirectMethodHandleAccessor.java:103)
	at java.base/java.lang.reflect.Method.invoke(Method.java:580)
	at org.testng.internal.invokers.MethodInvocationHelper.invokeMethod(MethodInvocationHelper.java:141)
	at org.testng.internal.invokers.TestInvoker.invokeMethod(TestInvoker.java:686)
	at org.testng.internal.invokers.TestInvoker.invokeTestMethod(TestInvoker.java:230)
	at org.testng.internal.invokers.MethodRunner.runInSequence(MethodRunner.java:63)
	at org.testng.internal.invokers.TestInvoker$MethodInvocationAgent.invoke(TestInvoker.java:992)
	at org.testng.internal.invokers.TestInvoker.invokeTestMethods(TestInvoker.java:203)
	at org.testng.internal.invokers.TestMethodWorker.invokeTestMethods(TestMethodWorker.java:154)
	at org.testng.internal.invokers.TestMethodWorker.run(TestMethodWorker.java:134)
	at java.base/java.util.ArrayList.forEach(ArrayList.java:1596)
	at org.testng.TestRunner.privateRun(TestRunner.java:739)
	at org.testng.TestRunner.run(TestRunner.java:614)
	at org.testng.SuiteRunner.runTest(SuiteRunner.java:421)
	at org.testng.SuiteRunner.runSequentially(SuiteRunner.java:413)
	at org.testng.SuiteRunner.privateRun(SuiteRunner.java:373)
	at org.testng.SuiteRunner.run(SuiteRunner.java:312)
	at org.testng.SuiteRunnerWorker.runSuite(SuiteRunnerWorker.java:52)
	at org.testng.SuiteRunnerWorker.run(SuiteRunnerWorker.java:95)
	at org.testng.TestNG.runSuitesSequentially(TestNG.java:1274)
	at org.testng.TestNG.runSuitesLocally(TestNG.java:1208)
	at org.testng.TestNG.runSuites(TestNG.java:1112)
	at org.testng.TestNG.run(TestNG.java:1079)
	at com.intellij.rt.testng.IDEARemoteTestNG.run(IDEARemoteTestNG.java:65)
	at com.intellij.rt.testng.RemoteTestNGStarter.main(RemoteTestNGStarter.java:105)
</pre></div></td>
<td>2</td>
<td>tests.FormFieldValidationTest@162be91c</td></tr>
<tr>
<td title='tests.FormFieldValidationTest.testInputFieldsWithInvalidData()'><b>testInputFieldsWithInvalidData</b><br>Test class: tests.FormFieldValidationTest<br>Parameters: Age Field-06, Bhavani, 999, 81-90 BPM, 103, 68, Value must be less than or equal to 100.</td>
<td><div><pre>java.lang.AssertionError: Unexpected result card displayed for InvalidAge Field
	at tests.FormFieldValidationTest.failAndReset(FormFieldValidationTest.java:77)
	at tests.FormFieldValidationTest.testInputFieldsWithInvalidData(FormFieldValidationTest.java:41)
	at java.base/java.util.ArrayList.forEach(ArrayList.java:1596)
	at com.intellij.rt.testng.IDEARemoteTestNG.run(IDEARemoteTestNG.java:65)
	at com.intellij.rt.testng.RemoteTestNGStarter.main(RemoteTestNGStarter.java:105)
... Removed 23 stack frames</pre></div><a href='#' onClick='toggleBox("stack-trace83503505", this, "Click to show all stack frames", "Click to hide stack frames")'>Click to show all stack frames</a>
<div class='stack-trace' id='stack-trace83503505'><pre>java.lang.AssertionError: Unexpected result card displayed for InvalidAge Field
	at org.testng.Assert.fail(Assert.java:111)
	at tests.FormFieldValidationTest.failAndReset(FormFieldValidationTest.java:77)
	at tests.FormFieldValidationTest.testInputFieldsWithInvalidData(FormFieldValidationTest.java:41)
	at java.base/jdk.internal.reflect.DirectMethodHandleAccessor.invoke(DirectMethodHandleAccessor.java:103)
	at java.base/java.lang.reflect.Method.invoke(Method.java:580)
	at org.testng.internal.invokers.MethodInvocationHelper.invokeMethod(MethodInvocationHelper.java:141)
	at org.testng.internal.invokers.TestInvoker.invokeMethod(TestInvoker.java:686)
	at org.testng.internal.invokers.TestInvoker.invokeTestMethod(TestInvoker.java:230)
	at org.testng.internal.invokers.MethodRunner.runInSequence(MethodRunner.java:63)
	at org.testng.internal.invokers.TestInvoker$MethodInvocationAgent.invoke(TestInvoker.java:992)
	at org.testng.internal.invokers.TestInvoker.invokeTestMethods(TestInvoker.java:203)
	at org.testng.internal.invokers.TestMethodWorker.invokeTestMethods(TestMethodWorker.java:154)
	at org.testng.internal.invokers.TestMethodWorker.run(TestMethodWorker.java:134)
	at java.base/java.util.ArrayList.forEach(ArrayList.java:1596)
	at org.testng.TestRunner.privateRun(TestRunner.java:739)
	at org.testng.TestRunner.run(TestRunner.java:614)
	at org.testng.SuiteRunner.runTest(SuiteRunner.java:421)
	at org.testng.SuiteRunner.runSequentially(SuiteRunner.java:413)
	at org.testng.SuiteRunner.privateRun(SuiteRunner.java:373)
	at org.testng.SuiteRunner.run(SuiteRunner.java:312)
	at org.testng.SuiteRunnerWorker.runSuite(SuiteRunnerWorker.java:52)
	at org.testng.SuiteRunnerWorker.run(SuiteRunnerWorker.java:95)
	at org.testng.TestNG.runSuitesSequentially(TestNG.java:1274)
	at org.testng.TestNG.runSuitesLocally(TestNG.java:1208)
	at org.testng.TestNG.runSuites(TestNG.java:1112)
	at org.testng.TestNG.run(TestNG.java:1079)
	at com.intellij.rt.testng.IDEARemoteTestNG.run(IDEARemoteTestNG.java:65)
	at com.intellij.rt.testng.RemoteTestNGStarter.main(RemoteTestNGStarter.java:105)
</pre></div></td>
<td>2</td>
<td>tests.FormFieldValidationTest@162be91c</td></tr>
<tr>
<td title='tests.FormFieldValidationTest.testInputFieldsWithInvalidData()'><b>testInputFieldsWithInvalidData</b><br>Test class: tests.FormFieldValidationTest<br>Parameters: Name Field-04,     , 56, 91-100 BPM, 102, 65, Please match the requested format.</td>
<td><div><pre>java.lang.AssertionError: Unexpected result card displayed for InvalidName Field
	at tests.FormFieldValidationTest.failAndReset(FormFieldValidationTest.java:77)
	at tests.FormFieldValidationTest.testInputFieldsWithInvalidData(FormFieldValidationTest.java:33)
	at java.base/java.util.ArrayList.forEach(ArrayList.java:1596)
	at com.intellij.rt.testng.IDEARemoteTestNG.run(IDEARemoteTestNG.java:65)
	at com.intellij.rt.testng.RemoteTestNGStarter.main(RemoteTestNGStarter.java:105)
... Removed 23 stack frames</pre></div><a href='#' onClick='toggleBox("stack-trace774515463", this, "Click to show all stack frames", "Click to hide stack frames")'>Click to show all stack frames</a>
<div class='stack-trace' id='stack-trace774515463'><pre>java.lang.AssertionError: Unexpected result card displayed for InvalidName Field
	at org.testng.Assert.fail(Assert.java:111)
	at tests.FormFieldValidationTest.failAndReset(FormFieldValidationTest.java:77)
	at tests.FormFieldValidationTest.testInputFieldsWithInvalidData(FormFieldValidationTest.java:33)
	at java.base/jdk.internal.reflect.DirectMethodHandleAccessor.invoke(DirectMethodHandleAccessor.java:103)
	at java.base/java.lang.reflect.Method.invoke(Method.java:580)
	at org.testng.internal.invokers.MethodInvocationHelper.invokeMethod(MethodInvocationHelper.java:141)
	at org.testng.internal.invokers.TestInvoker.invokeMethod(TestInvoker.java:686)
	at org.testng.internal.invokers.TestInvoker.invokeTestMethod(TestInvoker.java:230)
	at org.testng.internal.invokers.MethodRunner.runInSequence(MethodRunner.java:63)
	at org.testng.internal.invokers.TestInvoker$MethodInvocationAgent.invoke(TestInvoker.java:992)
	at org.testng.internal.invokers.TestInvoker.invokeTestMethods(TestInvoker.java:203)
	at org.testng.internal.invokers.TestMethodWorker.invokeTestMethods(TestMethodWorker.java:154)
	at org.testng.internal.invokers.TestMethodWorker.run(TestMethodWorker.java:134)
	at java.base/java.util.ArrayList.forEach(ArrayList.java:1596)
	at org.testng.TestRunner.privateRun(TestRunner.java:739)
	at org.testng.TestRunner.run(TestRunner.java:614)
	at org.testng.SuiteRunner.runTest(SuiteRunner.java:421)
	at org.testng.SuiteRunner.runSequentially(SuiteRunner.java:413)
	at org.testng.SuiteRunner.privateRun(SuiteRunner.java:373)
	at org.testng.SuiteRunner.run(SuiteRunner.java:312)
	at org.testng.SuiteRunnerWorker.runSuite(SuiteRunnerWorker.java:52)
	at org.testng.SuiteRunnerWorker.run(SuiteRunnerWorker.java:95)
	at org.testng.TestNG.runSuitesSequentially(TestNG.java:1274)
	at org.testng.TestNG.runSuitesLocally(TestNG.java:1208)
	at org.testng.TestNG.runSuites(TestNG.java:1112)
	at org.testng.TestNG.run(TestNG.java:1079)
	at com.intellij.rt.testng.IDEARemoteTestNG.run(IDEARemoteTestNG.java:65)
	at com.intellij.rt.testng.RemoteTestNGStarter.main(RemoteTestNGStarter.java:105)
</pre></div></td>
<td>2</td>
<td>tests.FormFieldValidationTest@162be91c</td></tr>
</table><p>
<table width='100%' border='1' class='invocation-passed'>
<tr><td colspan='4' align='center'><b>PASSED TESTS</b></td></tr>
<tr><td><b>Test method</b></td>
<td><b>Attribute(s)</b></td>
<td width="30%"><b>Exception</b></td>
<td width="10%"><b>Time (seconds)</b></td>
<td><b>Instance</b></td>
</tr>
<tr>
<td title='tests.FormFieldValidationTest.testInputFieldsWithInvalidData()'><b>testInputFieldsWithInvalidData</b><br>Test class: tests.FormFieldValidationTest<br>Parameters: Name Field-02, Ravi_ Kumar , 23, 60-80 BPM, 110, 70, Please match the requested format.</td>
<td></td>
<td>2</td>
<td>tests.FormFieldValidationTest@162be91c</td></tr>
<tr>
<td title='tests.FormFieldValidationTest.testInputFieldsWithInvalidData()'><b>testInputFieldsWithInvalidData</b><br>Test class: tests.FormFieldValidationTest<br>Parameters: Name Field-05, Suresh., 88, Below 40, 80, 50, Please match the requested format.</td>
<td></td>
<td>2</td>
<td>tests.FormFieldValidationTest@162be91c</td></tr>
<tr>
<td title='tests.FormUIValidationTest.testHeadingAppearance()'><b>testHeadingAppearance</b><br>Test class: tests.FormUIValidationTest</td>
<td></td>
<td>0</td>
<td>tests.FormUIValidationTest@34625ccd</td></tr>
<tr>
<td title='tests.FormFieldValidationTest.testInputFieldsWithValidData()'><b>testInputFieldsWithValidData</b><br>Test class: tests.FormFieldValidationTest<br>Parameters: Systolic BP-03, Deepak, 42, 81-90 BPM, 103, 68</td>
<td></td>
<td>3</td>
<td>tests.FormFieldValidationTest@162be91c</td></tr>
<tr>
<td title='tests.FormFieldValidationTest.testInputFieldsWithInvalidData()'><b>testInputFieldsWithInvalidData</b><br>Test class: tests.FormFieldValidationTest<br>Parameters: Diastolic BP Field-03, Teja, 40, 81-90 BPM, 91, 151, Value must be less than or equal to 150.</td>
<td></td>
<td>2</td>
<td>tests.FormFieldValidationTest@162be91c</td></tr>
<tr>
<td title='tests.ResultUIValidationTest.summaryCardUIValidation()'><b>summaryCardUIValidation</b><br>Test class: tests.ResultUIValidationTest</td>
<td></td>
<td>0</td>
<td>tests.ResultUIValidationTest@18f20260</td></tr>
<tr>
<td title='tests.ResultUIValidationTest.resultCardUiValidation()'><b>resultCardUiValidation</b><br>Test class: tests.ResultUIValidationTest</td>
<td></td>
<td>2</td>
<td>tests.ResultUIValidationTest@18f20260</td></tr>
<tr>
<td title='tests.FormFieldValidationTest.testInputFieldsWithInvalidData()'><b>testInputFieldsWithInvalidData</b><br>Test class: tests.FormFieldValidationTest<br>Parameters: Diastolic BP Field-04, Jay, 41, 91-100 BPM, 120, 180, Value must be less than or equal to 150.</td>
<td></td>
<td>2</td>
<td>tests.FormFieldValidationTest@162be91c</td></tr>
<tr>
<td title='tests.ScoreValidationTest.OverallHealthScoreValidation()'><b>OverallHealthScoreValidation</b><br>Test class: tests.ScoreValidationTest<br>Parameters: 5, Bhaskar, 75, Below 40, 80, 50, 37, POOR, rgba(255, 146, 76, 1)</td>
<td></td>
<td>4</td>
<td>tests.ScoreValidationTest@267f474e</td></tr>
<tr>
<td title='tests.FormFieldValidationTest.testInputFieldsWithValidData()'><b>testInputFieldsWithValidData</b><br>Test class: tests.FormFieldValidationTest<br>Parameters: Name Field-06, JOHN DOE, 28, 40-49 BPM, 90, 60</td>
<td></td>
<td>2</td>
<td>tests.FormFieldValidationTest@162be91c</td></tr>
<tr>
<td title='tests.FormFieldValidationTest.testInputFieldsWithInvalidData()'><b>testInputFieldsWithInvalidData</b><br>Test class: tests.FormFieldValidationTest<br>Parameters: Systolic BP Field-01, Meena, 32, 81-90 BPM, 79, 76, Value must be greater than or equal to 80.</td>
<td></td>
<td>2</td>
<td>tests.FormFieldValidationTest@162be91c</td></tr>
<tr>
<td title='tests.FormFieldValidationTest.testInputFieldsWithInvalidData()'><b>testInputFieldsWithInvalidData</b><br>Test class: tests.FormFieldValidationTest<br>Parameters: Systolic BP Field-04, Noor, 35, 50-59 BPM, 150, 56, Value must be less than or equal to 120.</td>
<td></td>
<td>2</td>
<td>tests.FormFieldValidationTest@162be91c</td></tr>
<tr>
<td title='tests.FormUIValidationTest.testFormSubmissionResult()'><b>testFormSubmissionResult</b><br>Test class: tests.FormUIValidationTest</td>
<td></td>
<td>2</td>
<td>tests.FormUIValidationTest@34625ccd</td></tr>
<tr>
<td title='tests.FormFieldValidationTest.testInputFieldsWithInvalidData()'><b>testInputFieldsWithInvalidData</b><br>Test class: tests.FormFieldValidationTest<br>Parameters: Age Field-02, MEENA     LAKSHMI, 15, 81-90 BPM, 116, 84, Value must be greater than or equal to 18.</td>
<td></td>
<td>2</td>
<td>tests.FormFieldValidationTest@162be91c</td></tr>
<tr>
<td title='tests.ScoreValidationTest.ScoreValidation()'><b>ScoreValidation</b><br>Test class: tests.ScoreValidationTest<br>Parameters: Pulse Score-07, Naveen, 25, Above 100, 80, 50, 2</td>
<td></td>
<td>2</td>
<td>tests.ScoreValidationTest@267f474e</td></tr>
<tr>
<td title='tests.FormFieldValidationTest.testInputFieldsWithValidData()'><b>testInputFieldsWithValidData</b><br>Test class: tests.FormFieldValidationTest<br>Parameters: Diastolic BP-03, Teja, 28, 81-90 BPM, 110, 73</td>
<td></td>
<td>2</td>
<td>tests.FormFieldValidationTest@162be91c</td></tr>
<tr>
<td title='tests.FormFieldValidationTest.testInputFieldsWithValidData()'><b>testInputFieldsWithValidData</b><br>Test class: tests.FormFieldValidationTest<br>Parameters: Age Field-03, Divya Shankar, 60, 91-100 BPM, 99, 60</td>
<td></td>
<td>2</td>
<td>tests.FormFieldValidationTest@162be91c</td></tr>
<tr>
<td title='tests.ScoreValidationTest.OverallHealthScoreValidation()'><b>OverallHealthScoreValidation</b><br>Test class: tests.ScoreValidationTest<br>Parameters: 3, Saibabu, 55, 60-80 BPM, 109, 69, 80, GOOD, rgba(197, 202, 48, 1)</td>
<td></td>
<td>4</td>
<td>tests.ScoreValidationTest@267f474e</td></tr>
<tr>
<td title='tests.FormFieldValidationTest.testInputFieldsWithInvalidData()'><b>testInputFieldsWithInvalidData</b><br>Test class: tests.FormFieldValidationTest<br>Parameters: Systolic BP Field-05, Deepak, 36, Above 100, 84.5, 72, Please enter a valid value. The two nearest valid values are 84 and 85.</td>
<td></td>
<td>2</td>
<td>tests.FormFieldValidationTest@162be91c</td></tr>
<tr>
<td title='tests.FormFieldValidationTest.testInputFieldsWithInvalidData()'><b>testInputFieldsWithInvalidData</b><br>Test class: tests.FormFieldValidationTest<br>Parameters: Name Field-03, Mary-Jane , 28, 81-90 BPM, 120, 85, Please match the requested format.</td>
<td></td>
<td>2</td>
<td>tests.FormFieldValidationTest@162be91c</td></tr>
<tr>
<td title='tests.ScoreValidationTest.OverallHealthScoreValidation()'><b>OverallHealthScoreValidation</b><br>Test class: tests.ScoreValidationTest<br>Parameters: 4, Rupesh, 55, 50-59 BPM, 89, 59, 60, AVERAGE, rgba(255, 202, 58, 1)</td>
<td></td>
<td>4</td>
<td>tests.ScoreValidationTest@267f474e</td></tr>
<tr>
<td title='tests.ScoreValidationTest.ScoreValidation()'><b>ScoreValidation</b><br>Test class: tests.ScoreValidationTest<br>Parameters: Age Score-07, Rahul, 76, 60-80 BPM, 120, 80, 3</td>
<td></td>
<td>2</td>
<td>tests.ScoreValidationTest@267f474e</td></tr>
<tr>
<td title='tests.FormFieldValidationTest.testInputFieldsWithValidData()'><b>testInputFieldsWithValidData</b><br>Test class: tests.FormFieldValidationTest<br>Parameters: Pulse Field-02, Meena, 56, 60-80 BPM, 110, 70</td>
<td></td>
<td>3</td>
<td>tests.FormFieldValidationTest@162be91c</td></tr>
<tr>
<td title='tests.FormFieldValidationTest.testInputFieldsWithInvalidData()'><b>testInputFieldsWithInvalidData</b><br>Test class: tests.FormFieldValidationTest<br>Parameters: Systolic BP Field-03, Kavya, 34, 91-100 BPM, 121, 65, Value must be less than or equal to 120.</td>
<td></td>
<td>2</td>
<td>tests.FormFieldValidationTest@162be91c</td></tr>
<tr>
<td title='tests.ScoreValidationTest.ScoreValidation()'><b>ScoreValidation</b><br>Test class: tests.ScoreValidationTest<br>Parameters: Alert, Sai Babu, 18, 81-90 BPM, 120, 100, Provided BP values are not valid. Please Check Once Again</td>
<td></td>
<td>2</td>
<td>tests.ScoreValidationTest@267f474e</td></tr>
<tr>
<td title='tests.ScoreValidationTest.ScoreValidation()'><b>ScoreValidation</b><br>Test class: tests.ScoreValidationTest<br>Parameters: Pulse Score-01, Bhaskar, 25, Below 40, 80, 50, 2</td>
<td></td>
<td>2</td>
<td>tests.ScoreValidationTest@267f474e</td></tr>
<tr>
<td title='tests.FormFieldValidationTest.testInputFieldsWithInvalidData()'><b>testInputFieldsWithInvalidData</b><br>Test class: tests.FormFieldValidationTest<br>Parameters: Diastolic BP Field-05, Balasubramanian, 42, Below 40, 99, 120.7, Please enter a valid value. The two nearest valid values are 120 and 121.</td>
<td></td>
<td>2</td>
<td>tests.FormFieldValidationTest@162be91c</td></tr>
<tr>
<td title='tests.FormFieldValidationTest.testInputFieldsWithValidData()'><b>testInputFieldsWithValidData</b><br>Test class: tests.FormFieldValidationTest<br>Parameters: Diastolic BP-02, Riya, 28, 50-59 BPM, 89, 58</td>
<td></td>
<td>3</td>
<td>tests.FormFieldValidationTest@162be91c</td></tr>
<tr>
<td title='tests.ScoreValidationTest.ScoreValidation()'><b>ScoreValidation</b><br>Test class: tests.ScoreValidationTest<br>Parameters: Age Score-01, Sairam, 18, 60-80 BPM, 120, 80, 10</td>
<td></td>
<td>2</td>
<td>tests.ScoreValidationTest@267f474e</td></tr>
<tr>
<td title='tests.ScoreValidationTest.ScoreValidation()'><b>ScoreValidation</b><br>Test class: tests.ScoreValidationTest<br>Parameters: BP Score-02, Sai Babu, 18, 60-80 BPM, 120, 85, 10</td>
<td></td>
<td>2</td>
<td>tests.ScoreValidationTest@267f474e</td></tr>
<tr>
<td title='tests.FormFieldValidationTest.testInputFieldsWithValidData()'><b>testInputFieldsWithValidData</b><br>Test class: tests.FormFieldValidationTest<br>Parameters: Age Field-02, Ravi Prakash, 19, 81-90 BPM, 116, 84</td>
<td></td>
<td>2</td>
<td>tests.FormFieldValidationTest@162be91c</td></tr>
<tr>
<td title='tests.FormFieldValidationTest.testInputFieldsWithValidData()'><b>testInputFieldsWithValidData</b><br>Test class: tests.FormFieldValidationTest<br>Parameters: Diastolic BP-01, Ajay, 22, Above 100, 80, 50</td>
<td></td>
<td>2</td>
<td>tests.FormFieldValidationTest@162be91c</td></tr>
<tr>
<td title='tests.ScoreValidationTest.ScoreValidation()'><b>ScoreValidation</b><br>Test class: tests.ScoreValidationTest<br>Parameters: Age Score-04, Bhaskar, 55, 60-80 BPM, 120, 80, 7</td>
<td></td>
<td>2</td>
<td>tests.ScoreValidationTest@267f474e</td></tr>
<tr>
<td title='tests.ScoreValidationTest.ScoreValidation()'><b>ScoreValidation</b><br>Test class: tests.ScoreValidationTest<br>Parameters: Pulse Score-04, Naveen, 25, 60-80 BPM, 120, 80, 10</td>
<td></td>
<td>2</td>
<td>tests.ScoreValidationTest@267f474e</td></tr>
<tr>
<td title='tests.FormFieldValidationTest.testInputFieldsWithValidData()'><b>testInputFieldsWithValidData</b><br>Test class: tests.FormFieldValidationTest<br>Parameters: Name Field-02, Ravi Kumar, 18, 60-80 BPM, 110, 70</td>
<td></td>
<td>2</td>
<td>tests.FormFieldValidationTest@162be91c</td></tr>
<tr>
<td title='tests.FormFieldValidationTest.testInputFieldsWithInvalidData()'><b>testInputFieldsWithInvalidData</b><br>Test class: tests.FormFieldValidationTest<br>Parameters: Pulse Field-02, Ravi, 82, Select Pulse Range, 90, 60, Select Pulse Range</td>
<td></td>
<td>2</td>
<td>tests.FormFieldValidationTest@162be91c</td></tr>
<tr>
<td title='tests.ScoreValidationTest.ScoreValidation()'><b>ScoreValidation</b><br>Test class: tests.ScoreValidationTest<br>Parameters: BP Score-05, Sai Babu, 18, 81-90 BPM, 89, 59, 4</td>
<td></td>
<td>2</td>
<td>tests.ScoreValidationTest@267f474e</td></tr>
<tr>
<td title='tests.FormFieldValidationTest.testInputFieldsWithInvalidData()'><b>testInputFieldsWithInvalidData</b><br>Test class: tests.FormFieldValidationTest<br>Parameters: Diastolic BP Field-02, Riya, 39, 60-80 BPM, 108, -1, Value must be greater than or equal to 50.</td>
<td></td>
<td>2</td>
<td>tests.FormFieldValidationTest@162be91c</td></tr>
<tr>
<td title='tests.FormUIValidationTest.testInputFieldsPresence()'><b>testInputFieldsPresence</b><br>Test class: tests.FormUIValidationTest</td>
<td></td>
<td>2</td>
<td>tests.FormUIValidationTest@34625ccd</td></tr>
<tr>
<td title='tests.FormFieldValidationTest.testInputFieldsWithInvalidData()'><b>testInputFieldsWithInvalidData</b><br>Test class: tests.FormFieldValidationTest<br>Parameters: Name Field-06,  Rahul#1 , 31, 40-49 BPM, 90, 60, Please match the requested format.</td>
<td></td>
<td>2</td>
<td>tests.FormFieldValidationTest@162be91c</td></tr>
<tr>
<td title='tests.FormFieldValidationTest.testInputFieldsWithInvalidData()'><b>testInputFieldsWithInvalidData</b><br>Test class: tests.FormFieldValidationTest<br>Parameters: Diastolic BP Field-01, Ajay, 38, 81-90 BPM, 102, 49, Value must be greater than or equal to 50.</td>
<td></td>
<td>2</td>
<td>tests.FormFieldValidationTest@162be91c</td></tr>
<tr>
<td title='tests.ScoreValidationTest.ScoreValidation()'><b>ScoreValidation</b><br>Test class: tests.ScoreValidationTest<br>Parameters: BP Score-04, Saibabu, 18, 60-80 BPM, 109, 69, 7</td>
<td></td>
<td>2</td>
<td>tests.ScoreValidationTest@267f474e</td></tr>
<tr>
<td title='tests.ScoreValidationTest.ScoreValidation()'><b>ScoreValidation</b><br>Test class: tests.ScoreValidationTest<br>Parameters: Pulse Score-05, Naveen, 25, 81-90 BPM, 80, 50, 7</td>
<td></td>
<td>2</td>
<td>tests.ScoreValidationTest@267f474e</td></tr>
<tr>
<td title='tests.FormFieldValidationTest.testInputFieldsWithValidData()'><b>testInputFieldsWithValidData</b><br>Test class: tests.FormFieldValidationTest<br>Parameters: Name Field-05, A, 30, Below 40, 80, 50</td>
<td></td>
<td>3</td>
<td>tests.FormFieldValidationTest@162be91c</td></tr>
<tr>
<td title='tests.FormFieldValidationTest.testInputFieldsWithValidData()'><b>testInputFieldsWithValidData</b><br>Test class: tests.FormFieldValidationTest<br>Parameters: Name Field-03, Ravi     Prakash, 40, 81-90 BPM, 120, 85</td>
<td></td>
<td>3</td>
<td>tests.FormFieldValidationTest@162be91c</td></tr>
<tr>
<td title='tests.ScoreValidationTest.ScoreValidation()'><b>ScoreValidation</b><br>Test class: tests.ScoreValidationTest<br>Parameters: Age Score-03, Naveen, 36, 60-80 BPM, 120, 80, 7</td>
<td></td>
<td>2</td>
<td>tests.ScoreValidationTest@267f474e</td></tr>
<tr>
<td title='tests.FormFieldValidationTest.testInputFieldsWithValidData()'><b>testInputFieldsWithValidData</b><br>Test class: tests.FormFieldValidationTest<br>Parameters: Systolic BP-02, Noor, 31, 60-80 BPM, 95, 68</td>
<td></td>
<td>2</td>
<td>tests.FormFieldValidationTest@162be91c</td></tr>
<tr>
<td title='tests.FormFieldValidationTest.testInputFieldsWithValidData()'><b>testInputFieldsWithValidData</b><br>Test class: tests.FormFieldValidationTest<br>Parameters: Age Field-04, Bhavani, 75, 50-59 BPM, 110, 72</td>
<td></td>
<td>2</td>
<td>tests.FormFieldValidationTest@162be91c</td></tr>
<tr>
<td title='tests.ScoreValidationTest.ScoreValidation()'><b>ScoreValidation</b><br>Test class: tests.ScoreValidationTest<br>Parameters: BP Score-03, Sai Babu, 18, 60-80 BPM, 90, 60, 7</td>
<td></td>
<td>2</td>
<td>tests.ScoreValidationTest@267f474e</td></tr>
<tr>
<td title='tests.FormFieldValidationTest.testInputFieldsWithInvalidData()'><b>testInputFieldsWithInvalidData</b><br>Test class: tests.FormFieldValidationTest<br>Parameters: Name Field-01, John123, 44, 50-59 BPM, 120, 80, Please match the requested format.</td>
<td></td>
<td>2</td>
<td>tests.FormFieldValidationTest@162be91c</td></tr>
<tr>
<td title='tests.ScoreValidationTest.ScoreValidation()'><b>ScoreValidation</b><br>Test class: tests.ScoreValidationTest<br>Parameters: Pulse Score-02, Naveen, 25, 40-49 BPM, 80, 50, 4</td>
<td></td>
<td>2</td>
<td>tests.ScoreValidationTest@267f474e</td></tr>
<tr>
<td title='tests.FormFieldValidationTest.testInputFieldsWithInvalidData()'><b>testInputFieldsWithInvalidData</b><br>Test class: tests.FormFieldValidationTest<br>Parameters: Name Field-07, Priya! Devi, 52, Above 100, 80, 50, Please match the requested format.</td>
<td></td>
<td>2</td>
<td>tests.FormFieldValidationTest@162be91c</td></tr>
<tr>
<td title='tests.FormFieldValidationTest.testInputFieldsWithValidData()'><b>testInputFieldsWithValidData</b><br>Test class: tests.FormFieldValidationTest<br>Parameters: Systolic BP-01, Kavya, 59, Above 100, 80, 50</td>
<td></td>
<td>2</td>
<td>tests.FormFieldValidationTest@162be91c</td></tr>
<tr>
<td title='tests.ScoreValidationTest.ScoreValidation()'><b>ScoreValidation</b><br>Test class: tests.ScoreValidationTest<br>Parameters: Pulse Score-06, Naveen, 25, 91-100 BPM, 80, 50, 4</td>
<td></td>
<td>2</td>
<td>tests.ScoreValidationTest@267f474e</td></tr>
<tr>
<td title='tests.FormFieldValidationTest.testInputFieldsWithValidData()'><b>testInputFieldsWithValidData</b><br>Test class: tests.FormFieldValidationTest<br>Parameters: Pulse Field-01, Ravi, 35, Below 40, 80, 50</td>
<td></td>
<td>2</td>
<td>tests.FormFieldValidationTest@162be91c</td></tr>
<tr>
<td title='tests.FormFieldValidationTest.testInputFieldsWithInvalidData()'><b>testInputFieldsWithInvalidData</b><br>Test class: tests.FormFieldValidationTest<br>Parameters: Pulse Field-01, Sita, 67, , 120, 80, Select Pulse Range</td>
<td></td>
<td>13</td>
<td>tests.FormFieldValidationTest@162be91c</td></tr>
<tr>
<td title='tests.FormFieldValidationTest.testInputFieldsWithValidData()'><b>testInputFieldsWithValidData</b><br>Test class: tests.FormFieldValidationTest<br>Parameters: Pulse Field-03, Arjun, 22, Above 100, 80, 50</td>
<td></td>
<td>2</td>
<td>tests.FormFieldValidationTest@162be91c</td></tr>
<tr>
<td title='tests.ScoreValidationTest.ScoreValidation()'><b>ScoreValidation</b><br>Test class: tests.ScoreValidationTest<br>Parameters: BP Score-06, Sai Babu, 18, 81-90 BPM, 80, 50, 4</td>
<td></td>
<td>2</td>
<td>tests.ScoreValidationTest@267f474e</td></tr>
<tr>
<td title='tests.FormFieldValidationTest.testInputFieldsWithInvalidData()'><b>testInputFieldsWithInvalidData</b><br>Test class: tests.FormFieldValidationTest<br>Parameters: Systolic BP Field-02, Arjun, 33, Below 40, 0, 82, Value must be greater than or equal to 80.</td>
<td></td>
<td>2</td>
<td>tests.FormFieldValidationTest@162be91c</td></tr>
<tr>
<td title='tests.ScoreValidationTest.ScoreValidation()'><b>ScoreValidation</b><br>Test class: tests.ScoreValidationTest<br>Parameters: Age Score-02, Rupesh, 35, 60-80 BPM, 120, 80, 10</td>
<td></td>
<td>3</td>
<td>tests.ScoreValidationTest@267f474e</td></tr>
<tr>
<td title='tests.FormFieldValidationTest.testInputFieldsWithValidData()'><b>testInputFieldsWithValidData</b><br>Test class: tests.FormFieldValidationTest<br>Parameters: Diastolic BP-04, Jay, 28, 60-80 BPM, 117, 85</td>
<td></td>
<td>2</td>
<td>tests.FormFieldValidationTest@162be91c</td></tr>
<tr>
<td title='tests.FormFieldValidationTest.testInputFieldsWithValidData()'><b>testInputFieldsWithValidData</b><br>Test class: tests.FormFieldValidationTest<br>Parameters: Name Field-01, John, 25, 50-59 BPM, 120, 80</td>
<td></td>
<td>4</td>
<td>tests.FormFieldValidationTest@162be91c</td></tr>
<tr>
<td title='tests.ScoreValidationTest.ScoreValidation()'><b>ScoreValidation</b><br>Test class: tests.ScoreValidationTest<br>Parameters: Age Score-05, Chaitanya, 56, 60-80 BPM, 120, 80, 5</td>
<td></td>
<td>2</td>
<td>tests.ScoreValidationTest@267f474e</td></tr>
<tr>
<td title='tests.ScoreValidationTest.ScoreValidation()'><b>ScoreValidation</b><br>Test class: tests.ScoreValidationTest<br>Parameters: BP Score-01, Sai Babu, 18, 60-80 BPM, 110, 70, 10</td>
<td></td>
<td>2</td>
<td>tests.ScoreValidationTest@267f474e</td></tr>
<tr>
<td title='tests.FormFieldValidationTest.testInputFieldsWithValidData()'><b>testInputFieldsWithValidData</b><br>Test class: tests.FormFieldValidationTest<br>Parameters: Name Field-04, Balasubramanian, 29, 91-100 BPM, 102, 65</td>
<td></td>
<td>3</td>
<td>tests.FormFieldValidationTest@162be91c</td></tr>
<tr>
<td title='tests.FormFieldValidationTest.testInputFieldsWithInvalidData()'><b>testInputFieldsWithInvalidData</b><br>Test class: tests.FormFieldValidationTest<br>Parameters: Age Field-03, Chandrasekharan, -10, Above 100, 80, 50, Value must be greater than or equal to 18.</td>
<td></td>
<td>2</td>
<td>tests.FormFieldValidationTest@162be91c</td></tr>
<tr>
<td title='tests.FormFieldValidationTest.testInputFieldsWithValidData()'><b>testInputFieldsWithValidData</b><br>Test class: tests.FormFieldValidationTest<br>Parameters: Age Field-05, Sita, 99, 40-49 BPM, 87, 56</td>
<td></td>
<td>2</td>
<td>tests.FormFieldValidationTest@162be91c</td></tr>
<tr>
<td title='tests.FormFieldValidationTest.testInputFieldsWithInvalidData()'><b>testInputFieldsWithInvalidData</b><br>Test class: tests.FormFieldValidationTest<br>Parameters: Age Field-01, JOHN DOE, 0, 60-80 BPM, 105, 68, Value must be greater than or equal to 18.</td>
<td></td>
<td>2</td>
<td>tests.FormFieldValidationTest@162be91c</td></tr>
<tr>
<td title='tests.FormFieldValidationTest.testInputFieldsWithInvalidData()'><b>testInputFieldsWithInvalidData</b><br>Test class: tests.FormFieldValidationTest<br>Parameters: Age Field-04, Ravi Prakash, 17.5, Above 100, 80, 50, Value must be greater than or equal to 18.</td>
<td></td>
<td>2</td>
<td>tests.FormFieldValidationTest@162be91c</td></tr>
<tr>
<td title='tests.FormFieldValidationTest.testInputFieldsWithValidData()'><b>testInputFieldsWithValidData</b><br>Test class: tests.FormFieldValidationTest<br>Parameters: Systolic BP-04, Indu, 55, 50-59 BPM, 120, 80</td>
<td></td>
<td>3</td>
<td>tests.FormFieldValidationTest@162be91c</td></tr>
<tr>
<td title='tests.ScoreValidationTest.ScoreValidation()'><b>ScoreValidation</b><br>Test class: tests.ScoreValidationTest<br>Parameters: Pulse Score-03, Naveen, 25, 50-59 BPM, 80, 50, 7</td>
<td></td>
<td>2</td>
<td>tests.ScoreValidationTest@267f474e</td></tr>
<tr>
<td title='tests.ScoreValidationTest.OverallHealthScoreValidation()'><b>OverallHealthScoreValidation</b><br>Test class: tests.ScoreValidationTest<br>Parameters: 1, Sairam, 25, 81-90 BPM, 120, 80, 90, EXCELLENT, rgba(138, 201, 38, 1)</td>
<td></td>
<td>5</td>
<td>tests.ScoreValidationTest@267f474e</td></tr>
<tr>
<td title='tests.ScoreValidationTest.ScoreValidation()'><b>ScoreValidation</b><br>Test class: tests.ScoreValidationTest<br>Parameters: Age Score-06, Sai Babu, 75, 60-80 BPM, 120, 80, 5</td>
<td></td>
<td>3</td>
<td>tests.ScoreValidationTest@267f474e</td></tr>
<tr>
<td title='tests.FormFieldValidationTest.testInputFieldsWithValidData()'><b>testInputFieldsWithValidData</b><br>Test class: tests.FormFieldValidationTest<br>Parameters: Name Field-07, MEENA     LAKSHMI, 33, Above 100, 80, 50</td>
<td></td>
<td>3</td>
<td>tests.FormFieldValidationTest@162be91c</td></tr>
<tr>
<td title='tests.FormFieldValidationTest.testInputFieldsWithValidData()'><b>testInputFieldsWithValidData</b><br>Test class: tests.FormFieldValidationTest<br>Parameters: Age Field-01, Chandrasekharan, 18, 60-80 BPM, 105, 68</td>
<td></td>
<td>2</td>
<td>tests.FormFieldValidationTest@162be91c</td></tr>
</table><p>
</body>
</html>